[2023-09-11 14:48:49.554] [info] Loaded model model from file /home/itbellix/Desktop/GitHub/opensimAD_fork/examples/simple_pendulum.osim
[2023-09-11 14:51:55.181] [info] Loaded model model from file /home/itbellix/Desktop/GitHub/opensimAD_fork/examples/simple_pendulum.osim
[2023-09-11 15:22:09.860] [info] Loaded model model from file /home/itbellix/Desktop/GitHub/opensimAD_fork/examples/simple_pendulum.osim
[2023-09-11 15:22:34.023] [info] Loaded model model from file /home/itbellix/Desktop/GitHub/opensimAD_fork/examples/simple_pendulum.osim
[2023-09-11 15:23:34.032] [info] Loaded model model from file /home/itbellix/Desktop/GitHub/opensimAD_fork/examples/simple_pendulum.osim
[2023-09-11 15:27:27.222] [info] Loaded model model from file /home/itbellix/Desktop/GitHub/opensimAD_fork/examples/simple_pendulum.osim
[2023-09-11 15:28:49.091] [info] Loaded model model from file /home/itbellix/Desktop/GitHub/opensimAD_fork/examples/simple_pendulum.osim
[2023-09-11 15:29:08.848] [info] Loaded model model from file /home/itbellix/Desktop/GitHub/opensimAD_fork/examples/simple_pendulum.osim
[2023-09-11 15:29:49.401] [info] Loaded model model from file /home/itbellix/Desktop/GitHub/opensimAD_fork/examples/simple_pendulum.osim
[2023-09-11 15:30:15.595] [info] Loaded model model from file /home/itbellix/Desktop/GitHub/opensimAD_fork/examples/simple_pendulum.osim
[2023-09-11 15:30:59.523] [info] Loaded model model from file /home/itbellix/Desktop/GitHub/opensimAD_fork/examples/simple_pendulum.osim
[2023-09-11 15:54:03.772] [info] Loaded model model from file /home/itbellix/Desktop/GitHub/opensimAD_fork/examples/simple_pendulum.osim
[2023-09-11 15:56:19.489] [info] Loaded model model from file /home/itbellix/Desktop/GitHub/opensimAD_fork/examples/simple_pendulum.osim
[2023-09-11 15:57:04.735] [info] Loaded model model from file /home/itbellix/Desktop/GitHub/opensimAD_fork/examples/simple_pendulum.osim
[2023-09-11 15:57:43.852] [info] Loaded model model from file /home/itbellix/Desktop/GitHub/opensimAD_fork/examples/simple_pendulum.osim
[2023-09-11 15:57:59.867] [info] Loaded model model from file /home/itbellix/Desktop/GitHub/opensimAD_fork/examples/simple_pendulum.osim
[2023-09-12 09:12:42.703] [info] Loaded model model from file /home/itbellix/Desktop/GitHub/opensimAD_fork/examples/simple_pendulum.osim
[2023-09-12 09:14:33.254] [info] Loaded model model from file /home/itbellix/Desktop/GitHub/opensimAD_fork/examples/simple_pendulum.osim
[2023-09-12 09:24:59.310] [info] Loaded model model from file /home/itbellix/Desktop/GitHub/opensimAD_fork/examples/simple_pendulum.osim
[2023-09-12 09:26:18.271] [info] Loaded model model from file /home/itbellix/Desktop/GitHub/opensimAD_fork/examples/simple_pendulum.osim
[2023-09-12 09:46:02.890] [info] Loaded model model from file /home/itbellix/Desktop/GitHub/opensimAD_fork/examples/simple_pendulum.osim
[2023-09-12 09:46:41.298] [info] Loaded model model from file /home/itbellix/Desktop/GitHub/opensimAD_fork/examples/simple_pendulum.osim
[2023-09-12 09:47:10.720] [info] Loaded model model from file /home/itbellix/Desktop/GitHub/opensimAD_fork/examples/simple_pendulum.osim
[2023-09-12 16:36:08.392] [info] Loaded model model from file /home/itbellix/Desktop/GitHub/opensimAD_fork/examples/simple_pendulum.osim
[2023-09-12 16:36:17.360] [info] Loaded model model from file /home/itbellix/Desktop/GitHub/opensimAD_fork/examples/simple_pendulum.osim
[2023-09-12 16:42:11.623] [info] Loaded model model from file /home/itbellix/Desktop/GitHub/opensimAD_fork/examples/simple_pendulum.osim
[2023-09-12 16:42:59.804] [info] Loaded model model from file /home/itbellix/Desktop/GitHub/opensimAD_fork/examples/simple_pendulum.osim
[2023-10-11 13:18:02.378] [info] Loaded model model from file /home/itbellix/Desktop/GitHub/PTbot_official/OsimModels/simple_pendulum.osim
[2023-10-11 13:21:12.331] [info] Loaded model model from file /home/itbellix/Desktop/GitHub/PTbot_official/OsimModels/simple_pendulum.osim
[2023-10-27 16:18:07.778] [info] Loaded model model from file /home/itbellix/Desktop/GitHub/PTbot_official/OsimModels/simple_pendulum.osim
[2023-10-27 16:43:10.252] [info] Loaded model model from file /home/itbellix/Desktop/GitHub/PTbot_official/OsimModels/simple_pendulum.osim
[2024-01-12 13:12:56.143] [info] Loaded model model from file /home/itbellix/Desktop/GitHub/PTbot_official/Code/Python/../../OsimModels/right_arm_GH_full.osim
[2024-01-12 13:12:56.146] [info] Loaded model model from file /home/itbellix/Desktop/GitHub/PTbot_official/Code/Python/../../OsimModels/right_arm_GH_noForearm.osim
[2024-01-12 13:19:35.516] [info] Loaded model model from file /home/itbellix/Desktop/GitHub/PTbot_official/Code/Python/../../OsimModels/right_arm_GH_full.osim
[2024-01-12 13:19:35.520] [info] Loaded model model from file /home/itbellix/Desktop/GitHub/PTbot_official/Code/Python/../../OsimModels/right_arm_GH_noForearm.osim
[2024-01-12 16:41:22.508] [info] Loaded model model from file /home/itbellix/Desktop/GitHub/PTbot_official/Code/Python/../../OsimModels/debug_2bodies.osim
[2024-01-12 16:41:22.510] [info] Loaded model model from file /home/itbellix/Desktop/GitHub/PTbot_official/Code/Python/../../OsimModels/debug_1body.osim
[2024-01-12 16:42:41.518] [info] Loaded model model from file /home/itbellix/Desktop/GitHub/PTbot_official/Code/Python/../../OsimModels/debug_2bodies.osim
[2024-01-12 16:42:41.519] [info] Loaded model model from file /home/itbellix/Desktop/GitHub/PTbot_official/Code/Python/../../OsimModels/debug_1body.osim
[2024-01-12 16:44:49.179] [info] Loaded model model from file /home/itbellix/Desktop/GitHub/PTbot_official/Code/Python/../../OsimModels/debug_2bodies.osim
[2024-01-12 16:44:49.180] [info] Loaded model model from file /home/itbellix/Desktop/GitHub/PTbot_official/Code/Python/../../OsimModels/debug_1body.osim
[2024-01-12 16:45:05.067] [info] Loaded model model from file /home/itbellix/Desktop/GitHub/PTbot_official/Code/Python/../../OsimModels/debug_2bodies.osim
[2024-01-12 16:45:05.073] [info] Adding reserve actuators with an optimal force of 1.0...
[2024-01-12 16:45:05.077] [info] Added 3 reserve actuator(s), for each of the following coordinates:
[2024-01-12 16:45:05.077] [info]   /jointset/balljoint/rx
[2024-01-12 16:45:05.077] [info]   /jointset/balljoint/ry
[2024-01-12 16:45:05.077] [info]   /jointset/balljoint/rz
[2024-01-12 16:59:18.221] [info] Loaded model model from file /home/itbellix/Desktop/GitHub/PTbot_official/Code/Python/../../OsimModels/debug_2bodies.osim
[2024-01-12 16:59:18.222] [info] Loaded model model from file /home/itbellix/Desktop/GitHub/PTbot_official/Code/Python/../../OsimModels/debug_1body.osim
[2024-01-12 16:59:40.377] [info] Loaded model model from file /home/itbellix/Desktop/GitHub/PTbot_official/Code/Python/../../OsimModels/debug_2bodies.osim
[2024-01-12 16:59:40.378] [info] Loaded model model from file /home/itbellix/Desktop/GitHub/PTbot_official/Code/Python/../../OsimModels/debug_1body.osim
[2024-01-12 17:06:03.857] [info] Loaded model model from file /home/itbellix/Desktop/GitHub/PTbot_official/Code/Python/../../OsimModels/debug_2bodies.osim
[2024-01-12 17:06:03.858] [info] Loaded model model from file /home/itbellix/Desktop/GitHub/PTbot_official/Code/Python/../../OsimModels/debug_1body.osim
[2024-01-12 17:06:06.672] [info] Loaded model model from file /home/itbellix/Desktop/GitHub/PTbot_official/Code/Python/../../OsimModels/debug_2bodies.osim
[2024-01-12 17:06:06.673] [info] Loaded model model from file /home/itbellix/Desktop/GitHub/PTbot_official/Code/Python/../../OsimModels/debug_1body.osim
[2024-01-12 17:10:03.931] [info] Loaded model model from file /home/itbellix/Desktop/GitHub/PTbot_official/Code/Python/../../OsimModels/debug_2bodies.osim
[2024-01-12 17:10:03.932] [info] Loaded model model from file /home/itbellix/Desktop/GitHub/PTbot_official/Code/Python/../../OsimModels/debug_1body.osim
[2024-01-12 17:32:29.756] [info] Loaded model model from file /home/itbellix/Desktop/GitHub/PTbot_official/Code/Python/../../OsimModels/debug_2bodies.osim
[2024-01-12 17:32:29.757] [info] Loaded model model from file /home/itbellix/Desktop/GitHub/PTbot_official/Code/Python/../../OsimModels/debug_1body.osim
[2024-01-12 17:33:13.883] [info] Loaded model model from file /home/itbellix/Desktop/GitHub/PTbot_official/Code/Python/../../OsimModels/debug_2bodies.osim
[2024-01-12 17:33:13.884] [info] Loaded model model from file /home/itbellix/Desktop/GitHub/PTbot_official/Code/Python/../../OsimModels/debug_1body.osim
[2024-01-12 17:37:42.705] [info] Loaded model model from file /home/itbellix/Desktop/GitHub/PTbot_official/Code/Python/../../OsimModels/debug_2bodies.osim
[2024-01-12 17:37:42.706] [info] Loaded model model from file /home/itbellix/Desktop/GitHub/PTbot_official/Code/Python/../../OsimModels/debug_1body.osim
[2024-01-12 17:38:16.917] [info] Loaded model model from file /home/itbellix/Desktop/GitHub/PTbot_official/Code/Python/../../OsimModels/debug_2bodies.osim
[2024-01-12 17:38:16.918] [info] Loaded model model from file /home/itbellix/Desktop/GitHub/PTbot_official/Code/Python/../../OsimModels/debug_1body.osim
[2024-01-12 17:39:52.471] [info] Loaded model model from file /home/itbellix/Desktop/GitHub/PTbot_official/Code/Python/../../OsimModels/debug_2bodies.osim
[2024-01-12 17:39:52.473] [info] Loaded model model from file /home/itbellix/Desktop/GitHub/PTbot_official/Code/Python/../../OsimModels/debug_1body.osim
[2024-01-12 17:40:16.393] [info] Loaded model model from file /home/itbellix/Desktop/GitHub/PTbot_official/Code/Python/../../OsimModels/debug_2bodies.osim
[2024-01-12 17:40:16.394] [info] Loaded model model from file /home/itbellix/Desktop/GitHub/PTbot_official/Code/Python/../../OsimModels/debug_1body.osim
[2024-01-12 17:48:11.602] [info] Loaded model model from file /home/itbellix/Desktop/GitHub/PTbot_official/Code/Python/../../OsimModels/debug_2bodies.osim
[2024-01-12 17:48:11.603] [info] Loaded model model from file /home/itbellix/Desktop/GitHub/PTbot_official/Code/Python/../../OsimModels/debug_1body.osim
[2024-01-12 17:48:30.172] [info] Loaded model model from file /home/itbellix/Desktop/GitHub/PTbot_official/Code/Python/../../OsimModels/debug_2bodies.osim
[2024-01-12 17:48:30.174] [info] Loaded model model from file /home/itbellix/Desktop/GitHub/PTbot_official/Code/Python/../../OsimModels/debug_1body.osim
[2024-01-12 17:50:33.887] [info] Loaded model model from file /home/itbellix/Desktop/GitHub/PTbot_official/Code/Python/../../OsimModels/debug_2bodies.osim
[2024-01-12 17:50:33.892] [info] Adding reserve actuators with an optimal force of 1.0...
[2024-01-12 17:50:33.897] [info] Added 3 reserve actuator(s), for each of the following coordinates:
[2024-01-12 17:50:33.897] [info]   /jointset/balljoint/rx
[2024-01-12 17:50:33.897] [info]   /jointset/balljoint/ry
[2024-01-12 17:50:33.897] [info]   /jointset/balljoint/rz
[2024-01-12 17:50:33.902] [info] Loaded model Model_simplified_with_full_inertia from file /home/itbellix/Desktop/GitHub/PTbot_official/Code/Python/../../OsimModels/debug_1body_full.osim
[2024-01-12 17:50:33.904] [info] Adding reserve actuators with an optimal force of 1.0...
[2024-01-12 17:50:33.907] [info] Added 3 reserve actuator(s), for each of the following coordinates:
[2024-01-12 17:50:33.908] [info]   /jointset/balljoint/rx
[2024-01-12 17:50:33.908] [info]   /jointset/balljoint/ry
[2024-01-12 17:50:33.908] [info]   /jointset/balljoint/rz
[2024-02-16 14:47:06.282] [info] Loaded model model from file /home/itbellix/Desktop/GitHub/PTbot_official/Code/Python/../../OsimModels/right_arm_GH_full.osim
[2024-02-16 16:58:10.988] [info] Loaded model model from file /home/itbellix/Desktop/GitHub/PTbot_official/Code/Python/../../OsimModels/right_arm_GH_full.osim
[2024-02-16 17:01:05.205] [info] Loaded model model from file /home/itbellix/Desktop/GitHub/PTbot_official/Code/Python/../../OsimModels/right_arm_GH_full.osim
[2024-02-16 17:23:05.557] [info] Loaded model model from file /home/itbellix/Desktop/GitHub/PTbot_official/Code/Python/../../OsimModels/right_arm_GH_full.osim
[2024-02-16 17:26:23.779] [info] Loaded model model from file /home/itbellix/Desktop/GitHub/PTbot_official/Code/Python/../../OsimModels/right_arm_GH_full.osim
[2024-02-16 17:31:58.708] [info] Loaded model model from file /home/itbellix/Desktop/GitHub/PTbot_official/Code/Python/../../OsimModels/right_arm_GH_full.osim
[2024-02-16 17:35:02.945] [info] Loaded model model from file /home/itbellix/Desktop/GitHub/PTbot_official/Code/Python/../../OsimModels/right_arm_GH_full.osim
[2024-02-19 09:38:11.118] [info] Loaded model model from file /home/itbellix/Desktop/GitHub/PTbot_official/Code/Python/../../OsimModels/right_arm_GH_full.osim
[2024-02-19 09:51:27.785] [info] Loaded model model from file /home/itbellix/Desktop/GitHub/PTbot_official/Code/Python/../../OsimModels/right_arm_GH_full.osim
[2024-02-19 11:03:19.321] [info] Loaded model model from file /home/itbellix/Desktop/GitHub/PTbot_official/Code/Python/../../OsimModels/right_arm_GH_full.osim
[2024-02-19 11:23:24.975] [info] Loaded model model from file /home/itbellix/Desktop/GitHub/PTbot_official/Code/Python/../../OsimModels/right_arm_GH_full.osim
[2024-02-19 11:56:54.883] [info] Loaded model model from file /home/itbellix/Desktop/GitHub/PTbot_official/Code/Python/../../OsimModels/right_arm_GH_full.osim
[2024-02-19 11:59:58.736] [info] Loaded model model from file /home/itbellix/Desktop/GitHub/PTbot_official/Code/Python/../../OsimModels/right_arm_GH_full.osim
[2024-02-19 12:34:07.124] [info] Loaded model model from file /home/itbellix/Desktop/GitHub/PTbot_official/Code/Python/../../OsimModels/right_arm_GH_full.osim
[2024-02-19 13:36:05.205] [info] Loaded model model from file /home/itbellix/Desktop/GitHub/PTbot_official/Code/Python/../../OsimModels/right_arm_GH_full.osim
[2024-02-19 14:06:03.878] [info] Loaded model model from file /home/itbellix/Desktop/GitHub/PTbot_official/Code/Python/../../OsimModels/right_arm_GH_full.osim
[2024-02-19 14:16:08.266] [info] Loaded model model from file /home/itbellix/Desktop/GitHub/PTbot_official/Code/Python/../../OsimModels/right_arm_GH_full.osim
[2024-02-19 14:19:19.379] [info] Loaded model model from file /home/itbellix/Desktop/GitHub/PTbot_official/Code/Python/../../OsimModels/right_arm_GH_full.osim
[2024-02-19 14:24:13.700] [info] Loaded model model from file /home/itbellix/Desktop/GitHub/PTbot_official/Code/Python/../../OsimModels/right_arm_GH_full.osim
[2024-02-19 14:28:22.028] [info] Loaded model model from file /home/itbellix/Desktop/GitHub/PTbot_official/Code/Python/../../OsimModels/right_arm_GH_full.osim
[2024-02-19 14:39:49.698] [info] Loaded model model from file /home/itbellix/Desktop/GitHub/PTbot_official/Code/Python/../../OsimModels/right_arm_GH_full.osim
[2024-02-19 14:45:19.233] [info] Loaded model model from file /home/itbellix/Desktop/GitHub/PTbot_official/Code/Python/../../OsimModels/right_arm_GH_full.osim
[2024-02-19 14:58:18.927] [info] Loaded model model from file /home/itbellix/Desktop/GitHub/PTbot_official/Code/Python/../../OsimModels/right_arm_GH_full.osim
[2024-02-19 15:00:44.417] [info] Loaded model model from file /home/itbellix/Desktop/GitHub/PTbot_official/Code/Python/../../OsimModels/right_arm_GH_full.osim
[2024-02-19 15:07:18.676] [info] Loaded model model from file /home/itbellix/Desktop/GitHub/PTbot_official/Code/Python/../../OsimModels/right_arm_GH_full.osim
[2024-02-19 15:13:28.398] [info] Loaded model model from file /home/itbellix/Desktop/GitHub/PTbot_official/Code/Python/../../OsimModels/right_arm_GH_full.osim
[2024-02-19 15:21:08.511] [info] Loaded model model from file /home/itbellix/Desktop/GitHub/PTbot_official/Code/Python/../../OsimModels/right_arm_GH_full.osim
[2024-02-19 15:27:29.397] [info] Loaded model model from file /home/itbellix/Desktop/GitHub/PTbot_official/Code/Python/../../OsimModels/right_arm_GH_full.osim
[2024-02-19 15:31:22.707] [info] Loaded model model from file /home/itbellix/Desktop/GitHub/PTbot_official/Code/Python/../../OsimModels/right_arm_GH_full.osim
[2024-02-19 15:34:31.880] [info] Loaded model model from file /home/itbellix/Desktop/GitHub/PTbot_official/Code/Python/../../OsimModels/right_arm_GH_full.osim
[2024-02-19 16:13:32.813] [info] Loaded model model from file /home/itbellix/Desktop/GitHub/PTbot_official/Code/Python/../../OsimModels/right_arm_GH_full.osim
[2024-02-19 16:15:47.718] [info] Loaded model model from file /home/itbellix/Desktop/GitHub/PTbot_official/Code/Python/../../OsimModels/right_arm_GH_full.osim
[2024-02-19 16:20:30.232] [info] Loaded model model from file /home/itbellix/Desktop/GitHub/PTbot_official/Code/Python/../../OsimModels/right_arm_GH_full.osim
[2024-02-19 16:22:36.492] [info] Loaded model model from file /home/itbellix/Desktop/GitHub/PTbot_official/Code/Python/../../OsimModels/right_arm_GH_full.osim
[2024-02-19 16:41:11.139] [info] Loaded model model from file /home/itbellix/Desktop/GitHub/PTbot_official/Code/Python/../../OsimModels/right_arm_GH_full.osim
[2024-02-19 17:00:32.934] [info] Loaded model model from file /home/itbellix/Desktop/GitHub/PTbot_official/Code/Python/../../OsimModels/right_arm_GH_full.osim
[2024-02-19 17:08:23.636] [info] Loaded model model from file /home/itbellix/Desktop/GitHub/PTbot_official/Code/Python/../../OsimModels/right_arm_GH_full.osim
[2024-02-19 17:13:52.801] [info] Loaded model model from file /home/itbellix/Desktop/GitHub/PTbot_official/Code/Python/../../OsimModels/right_arm_GH_full.osim
[2024-02-19 17:23:33.268] [info] Loaded model model from file /home/itbellix/Desktop/GitHub/PTbot_official/Code/Python/../../OsimModels/right_arm_GH_full.osim
[2024-02-19 17:26:01.408] [info] Loaded model model from file /home/itbellix/Desktop/GitHub/PTbot_official/Code/Python/../../OsimModels/right_arm_GH_full.osim
[2024-02-19 17:32:04.310] [info] Loaded model model from file /home/itbellix/Desktop/GitHub/PTbot_official/Code/Python/../../OsimModels/right_arm_GH_full.osim
[2024-02-19 17:37:21.124] [info] Loaded model model from file /home/itbellix/Desktop/GitHub/PTbot_official/Code/Python/../../OsimModels/right_arm_GH_full.osim
[2024-02-19 17:47:15.664] [info] Loaded model model from file /home/itbellix/Desktop/GitHub/PTbot_official/Code/Python/../../OsimModels/right_arm_GH_full.osim
[2024-02-19 17:52:21.218] [info] Loaded model model from file /home/itbellix/Desktop/GitHub/PTbot_official/Code/Python/../../OsimModels/right_arm_GH_full.osim
[2024-02-19 17:59:57.310] [info] Loaded model model from file /home/itbellix/Desktop/GitHub/PTbot_official/Code/Python/../../OsimModels/right_arm_GH_full.osim
[2024-02-19 18:07:04.130] [info] Loaded model model from file /home/itbellix/Desktop/GitHub/PTbot_official/Code/Python/../../OsimModels/right_arm_GH_full.osim
[2024-02-19 18:16:26.549] [info] Loaded model model from file /home/itbellix/Desktop/GitHub/PTbot_official/Code/Python/../../OsimModels/right_arm_GH_full.osim
[2024-02-19 18:20:27.251] [info] Loaded model model from file /home/itbellix/Desktop/GitHub/PTbot_official/Code/Python/../../OsimModels/right_arm_GH_full.osim
[2024-02-19 18:25:30.498] [info] Loaded model model from file /home/itbellix/Desktop/GitHub/PTbot_official/Code/Python/../../OsimModels/right_arm_GH_full.osim
[2024-02-19 18:30:13.207] [info] Loaded model model from file /home/itbellix/Desktop/GitHub/PTbot_official/Code/Python/../../OsimModels/right_arm_GH_full.osim
[2024-02-19 18:32:19.460] [info] Loaded model model from file /home/itbellix/Desktop/GitHub/PTbot_official/Code/Python/../../OsimModels/right_arm_GH_full.osim
[2024-02-19 18:36:01.527] [info] Loaded model model from file /home/itbellix/Desktop/GitHub/PTbot_official/Code/Python/../../OsimModels/right_arm_GH_full.osim
[2024-02-20 09:43:34.792] [info] Loaded model model from file /home/itbellix/Desktop/GitHub/PTbot_official/Code/Python/../../OsimModels/right_arm_GH_full.osim
[2024-02-20 09:48:23.399] [info] Loaded model model from file /home/itbellix/Desktop/GitHub/PTbot_official/Code/Python/../../OsimModels/right_arm_GH_full.osim
[2024-02-20 09:55:50.211] [info] Loaded model model from file /home/itbellix/Desktop/GitHub/PTbot_official/Code/Python/../../OsimModels/right_arm_GH_full.osim
[2024-02-20 10:01:35.031] [info] Loaded model model from file /home/itbellix/Desktop/GitHub/PTbot_official/Code/Python/../../OsimModels/right_arm_GH_full.osim
[2024-02-20 10:04:45.037] [info] Loaded model model from file /home/itbellix/Desktop/GitHub/PTbot_official/Code/Python/../../OsimModels/right_arm_GH_full.osim
[2024-02-20 10:12:50.538] [info] Loaded model model from file /home/itbellix/Desktop/GitHub/PTbot_official/Code/Python/../../OsimModels/right_arm_GH_full.osim
[2024-02-21 11:09:18.778] [info] Loaded model model from file /home/itbellix/Desktop/GitHub/PTbot_official/Code/Python/../../OsimModels/right_arm_GH_full.osim
[2024-02-21 11:23:00.178] [info] Loaded model model from file /home/itbellix/Desktop/GitHub/PTbot_official/Code/Python/../../OsimModels/right_arm_GH_full.osim
[2024-02-21 11:30:33.766] [info] Loaded model model from file /home/itbellix/Desktop/GitHub/PTbot_official/Code/Python/../../OsimModels/right_arm_GH_full.osim
[2024-02-21 11:40:05.136] [info] Loaded model model from file /home/itbellix/Desktop/GitHub/PTbot_official/Code/Python/../../OsimModels/right_arm_GH_full.osim
[2024-02-21 11:44:31.203] [info] Loaded model model from file /home/itbellix/Desktop/GitHub/PTbot_official/Code/Python/../../OsimModels/right_arm_GH_full.osim
[2024-02-21 11:50:17.640] [info] Loaded model model from file /home/itbellix/Desktop/GitHub/PTbot_official/Code/Python/../../OsimModels/right_arm_GH_full.osim
[2024-02-21 11:54:13.494] [info] Loaded model model from file /home/itbellix/Desktop/GitHub/PTbot_official/Code/Python/../../OsimModels/right_arm_GH_full.osim
[2024-02-21 11:57:26.431] [info] Loaded model model from file /home/itbellix/Desktop/GitHub/PTbot_official/Code/Python/../../OsimModels/right_arm_GH_full.osim
[2024-02-21 12:00:00.721] [info] Loaded model model from file /home/itbellix/Desktop/GitHub/PTbot_official/Code/Python/../../OsimModels/right_arm_GH_full.osim
[2024-02-21 12:07:28.312] [info] Loaded model model from file /home/itbellix/Desktop/GitHub/PTbot_official/Code/Python/../../OsimModels/right_arm_GH_full.osim
[2024-02-21 12:09:16.567] [info] Loaded model model from file /home/itbellix/Desktop/GitHub/PTbot_official/Code/Python/../../OsimModels/right_arm_GH_full.osim
[2024-02-21 12:11:35.426] [info] Loaded model model from file /home/itbellix/Desktop/GitHub/PTbot_official/Code/Python/../../OsimModels/right_arm_GH_full.osim
[2024-02-21 12:15:12.000] [info] Loaded model model from file /home/itbellix/Desktop/GitHub/PTbot_official/Code/Python/../../OsimModels/right_arm_GH_full.osim
[2024-02-21 12:17:00.797] [info] Loaded model model from file /home/itbellix/Desktop/GitHub/PTbot_official/Code/Python/../../OsimModels/right_arm_GH_full.osim
[2024-02-21 12:31:54.700] [info] Loaded model model from file /home/itbellix/Desktop/GitHub/PTbot_official/Code/Python/../../OsimModels/right_arm_GH_full.osim
[2024-02-21 12:35:38.193] [info] Loaded model model from file /home/itbellix/Desktop/GitHub/PTbot_official/Code/Python/../../OsimModels/right_arm_GH_full.osim
[2024-02-21 12:37:50.454] [info] Loaded model model from file /home/itbellix/Desktop/GitHub/PTbot_official/Code/Python/../../OsimModels/right_arm_GH_full.osim
[2024-02-21 13:28:20.627] [info] Loaded model model from file /home/itbellix/Desktop/GitHub/PTbot_official/Code/Python/../../OsimModels/right_arm_GH_full.osim
[2024-02-21 13:37:41.604] [info] Loaded model model from file /home/itbellix/Desktop/GitHub/PTbot_official/Code/Python/../../OsimModels/right_arm_GH_full.osim
[2024-02-21 13:43:04.456] [info] Loaded model model from file /home/itbellix/Desktop/GitHub/PTbot_official/Code/Python/../../OsimModels/right_arm_GH_full.osim
[2024-02-21 13:45:28.026] [info] Loaded model model from file /home/itbellix/Desktop/GitHub/PTbot_official/Code/Python/../../OsimModels/right_arm_GH_full.osim
[2024-02-21 13:51:06.260] [info] Loaded model model from file /home/itbellix/Desktop/GitHub/PTbot_official/Code/Python/../../OsimModels/right_arm_GH_full.osim
[2024-02-21 14:48:46.553] [info] Loaded model model from file /home/itbellix/Desktop/GitHub/PTbot_official/Code/Python/../../OsimModels/right_arm_GH_full.osim
[2024-02-21 14:50:30.992] [info] Loaded model model from file /home/itbellix/Desktop/GitHub/PTbot_official/Code/Python/../../OsimModels/right_arm_GH_full.osim
[2024-02-21 14:54:44.418] [info] Loaded model model from file /home/itbellix/Desktop/GitHub/PTbot_official/Code/Python/../../OsimModels/right_arm_GH_full.osim
[2024-02-21 14:57:32.108] [info] Loaded model model from file /home/itbellix/Desktop/GitHub/PTbot_official/Code/Python/../../OsimModels/right_arm_GH_full.osim
[2024-02-21 16:42:58.000] [info] Loaded model model from file /home/itbellix/Desktop/GitHub/PTbot_official/Code/Python/../../OsimModels/right_arm_GH_full.osim
[2024-02-21 16:49:09.940] [info] Loaded model model from file /home/itbellix/Desktop/GitHub/PTbot_official/Code/Python/../../OsimModels/right_arm_GH_full.osim
[2024-02-21 16:54:05.060] [info] Loaded model model from file /home/itbellix/Desktop/GitHub/PTbot_official/Code/Python/../../OsimModels/right_arm_GH_full.osim
[2024-02-21 18:10:19.543] [info] Loaded model model from file /home/itbellix/Desktop/GitHub/PTbot_official/Code/Python/../../OsimModels/right_arm_GH_full.osim
[2024-02-21 18:12:55.304] [info] Loaded model model from file /home/itbellix/Desktop/GitHub/PTbot_official/Code/Python/../../OsimModels/right_arm_GH_full.osim
[2024-02-21 18:16:16.180] [info] Loaded model model from file /home/itbellix/Desktop/GitHub/PTbot_official/Code/Python/../../OsimModels/right_arm_GH_full.osim
[2024-02-21 18:20:26.696] [info] Loaded model model from file /home/itbellix/Desktop/GitHub/PTbot_official/Code/Python/../../OsimModels/right_arm_GH_full.osim
[2024-02-21 18:25:35.531] [info] Loaded model model from file /home/itbellix/Desktop/GitHub/PTbot_official/Code/Python/../../OsimModels/right_arm_GH_full.osim
[2024-02-21 18:37:18.087] [info] Loaded model model from file /home/itbellix/Desktop/GitHub/PTbot_official/Code/Python/../../OsimModels/right_arm_GH_full.osim
[2024-02-21 18:42:29.821] [info] Loaded model model from file /home/itbellix/Desktop/GitHub/PTbot_official/Code/Python/../../OsimModels/right_arm_GH_full.osim
[2024-02-22 16:24:29.623] [info] Loaded model model from file /home/itbellix/Desktop/GitHub/PTbot_official/Code/Python/../../OsimModels/right_arm_GH_full.osim
[2024-02-22 16:42:02.894] [info] Loaded model model from file /home/itbellix/Desktop/GitHub/PTbot_official/Code/Python/../../OsimModels/right_arm_GH_full.osim
[2024-02-22 16:45:38.099] [info] Loaded model model from file /home/itbellix/Desktop/GitHub/PTbot_official/Code/Python/../../OsimModels/right_arm_GH_full.osim
[2024-02-22 16:50:32.120] [info] Loaded model model from file /home/itbellix/Desktop/GitHub/PTbot_official/Code/Python/../../OsimModels/right_arm_GH_full.osim
[2024-02-22 16:56:07.774] [info] Loaded model model from file /home/itbellix/Desktop/GitHub/PTbot_official/Code/Python/../../OsimModels/right_arm_GH_full.osim
[2024-02-22 16:59:54.257] [info] Loaded model model from file /home/itbellix/Desktop/GitHub/PTbot_official/Code/Python/../../OsimModels/right_arm_GH_full.osim
[2024-02-22 17:01:56.211] [info] Loaded model model from file /home/itbellix/Desktop/GitHub/PTbot_official/Code/Python/../../OsimModels/right_arm_GH_full.osim
[2024-02-22 17:04:02.235] [info] Loaded model model from file /home/itbellix/Desktop/GitHub/PTbot_official/Code/Python/../../OsimModels/right_arm_GH_full.osim
[2024-02-22 17:06:29.578] [info] Loaded model model from file /home/itbellix/Desktop/GitHub/PTbot_official/Code/Python/../../OsimModels/right_arm_GH_full.osim
[2024-02-23 11:30:43.130] [info] Loaded model model from file /home/itbellix/Desktop/GitHub/PTbot_official/Code/Python/../../OsimModels/right_arm_GH_full.osim
[2024-02-23 12:04:59.093] [info] Loaded model model from file /home/itbellix/Desktop/GitHub/PTbot_official/Code/Python/../../OsimModels/right_arm_GH_full.osim
[2024-02-23 12:06:09.584] [info] Loaded model model from file /home/itbellix/Desktop/GitHub/PTbot_official/Code/Python/../../OsimModels/right_arm_GH_full.osim
[2024-02-23 12:10:14.930] [info] Loaded model model from file /home/itbellix/Desktop/GitHub/PTbot_official/Code/Python/../../OsimModels/right_arm_GH_full.osim
[2024-02-23 12:11:51.353] [info] Loaded model model from file /home/itbellix/Desktop/GitHub/PTbot_official/Code/Python/../../OsimModels/right_arm_GH_full.osim
[2024-02-23 12:15:41.705] [info] Loaded model model from file /home/itbellix/Desktop/GitHub/PTbot_official/Code/Python/../../OsimModels/right_arm_GH_full.osim
[2024-02-23 12:17:42.956] [info] Loaded model model from file /home/itbellix/Desktop/GitHub/PTbot_official/Code/Python/../../OsimModels/right_arm_GH_full.osim
[2024-02-23 12:20:18.757] [info] Loaded model model from file /home/itbellix/Desktop/GitHub/PTbot_official/Code/Python/../../OsimModels/right_arm_GH_full.osim
[2024-02-23 12:20:40.259] [info] Loaded model model from file /home/itbellix/Desktop/GitHub/PTbot_official/Code/Python/../../OsimModels/right_arm_GH_full.osim
[2024-02-23 12:21:47.172] [info] Loaded model model from file /home/itbellix/Desktop/GitHub/PTbot_official/Code/Python/../../OsimModels/right_arm_GH_full.osim
[2024-02-23 12:22:25.850] [info] Loaded model model from file /home/itbellix/Desktop/GitHub/PTbot_official/Code/Python/../../OsimModels/right_arm_GH_full.osim
[2024-02-23 12:22:57.009] [info] Loaded model model from file /home/itbellix/Desktop/GitHub/PTbot_official/Code/Python/../../OsimModels/right_arm_GH_full.osim
[2024-02-23 12:23:15.795] [info] Loaded model model from file /home/itbellix/Desktop/GitHub/PTbot_official/Code/Python/../../OsimModels/right_arm_GH_full.osim
[2024-02-23 12:25:28.414] [info] Loaded model model from file /home/itbellix/Desktop/GitHub/PTbot_official/Code/Python/../../OsimModels/right_arm_GH_full.osim
[2024-02-23 12:26:06.386] [info] Loaded model model from file /home/itbellix/Desktop/GitHub/PTbot_official/Code/Python/../../OsimModels/right_arm_GH_full.osim
[2024-02-23 12:28:09.705] [info] Loaded model model from file /home/itbellix/Desktop/GitHub/PTbot_official/Code/Python/../../OsimModels/right_arm_GH_full.osim
[2024-02-23 12:28:22.824] [info] Loaded model model from file /home/itbellix/Desktop/GitHub/PTbot_official/Code/Python/../../OsimModels/right_arm_GH_full.osim
[2024-02-23 12:29:37.855] [info] Loaded model model from file /home/itbellix/Desktop/GitHub/PTbot_official/Code/Python/../../OsimModels/right_arm_GH_full.osim
[2024-02-23 12:30:41.231] [info] Loaded model model from file /home/itbellix/Desktop/GitHub/PTbot_official/Code/Python/../../OsimModels/right_arm_GH_full.osim
[2024-02-23 12:32:34.735] [info] Loaded model model from file /home/itbellix/Desktop/GitHub/PTbot_official/Code/Python/../../OsimModels/right_arm_GH_full.osim
[2024-02-23 12:33:13.438] [info] Loaded model model from file /home/itbellix/Desktop/GitHub/PTbot_official/Code/Python/../../OsimModels/right_arm_GH_full.osim
[2024-02-23 12:34:14.693] [info] Loaded model model from file /home/itbellix/Desktop/GitHub/PTbot_official/Code/Python/../../OsimModels/right_arm_GH_full.osim
[2024-02-23 12:35:57.988] [info] Loaded model model from file /home/itbellix/Desktop/GitHub/PTbot_official/Code/Python/../../OsimModels/right_arm_GH_full.osim
[2024-02-23 16:13:55.667] [info] Loaded model model from file /home/itbellix/Desktop/GitHub/PTbot_official/Code/Python/../../OsimModels/right_arm_GH_full.osim
[2024-02-23 16:14:46.567] [info] Loaded model model from file /home/itbellix/Desktop/GitHub/PTbot_official/Code/Python/../../OsimModels/right_arm_GH_full.osim
[2024-02-23 17:00:01.610] [info] Loaded model model from file /home/itbellix/Desktop/GitHub/PTbot_official/Code/Python/../../OsimModels/right_arm_GH_full.osim
[2024-02-23 17:00:46.635] [info] Loaded model model from file /home/itbellix/Desktop/GitHub/PTbot_official/Code/Python/../../OsimModels/right_arm_GH_full.osim
[2024-02-23 17:06:46.561] [info] Loaded model model from file /home/itbellix/Desktop/GitHub/PTbot_official/Code/Python/../../OsimModels/right_arm_GH_full.osim
[2024-02-29 14:54:37.805] [info] Loaded model model from file /home/itbellix/Desktop/GitHub/PTbot_official/Code/Python/../../OsimModels/right_arm_GH_full.osim
[2024-02-29 15:38:44.651] [info] Loaded model model from file /home/itbellix/Desktop/GitHub/PTbot_official/Code/Python/../../OsimModels/right_arm_GH_full.osim
[2024-02-29 15:39:42.853] [info] Loaded model model from file /home/itbellix/Desktop/GitHub/PTbot_official/Code/Python/../../OsimModels/right_arm_GH_full.osim
[2024-02-29 15:43:16.637] [info] Loaded model model from file /home/itbellix/Desktop/GitHub/PTbot_official/Code/Python/../../OsimModels/right_arm_GH_full.osim
[2024-03-07 11:24:28.314] [info] Loaded model ThoracoscapularShoulderModel-scaled from file /home/itbellix/Desktop/GitHub/PTbot_official/Code/Python/../../OsimModels/TSM_subject_noWeight.osim
[2024-03-07 11:24:28.323] [info] Loaded model ThoracoscapularShoulderModel-scaled from file /home/itbellix/Desktop/GitHub/PTbot_official/Code/Python/../../OsimModels/TSM_subject_noWeight.osim
[2024-03-07 11:30:04.988] [info] Loaded model ThoracoscapularShoulderModel-scaled from file /home/itbellix/Desktop/GitHub/PTbot_official/Code/Python/../../OsimModels/TSM_subject_noWeight.osim
[2024-03-07 11:30:05.004] [info] Loaded model ThoracoscapularShoulderModel-scaled from file /home/itbellix/Desktop/GitHub/PTbot_official/Code/Python/../../OsimModels/TSM_subject_noWeight.osim
[2024-03-07 11:32:12.580] [info] Loaded model ThoracoscapularShoulderModel-scaled from file /home/itbellix/Desktop/GitHub/PTbot_official/Code/Python/../../OsimModels/TSM_subject_noWeight.osim
[2024-03-07 11:32:25.247] [info] Loaded model ThoracoscapularShoulderModel-scaled from file /home/itbellix/Desktop/GitHub/PTbot_official/Code/Python/../../OsimModels/TSM_subject_noWeight.osim
[2024-03-07 11:45:00.003] [info] Loaded model ThoracoscapularShoulderModel-scaled from file /home/itbellix/Desktop/GitHub/PTbot_official/Code/Python/../../OsimModels/TSM_subject_noWeight.osim
[2024-03-07 11:45:00.013] [info] Loaded model ThoracoscapularShoulderModel-scaled from file /home/itbellix/Desktop/GitHub/PTbot_official/Code/Python/../../OsimModels/TSM_subject_noWeight.osim
[2024-03-07 11:46:40.554] [info] Loaded model ThoracoscapularShoulderModel-scaled from file /home/itbellix/Desktop/GitHub/PTbot_official/Code/Python/../../OsimModels/TSM_subject_noWeight.osim
[2024-03-07 11:46:40.564] [info] Loaded model ThoracoscapularShoulderModel-scaled from file /home/itbellix/Desktop/GitHub/PTbot_official/Code/Python/../../OsimModels/TSM_subject_noWeight.osim
[2024-03-07 11:51:48.576] [info] Loaded model ThoracoscapularShoulderModel-scaled from file /home/itbellix/Desktop/GitHub/PTbot_official/Code/Python/../../OsimModels/TSM_subject_noWeight.osim
[2024-03-07 11:51:48.609] [info] Loaded model ThoracoscapularShoulderModel-scaled from file /home/itbellix/Desktop/GitHub/PTbot_official/Code/Python/../../OsimModels/TSM_subject_noWeight.osim
[2024-03-07 11:56:03.309] [info] Loaded model ThoracoscapularShoulderModel-scaled from file /home/itbellix/Desktop/GitHub/PTbot_official/Code/Python/../../OsimModels/TSM_subject_noWeight.osim
[2024-03-07 11:56:03.327] [info] Loaded model ThoracoscapularShoulderModel-scaled from file /home/itbellix/Desktop/GitHub/PTbot_official/Code/Python/../../OsimModels/TSM_subject_noWeight.osim
[2024-03-07 15:30:16.214] [info] Loaded model ThoracoscapularShoulderModel-scaled from file /home/itbellix/Desktop/GitHub/PTbot_official/Code/Python/../../OsimModels/TSM_subject_noWeight.osim
[2024-03-07 15:30:16.224] [info] Loaded model ThoracoscapularShoulderModel-scaled from file /home/itbellix/Desktop/GitHub/PTbot_official/Code/Python/../../OsimModels/TSM_subject_noWeight.osim
[2024-03-07 15:31:16.463] [info] Loaded model ThoracoscapularShoulderModel-scaled from file /home/itbellix/Desktop/GitHub/PTbot_official/Code/Python/../../OsimModels/TSM_subject_noWeight.osim
[2024-03-07 15:31:16.485] [info] Loaded model ThoracoscapularShoulderModel-scaled from file /home/itbellix/Desktop/GitHub/PTbot_official/Code/Python/../../OsimModels/TSM_subject_noWeight.osim
[2024-03-07 16:06:41.862] [info] Loaded model ThoracoscapularShoulderModel-scaled from file /home/itbellix/Desktop/GitHub/PTbot_official/Code/Python/../../OsimModels/TSM_subject_noWeight.osim
[2024-03-07 16:06:41.886] [info] Loaded model ThoracoscapularShoulderModel-scaled from file /home/itbellix/Desktop/GitHub/PTbot_official/Code/Python/../../OsimModels/TSM_subject_noWeight.osim
[2024-03-08 12:10:09.219] [info] Loaded model model from file /home/itbellix/Desktop/GitHub/PTbot_official/Code/Python/../../OsimModels/right_arm_GH_full.osim
[2024-03-08 12:15:52.739] [info] Loaded model model from file /home/itbellix/Desktop/GitHub/PTbot_official/Code/Python/../../OsimModels/right_arm_GH_full.osim
[2024-03-08 12:28:03.370] [info] Loaded model model from file /home/itbellix/Desktop/GitHub/PTbot_official/Code/Python/../../OsimModels/right_arm_GH_full.osim
[2024-03-08 12:35:21.165] [info] Loaded model model from file /home/itbellix/Desktop/GitHub/PTbot_official/Code/Python/../../OsimModels/right_arm_GH_full.osim
[2024-03-08 15:45:42.407] [info] Loaded model model from file /home/itbellix/Desktop/GitHub/PTbot_official/Code/Python/../../OsimModels/right_arm_GH_full.osim
[2024-03-08 16:02:16.633] [info] Loaded model model from file /home/itbellix/Desktop/GitHub/PTbot_official/Code/Python/../../OsimModels/right_arm_GH_full.osim
[2024-03-08 16:07:49.103] [info] Loaded model model from file /home/itbellix/Desktop/GitHub/PTbot_official/Code/Python/../../OsimModels/right_arm_GH_full.osim
[2024-03-08 16:09:59.019] [info] Loaded model model from file /home/itbellix/Desktop/GitHub/PTbot_official/Code/Python/../../OsimModels/right_arm_GH_full.osim
[2024-03-08 16:12:04.627] [info] Loaded model model from file /home/itbellix/Desktop/GitHub/PTbot_official/Code/Python/../../OsimModels/right_arm_GH_full.osim
[2024-03-08 16:20:59.729] [info] Loaded model model from file /home/itbellix/Desktop/GitHub/PTbot_official/Code/Python/../../OsimModels/right_arm_GH_full.osim
[2024-03-08 16:23:07.195] [info] Loaded model model from file /home/itbellix/Desktop/GitHub/PTbot_official/Code/Python/../../OsimModels/right_arm_GH_full.osim
[2024-03-08 16:26:21.577] [info] Loaded model model from file /home/itbellix/Desktop/GitHub/PTbot_official/Code/Python/../../OsimModels/right_arm_GH_full.osim
[2024-03-08 16:26:43.657] [info] Loaded model model from file /home/itbellix/Desktop/GitHub/PTbot_official/Code/Python/../../OsimModels/right_arm_GH_full.osim
[2024-03-08 16:47:29.688] [info] Loaded model model from file /home/itbellix/Desktop/GitHub/PTbot_official/Code/Python/../../OsimModels/right_arm_GH_full.osim
[2024-03-08 16:57:08.961] [info] Loaded model model from file /home/itbellix/Desktop/GitHub/PTbot_official/Code/Python/../../OsimModels/right_arm_GH_full.osim
[2024-03-08 16:57:26.347] [info] Loaded model model from file /home/itbellix/Desktop/GitHub/PTbot_official/Code/Python/../../OsimModels/right_arm_GH_full.osim
[2024-03-08 16:58:47.170] [info] Loaded model model from file /home/itbellix/Desktop/GitHub/PTbot_official/Code/Python/../../OsimModels/right_arm_GH_full.osim
[2024-03-08 17:00:40.502] [info] Loaded model model from file /home/itbellix/Desktop/GitHub/PTbot_official/Code/Python/../../OsimModels/right_arm_GH_full.osim
[2024-03-08 17:12:52.326] [info] Loaded model model from file /home/itbellix/Desktop/GitHub/PTbot_official/Code/Python/../../OsimModels/right_arm_GH_full.osim
[2024-03-08 17:19:45.676] [info] Loaded model model from file /home/itbellix/Desktop/GitHub/PTbot_official/Code/Python/../../OsimModels/right_arm_GH_full.osim
[2024-03-08 17:20:31.421] [info] Loaded model model from file /home/itbellix/Desktop/GitHub/PTbot_official/Code/Python/../../OsimModels/right_arm_GH_full.osim
[2024-03-08 17:21:18.291] [info] Loaded model model from file /home/itbellix/Desktop/GitHub/PTbot_official/Code/Python/../../OsimModels/right_arm_GH_full.osim
[2024-03-08 17:23:15.589] [info] Loaded model model from file /home/itbellix/Desktop/GitHub/PTbot_official/Code/Python/../../OsimModels/right_arm_GH_full.osim
[2024-03-08 17:23:39.089] [info] Loaded model model from file /home/itbellix/Desktop/GitHub/PTbot_official/Code/Python/../../OsimModels/right_arm_GH_full.osim
[2024-03-08 17:27:51.120] [info] Loaded model model from file /home/itbellix/Desktop/GitHub/PTbot_official/Code/Python/../../OsimModels/right_arm_GH_full.osim
[2024-03-08 17:30:08.628] [info] Loaded model model from file /home/itbellix/Desktop/GitHub/PTbot_official/Code/Python/../../OsimModels/right_arm_GH_full.osim
[2024-03-11 15:10:21.113] [info] Loaded model model from file /home/itbellix/Desktop/GitHub/PTbot_official/Code/Python/../../OsimModels/right_arm_GH_full.osim
[2024-03-11 15:25:50.545] [info] Loaded model model from file /home/itbellix/Desktop/GitHub/PTbot_official/Code/Python/../../OsimModels/right_arm_GH_full.osim
[2024-03-11 15:27:52.164] [info] Loaded model model from file /home/itbellix/Desktop/GitHub/PTbot_official/Code/Python/../../OsimModels/right_arm_GH_full.osim
[2024-03-11 15:35:28.299] [info] Loaded model model from file /home/itbellix/Desktop/GitHub/PTbot_official/Code/Python/../../OsimModels/right_arm_GH_full.osim
[2024-03-11 16:13:22.229] [info] Loaded model model from file /home/itbellix/Desktop/GitHub/PTbot_official/Code/Python/../../OsimModels/right_arm_GH_full.osim
[2024-03-11 16:17:56.336] [info] Loaded model model from file /home/itbellix/Desktop/GitHub/PTbot_official/Code/Python/../../OsimModels/right_arm_GH_full.osim
[2024-03-11 16:19:13.349] [info] Loaded model model from file /home/itbellix/Desktop/GitHub/PTbot_official/Code/Python/../../OsimModels/right_arm_GH_full.osim
[2024-03-11 16:28:34.027] [info] Loaded model model from file /home/itbellix/Desktop/GitHub/PTbot_official/Code/Python/../../OsimModels/right_arm_GH_full.osim
[2024-03-11 17:00:22.950] [info] Loaded model model from file /home/itbellix/Desktop/GitHub/PTbot_official/Code/Python/../../OsimModels/right_arm_GH_full.osim
[2024-03-11 17:04:26.381] [info] Loaded model model from file /home/itbellix/Desktop/GitHub/PTbot_official/Code/Python/../../OsimModels/right_arm_GH_full.osim
[2024-03-11 17:10:55.085] [info] Loaded model model from file /home/itbellix/Desktop/GitHub/PTbot_official/Code/Python/../../OsimModels/right_arm_GH_full.osim
[2024-03-11 17:47:27.910] [info] Loaded model model from file /home/itbellix/Desktop/GitHub/PTbot_official/Code/Python/../../OsimModels/right_arm_GH_full.osim
[2024-03-11 17:50:12.257] [info] Loaded model model from file /home/itbellix/Desktop/GitHub/PTbot_official/Code/Python/../../OsimModels/right_arm_GH_full.osim
[2024-03-11 18:13:21.461] [info] Loaded model model from file /home/itbellix/Desktop/GitHub/PTbot_official/Code/Python/../../OsimModels/right_arm_GH_full.osim
[2024-03-11 18:15:14.980] [info] Loaded model model from file /home/itbellix/Desktop/GitHub/PTbot_official/Code/Python/../../OsimModels/right_arm_GH_full.osim
[2024-03-11 18:19:07.813] [info] Loaded model model from file /home/itbellix/Desktop/GitHub/PTbot_official/Code/Python/../../OsimModels/right_arm_GH_full.osim
[2024-03-12 11:37:54.345] [info] Loaded model model from file /home/itbellix/Desktop/GitHub/PTbot_official/Code/Python/../../OsimModels/right_arm_GH_full.osim
[2024-03-12 11:39:27.700] [info] Loaded model model from file /home/itbellix/Desktop/GitHub/PTbot_official/Code/Python/../../OsimModels/right_arm_GH_full.osim
[2024-03-12 11:39:42.580] [info] Loaded model model from file /home/itbellix/Desktop/GitHub/PTbot_official/Code/Python/../../OsimModels/right_arm_GH_full.osim
[2024-03-12 11:42:23.780] [info] Loaded model model from file /home/itbellix/Desktop/GitHub/PTbot_official/Code/Python/../../OsimModels/right_arm_GH_full.osim
[2024-03-12 11:43:25.356] [info] Loaded model model from file /home/itbellix/Desktop/GitHub/PTbot_official/Code/Python/../../OsimModels/right_arm_GH_full.osim
[2024-03-12 11:50:18.607] [info] Loaded model model from file /home/itbellix/Desktop/GitHub/PTbot_official/Code/Python/../../OsimModels/right_arm_GH_full.osim
[2024-03-12 11:54:28.568] [info] Loaded model model from file /home/itbellix/Desktop/GitHub/PTbot_official/Code/Python/../../OsimModels/right_arm_GH_full.osim
[2024-03-12 11:55:32.493] [info] Loaded model model from file /home/itbellix/Desktop/GitHub/PTbot_official/Code/Python/../../OsimModels/right_arm_GH_full.osim
[2024-03-12 11:58:17.197] [info] Loaded model model from file /home/itbellix/Desktop/GitHub/PTbot_official/Code/Python/../../OsimModels/right_arm_GH_full.osim
[2024-03-12 12:03:00.846] [info] Loaded model model from file /home/itbellix/Desktop/GitHub/PTbot_official/Code/Python/../../OsimModels/right_arm_GH_full.osim
[2024-03-12 17:38:51.544] [info] Loaded model ThoracoscapularShoulderModel-scaled from file /home/itbellix/Desktop/GitHub/PTbot_official/Code/Python/../../OsimModels/TSM_subject_noWeight.osim
[2024-03-12 17:38:51.573] [info] Loaded model ThoracoscapularShoulderModel-scaled from file /home/itbellix/Desktop/GitHub/PTbot_official/Code/Python/../../OsimModels/TSM_subject_noWeight.osim
[2024-03-19 09:28:43.646] [info] Loaded model model from file /home/itbellix/Desktop/GitHub/PTbot_official/Code/Python/../../OsimModels/right_arm_GH_full.osim
[2024-03-19 09:37:20.518] [info] Loaded model model from file /home/itbellix/Desktop/GitHub/PTbot_official/Code/Python/../../OsimModels/right_arm_GH_full.osim
[2024-03-19 09:39:02.362] [info] Loaded model model from file /home/itbellix/Desktop/GitHub/PTbot_official/Code/Python/../../OsimModels/right_arm_GH_full.osim
[2024-04-11 15:17:46.780] [info] Loaded model model from file /home/itbellix/Desktop/GitHub/PTbot_official/Code/Python/../../OsimModels/right_arm_GH_full.osim
[2024-04-11 15:21:42.206] [info] Loaded model model from file /home/itbellix/Desktop/GitHub/PTbot_official/Code/Python/../../OsimModels/right_arm_GH_full.osim
[2024-04-11 15:24:11.973] [info] Loaded model model from file /home/itbellix/Desktop/GitHub/PTbot_official/Code/Python/../../OsimModels/right_arm_GH_full.osim
[2024-04-11 15:31:58.851] [info] Loaded model model from file /home/itbellix/Desktop/GitHub/PTbot_official/Code/Python/../../OsimModels/right_arm_GH_full.osim
[2024-04-11 15:35:05.264] [info] Loaded model model from file /home/itbellix/Desktop/GitHub/PTbot_official/Code/Python/../../OsimModels/right_arm_GH_full.osim
[2024-04-11 15:36:51.526] [info] Loaded model model from file /home/itbellix/Desktop/GitHub/PTbot_official/Code/Python/../../OsimModels/right_arm_GH_full.osim
[2024-04-11 15:38:54.763] [info] Loaded model model from file /home/itbellix/Desktop/GitHub/PTbot_official/Code/Python/../../OsimModels/right_arm_GH_full.osim
[2024-04-11 15:43:37.112] [info] Loaded model model from file /home/itbellix/Desktop/GitHub/PTbot_official/Code/Python/../../OsimModels/right_arm_GH_full.osim
[2024-04-11 15:46:48.770] [info] Loaded model model from file /home/itbellix/Desktop/GitHub/PTbot_official/Code/Python/../../OsimModels/right_arm_GH_full.osim
[2024-04-11 15:48:21.628] [info] Loaded model model from file /home/itbellix/Desktop/GitHub/PTbot_official/Code/Python/../../OsimModels/right_arm_GH_full.osim
[2024-04-11 15:52:05.582] [info] Loaded model model from file /home/itbellix/Desktop/GitHub/PTbot_official/Code/Python/../../OsimModels/right_arm_GH_full.osim
[2024-04-11 16:34:22.971] [info] Loaded model model from file /home/itbellix/Desktop/GitHub/PTbot_official/Code/Python/../../OsimModels/right_arm_GH_full.osim
[2024-04-11 16:41:41.511] [info] Loaded model model from file /home/itbellix/Desktop/GitHub/PTbot_official/Code/Python/../../OsimModels/right_arm_GH_full.osim
[2024-04-11 16:50:18.840] [info] Loaded model model from file /home/itbellix/Desktop/GitHub/PTbot_official/Code/Python/../../OsimModels/right_arm_GH_full.osim
[2024-04-11 16:55:23.744] [info] Loaded model model from file /home/itbellix/Desktop/GitHub/PTbot_official/Code/Python/../../OsimModels/right_arm_GH_full.osim
[2024-04-11 16:57:43.272] [info] Loaded model model from file /home/itbellix/Desktop/GitHub/PTbot_official/Code/Python/../../OsimModels/right_arm_GH_full.osim
[2024-04-11 16:59:59.891] [info] Loaded model model from file /home/itbellix/Desktop/GitHub/PTbot_official/Code/Python/../../OsimModels/right_arm_GH_full.osim
[2024-04-11 17:03:00.882] [info] Loaded model model from file /home/itbellix/Desktop/GitHub/PTbot_official/Code/Python/../../OsimModels/right_arm_GH_full.osim
[2024-04-11 17:11:03.407] [info] Loaded model model from file /home/itbellix/Desktop/GitHub/PTbot_official/Code/Python/../../OsimModels/right_arm_GH_full.osim
[2024-04-11 17:15:49.755] [info] Loaded model model from file /home/itbellix/Desktop/GitHub/PTbot_official/Code/Python/../../OsimModels/right_arm_GH_full.osim
[2024-04-11 17:17:41.244] [info] Loaded model model from file /home/itbellix/Desktop/GitHub/PTbot_official/Code/Python/../../OsimModels/right_arm_GH_full.osim
[2024-04-11 17:20:20.859] [info] Loaded model model from file /home/itbellix/Desktop/GitHub/PTbot_official/Code/Python/../../OsimModels/right_arm_GH_full.osim
[2024-04-11 17:23:55.289] [info] Loaded model model from file /home/itbellix/Desktop/GitHub/PTbot_official/Code/Python/../../OsimModels/right_arm_GH_full.osim
[2024-04-11 17:30:00.762] [info] Loaded model model from file /home/itbellix/Desktop/GitHub/PTbot_official/Code/Python/../../OsimModels/right_arm_GH_full.osim
[2024-04-11 17:31:28.424] [info] Loaded model model from file /home/itbellix/Desktop/GitHub/PTbot_official/Code/Python/../../OsimModels/right_arm_GH_full.osim
[2024-04-15 15:27:37.002] [info] Loaded model model from file /home/itbellix/Desktop/GitHub/PTbot_official/Code/Python/../../OsimModels/right_arm_GH_full.osim
[2024-04-15 15:30:50.263] [info] Loaded model model from file /home/itbellix/Desktop/GitHub/PTbot_official/Code/Python/../../OsimModels/right_arm_GH_full.osim
[2024-04-15 15:36:56.085] [info] Loaded model model from file /home/itbellix/Desktop/GitHub/PTbot_official/Code/Python/../../OsimModels/right_arm_GH_full.osim
[2024-04-15 15:41:59.757] [info] Loaded model model from file /home/itbellix/Desktop/GitHub/PTbot_official/Code/Python/../../OsimModels/right_arm_GH_full.osim
[2024-04-15 15:43:41.285] [info] Loaded model model from file /home/itbellix/Desktop/GitHub/PTbot_official/Code/Python/../../OsimModels/right_arm_GH_full.osim
[2024-04-15 15:45:38.599] [info] Loaded model model from file /home/itbellix/Desktop/GitHub/PTbot_official/Code/Python/../../OsimModels/right_arm_GH_full.osim
[2024-04-15 15:57:01.547] [info] Loaded model model from file /home/itbellix/Desktop/GitHub/PTbot_official/Code/Python/../../OsimModels/right_arm_GH_full.osim
[2024-04-15 16:05:42.153] [info] Loaded model model from file /home/itbellix/Desktop/GitHub/PTbot_official/Code/Python/../../OsimModels/right_arm_GH_full.osim
[2024-04-15 16:09:08.558] [info] Loaded model model from file /home/itbellix/Desktop/GitHub/PTbot_official/Code/Python/../../OsimModels/right_arm_GH_full.osim
[2024-04-15 16:09:51.320] [info] Loaded model model from file /home/itbellix/Desktop/GitHub/PTbot_official/Code/Python/../../OsimModels/right_arm_GH_full.osim
[2024-04-15 16:10:15.378] [info] Loaded model model from file /home/itbellix/Desktop/GitHub/PTbot_official/Code/Python/../../OsimModels/right_arm_GH_full.osim
[2024-04-15 16:12:05.357] [info] Loaded model model from file /home/itbellix/Desktop/GitHub/PTbot_official/Code/Python/../../OsimModels/right_arm_GH_full.osim
[2024-04-15 16:14:23.821] [info] Loaded model model from file /home/itbellix/Desktop/GitHub/PTbot_official/Code/Python/../../OsimModels/right_arm_GH_full.osim
[2024-04-15 16:17:15.605] [info] Loaded model model from file /home/itbellix/Desktop/GitHub/PTbot_official/Code/Python/../../OsimModels/right_arm_GH_full.osim
[2024-04-15 16:17:27.176] [info] Loaded model model from file /home/itbellix/Desktop/GitHub/PTbot_official/Code/Python/../../OsimModels/right_arm_GH_full.osim
[2024-04-15 16:20:20.394] [info] Loaded model model from file /home/itbellix/Desktop/GitHub/PTbot_official/Code/Python/../../OsimModels/right_arm_GH_full.osim
[2024-04-15 16:20:26.849] [info] Loaded model model from file /home/itbellix/Desktop/GitHub/PTbot_official/Code/Python/../../OsimModels/right_arm_GH_full.osim
[2024-04-15 16:21:13.882] [info] Loaded model model from file /home/itbellix/Desktop/GitHub/PTbot_official/Code/Python/../../OsimModels/right_arm_GH_full.osim
[2024-04-15 16:21:19.799] [info] Loaded model model from file /home/itbellix/Desktop/GitHub/PTbot_official/Code/Python/../../OsimModels/right_arm_GH_full.osim
[2024-04-15 16:21:55.765] [info] Loaded model model from file /home/itbellix/Desktop/GitHub/PTbot_official/Code/Python/../../OsimModels/right_arm_GH_full.osim
[2024-04-15 16:22:45.419] [info] Loaded model model from file /home/itbellix/Desktop/GitHub/PTbot_official/Code/Python/../../OsimModels/right_arm_GH_full.osim
[2024-04-15 16:22:51.619] [info] Loaded model model from file /home/itbellix/Desktop/GitHub/PTbot_official/Code/Python/../../OsimModels/right_arm_GH_full.osim
[2024-04-15 16:24:27.096] [info] Loaded model model from file /home/itbellix/Desktop/GitHub/PTbot_official/Code/Python/../../OsimModels/right_arm_GH_full.osim
[2024-04-15 16:24:58.843] [info] Loaded model model from file /home/itbellix/Desktop/GitHub/PTbot_official/Code/Python/../../OsimModels/right_arm_GH_full.osim
[2024-04-15 16:25:15.659] [info] Loaded model model from file /home/itbellix/Desktop/GitHub/PTbot_official/Code/Python/../../OsimModels/right_arm_GH_full.osim
[2024-04-15 16:25:28.907] [info] Loaded model model from file /home/itbellix/Desktop/GitHub/PTbot_official/Code/Python/../../OsimModels/right_arm_GH_full.osim
[2024-04-15 16:25:32.921] [info] Loaded model model from file /home/itbellix/Desktop/GitHub/PTbot_official/Code/Python/../../OsimModels/right_arm_GH_full.osim
[2024-04-15 16:25:37.190] [info] Loaded model model from file /home/itbellix/Desktop/GitHub/PTbot_official/Code/Python/../../OsimModels/right_arm_GH_full.osim
[2024-04-15 16:26:13.580] [info] Loaded model model from file /home/itbellix/Desktop/GitHub/PTbot_official/Code/Python/../../OsimModels/right_arm_GH_full.osim
[2024-04-15 16:29:19.397] [info] Loaded model model from file /home/itbellix/Desktop/GitHub/PTbot_official/Code/Python/../../OsimModels/right_arm_GH_full.osim
[2024-04-15 16:30:31.536] [info] Loaded model model from file /home/itbellix/Desktop/GitHub/PTbot_official/Code/Python/../../OsimModels/right_arm_GH_full.osim
[2024-04-15 16:31:06.385] [info] Loaded model model from file /home/itbellix/Desktop/GitHub/PTbot_official/Code/Python/../../OsimModels/right_arm_GH_full.osim
[2024-04-15 16:31:12.182] [info] Loaded model model from file /home/itbellix/Desktop/GitHub/PTbot_official/Code/Python/../../OsimModels/right_arm_GH_full.osim
[2024-04-15 16:31:18.943] [info] Loaded model model from file /home/itbellix/Desktop/GitHub/PTbot_official/Code/Python/../../OsimModels/right_arm_GH_full.osim
[2024-04-15 16:31:23.835] [info] Loaded model model from file /home/itbellix/Desktop/GitHub/PTbot_official/Code/Python/../../OsimModels/right_arm_GH_full.osim
[2024-04-15 16:31:30.780] [info] Loaded model model from file /home/itbellix/Desktop/GitHub/PTbot_official/Code/Python/../../OsimModels/right_arm_GH_full.osim
[2024-04-15 16:31:54.179] [info] Loaded model model from file /home/itbellix/Desktop/GitHub/PTbot_official/Code/Python/../../OsimModels/right_arm_GH_full.osim
[2024-04-15 16:36:32.296] [info] Loaded model model from file /home/itbellix/Desktop/GitHub/PTbot_official/Code/Python/../../OsimModels/right_arm_GH_full.osim
[2024-04-15 16:43:13.703] [info] Loaded model model from file /home/itbellix/Desktop/GitHub/PTbot_official/Code/Python/../../OsimModels/right_arm_GH_full.osim
[2024-04-15 16:45:16.963] [info] Loaded model model from file /home/itbellix/Desktop/GitHub/PTbot_official/Code/Python/../../OsimModels/right_arm_GH_full.osim
[2024-04-15 16:48:08.258] [info] Loaded model model from file /home/itbellix/Desktop/GitHub/PTbot_official/Code/Python/../../OsimModels/right_arm_GH_full.osim
[2024-04-15 16:51:59.646] [info] Loaded model model from file /home/itbellix/Desktop/GitHub/PTbot_official/Code/Python/../../OsimModels/right_arm_GH_full.osim
[2024-04-15 16:55:03.577] [info] Loaded model model from file /home/itbellix/Desktop/GitHub/PTbot_official/Code/Python/../../OsimModels/right_arm_GH_full.osim
[2024-04-15 16:57:05.060] [info] Loaded model model from file /home/itbellix/Desktop/GitHub/PTbot_official/Code/Python/../../OsimModels/right_arm_GH_full.osim
[2024-04-15 17:00:43.024] [info] Loaded model model from file /home/itbellix/Desktop/GitHub/PTbot_official/Code/Python/../../OsimModels/right_arm_GH_full.osim
[2024-04-15 17:03:28.801] [info] Loaded model model from file /home/itbellix/Desktop/GitHub/PTbot_official/Code/Python/../../OsimModels/right_arm_GH_full.osim
[2024-04-15 17:08:15.545] [info] Loaded model model from file /home/itbellix/Desktop/GitHub/PTbot_official/Code/Python/../../OsimModels/right_arm_GH_full.osim
[2024-04-15 17:10:52.422] [info] Loaded model model from file /home/itbellix/Desktop/GitHub/PTbot_official/Code/Python/../../OsimModels/right_arm_GH_full.osim
[2024-04-15 17:12:05.051] [info] Loaded model model from file /home/itbellix/Desktop/GitHub/PTbot_official/Code/Python/../../OsimModels/right_arm_GH_full.osim
[2024-04-15 17:14:12.853] [info] Loaded model model from file /home/itbellix/Desktop/GitHub/PTbot_official/Code/Python/../../OsimModels/right_arm_GH_full.osim
[2024-04-15 17:18:00.330] [info] Loaded model model from file /home/itbellix/Desktop/GitHub/PTbot_official/Code/Python/../../OsimModels/right_arm_GH_full.osim
[2024-04-15 17:20:24.752] [info] Loaded model model from file /home/itbellix/Desktop/GitHub/PTbot_official/Code/Python/../../OsimModels/right_arm_GH_full.osim
[2024-04-15 17:23:29.484] [info] Loaded model model from file /home/itbellix/Desktop/GitHub/PTbot_official/Code/Python/../../OsimModels/right_arm_GH_full.osim
[2024-04-15 17:25:52.865] [info] Loaded model model from file /home/itbellix/Desktop/GitHub/PTbot_official/Code/Python/../../OsimModels/right_arm_GH_full.osim
[2024-04-15 17:30:42.770] [info] Loaded model model from file /home/itbellix/Desktop/GitHub/PTbot_official/Code/Python/../../OsimModels/right_arm_GH_full.osim
[2024-04-15 17:33:49.579] [info] Loaded model model from file /home/itbellix/Desktop/GitHub/PTbot_official/Code/Python/../../OsimModels/right_arm_GH_full.osim
[2024-04-15 17:36:48.362] [info] Loaded model model from file /home/itbellix/Desktop/GitHub/PTbot_official/Code/Python/../../OsimModels/right_arm_GH_full.osim
[2024-04-15 17:40:38.484] [info] Loaded model model from file /home/itbellix/Desktop/GitHub/PTbot_official/Code/Python/../../OsimModels/right_arm_GH_full.osim
[2024-04-15 17:41:07.386] [info] Loaded model model from file /home/itbellix/Desktop/GitHub/PTbot_official/Code/Python/../../OsimModels/right_arm_GH_full.osim
[2024-04-15 18:09:13.052] [info] Loaded model model from file /home/itbellix/Desktop/GitHub/PTbot_official/Code/Python/../../OsimModels/right_arm_GH_full.osim
[2024-04-15 18:12:35.087] [info] Loaded model model from file /home/itbellix/Desktop/GitHub/PTbot_official/Code/Python/../../OsimModels/right_arm_GH_full.osim
[2024-04-15 18:16:14.897] [info] Loaded model model from file /home/itbellix/Desktop/GitHub/PTbot_official/Code/Python/../../OsimModels/right_arm_GH_full.osim
[2024-04-24 13:52:01.882] [info] Loaded model model from file /home/itbellix/Desktop/GitHub/PTbot_official/Code/Python/../../OsimModels/right_arm_GH_full.osim
[2024-04-24 13:57:32.589] [info] Loaded model model from file /home/itbellix/Desktop/GitHub/PTbot_official/Code/Python/../../OsimModels/right_arm_GH_full.osim
[2024-04-24 14:02:01.798] [info] Loaded model model from file /home/itbellix/Desktop/GitHub/PTbot_official/Code/Python/../../OsimModels/right_arm_GH_full.osim
[2024-04-24 14:04:49.818] [info] Loaded model model from file /home/itbellix/Desktop/GitHub/PTbot_official/Code/Python/../../OsimModels/right_arm_GH_full.osim
[2024-04-24 14:07:14.443] [info] Loaded model model from file /home/itbellix/Desktop/GitHub/PTbot_official/Code/Python/../../OsimModels/right_arm_GH_full.osim
[2024-04-24 14:09:53.785] [info] Loaded model model from file /home/itbellix/Desktop/GitHub/PTbot_official/Code/Python/../../OsimModels/right_arm_GH_full.osim
[2024-04-24 14:13:52.934] [info] Loaded model model from file /home/itbellix/Desktop/GitHub/PTbot_official/Code/Python/../../OsimModels/right_arm_GH_full.osim
[2024-04-24 14:17:35.851] [info] Loaded model model from file /home/itbellix/Desktop/GitHub/PTbot_official/Code/Python/../../OsimModels/right_arm_GH_full.osim
[2024-04-24 14:21:00.820] [info] Loaded model model from file /home/itbellix/Desktop/GitHub/PTbot_official/Code/Python/../../OsimModels/right_arm_GH_full.osim
[2024-04-24 14:25:22.750] [info] Loaded model model from file /home/itbellix/Desktop/GitHub/PTbot_official/Code/Python/../../OsimModels/right_arm_GH_full.osim
[2024-04-24 14:30:28.322] [info] Loaded model model from file /home/itbellix/Desktop/GitHub/PTbot_official/Code/Python/../../OsimModels/right_arm_GH_full.osim
[2024-04-24 14:37:38.495] [info] Loaded model model from file /home/itbellix/Desktop/GitHub/PTbot_official/Code/Python/../../OsimModels/right_arm_GH_full.osim
[2024-04-24 14:39:03.312] [info] Loaded model model from file /home/itbellix/Desktop/GitHub/PTbot_official/Code/Python/../../OsimModels/right_arm_GH_full.osim
[2024-04-24 14:43:53.196] [info] Loaded model model from file /home/itbellix/Desktop/GitHub/PTbot_official/Code/Python/../../OsimModels/right_arm_GH_full.osim
[2024-04-24 14:45:30.485] [info] Loaded model model from file /home/itbellix/Desktop/GitHub/PTbot_official/Code/Python/../../OsimModels/right_arm_GH_full.osim
[2024-04-24 14:48:05.714] [info] Loaded model model from file /home/itbellix/Desktop/GitHub/PTbot_official/Code/Python/../../OsimModels/right_arm_GH_full.osim
[2024-04-24 14:51:41.412] [info] Loaded model model from file /home/itbellix/Desktop/GitHub/PTbot_official/Code/Python/../../OsimModels/right_arm_GH_full.osim
[2024-04-24 14:53:53.591] [info] Loaded model model from file /home/itbellix/Desktop/GitHub/PTbot_official/Code/Python/../../OsimModels/right_arm_GH_full.osim
[2024-04-25 09:22:33.379] [info] Loaded model model from file /home/itbellix/Desktop/GitHub/PTbot_official/Code/Python/../../OsimModels/right_arm_GH_full.osim
[2024-04-25 09:25:43.042] [info] Loaded model model from file /home/itbellix/Desktop/GitHub/PTbot_official/Code/Python/../../OsimModels/right_arm_GH_full.osim
[2024-04-25 09:30:53.725] [info] Loaded model model from file /home/itbellix/Desktop/GitHub/PTbot_official/Code/Python/../../OsimModels/right_arm_GH_full.osim
[2024-04-25 09:35:34.968] [info] Loaded model model from file /home/itbellix/Desktop/GitHub/PTbot_official/Code/Python/../../OsimModels/right_arm_GH_full.osim
[2024-04-25 09:37:44.804] [info] Loaded model model from file /home/itbellix/Desktop/GitHub/PTbot_official/Code/Python/../../OsimModels/right_arm_GH_full.osim
[2024-04-25 09:39:48.323] [info] Loaded model model from file /home/itbellix/Desktop/GitHub/PTbot_official/Code/Python/../../OsimModels/right_arm_GH_full.osim
[2024-04-25 09:41:57.478] [info] Loaded model model from file /home/itbellix/Desktop/GitHub/PTbot_official/Code/Python/../../OsimModels/right_arm_GH_full.osim
[2024-04-25 09:44:00.844] [info] Loaded model model from file /home/itbellix/Desktop/GitHub/PTbot_official/Code/Python/../../OsimModels/right_arm_GH_full.osim
[2024-04-25 09:50:18.585] [info] Loaded model model from file /home/itbellix/Desktop/GitHub/PTbot_official/Code/Python/../../OsimModels/right_arm_GH_full.osim
[2024-04-25 10:01:11.017] [info] Loaded model model from file /home/itbellix/Desktop/GitHub/PTbot_official/Code/Python/../../OsimModels/right_arm_GH_full.osim
[2024-04-25 10:03:16.612] [info] Loaded model model from file /home/itbellix/Desktop/GitHub/PTbot_official/Code/Python/../../OsimModels/right_arm_GH_full.osim
[2024-04-25 10:07:59.252] [info] Loaded model model from file /home/itbellix/Desktop/GitHub/PTbot_official/Code/Python/../../OsimModels/right_arm_GH_full.osim
[2024-04-25 10:11:00.836] [info] Loaded model model from file /home/itbellix/Desktop/GitHub/PTbot_official/Code/Python/../../OsimModels/right_arm_GH_full.osim
[2024-04-25 10:13:35.649] [info] Loaded model model from file /home/itbellix/Desktop/GitHub/PTbot_official/Code/Python/../../OsimModels/right_arm_GH_full.osim
[2024-04-25 10:18:05.396] [info] Loaded model model from file /home/itbellix/Desktop/GitHub/PTbot_official/Code/Python/../../OsimModels/right_arm_GH_full.osim
[2024-04-25 10:22:26.726] [info] Loaded model model from file /home/itbellix/Desktop/GitHub/PTbot_official/Code/Python/../../OsimModels/right_arm_GH_full.osim
[2024-04-25 10:24:43.672] [info] Loaded model model from file /home/itbellix/Desktop/GitHub/PTbot_official/Code/Python/../../OsimModels/right_arm_GH_full.osim
[2024-04-25 10:28:06.376] [info] Loaded model model from file /home/itbellix/Desktop/GitHub/PTbot_official/Code/Python/../../OsimModels/right_arm_GH_full.osim
[2024-04-25 10:30:19.615] [info] Loaded model model from file /home/itbellix/Desktop/GitHub/PTbot_official/Code/Python/../../OsimModels/right_arm_GH_full.osim
[2024-04-25 10:31:30.031] [info] Loaded model model from file /home/itbellix/Desktop/GitHub/PTbot_official/Code/Python/../../OsimModels/right_arm_GH_full.osim
[2024-04-25 10:33:14.265] [info] Loaded model model from file /home/itbellix/Desktop/GitHub/PTbot_official/Code/Python/../../OsimModels/right_arm_GH_full.osim
[2024-04-25 10:36:42.324] [info] Loaded model model from file /home/itbellix/Desktop/GitHub/PTbot_official/Code/Python/../../OsimModels/right_arm_GH_full.osim
[2024-04-25 10:39:07.480] [info] Loaded model model from file /home/itbellix/Desktop/GitHub/PTbot_official/Code/Python/../../OsimModels/right_arm_GH_full.osim
[2024-04-25 10:42:28.331] [info] Loaded model model from file /home/itbellix/Desktop/GitHub/PTbot_official/Code/Python/../../OsimModels/right_arm_GH_full.osim
[2024-04-25 10:45:05.527] [info] Loaded model model from file /home/itbellix/Desktop/GitHub/PTbot_official/Code/Python/../../OsimModels/right_arm_GH_full.osim
[2024-04-25 10:46:25.214] [info] Loaded model model from file /home/itbellix/Desktop/GitHub/PTbot_official/Code/Python/../../OsimModels/right_arm_GH_full.osim
[2024-04-25 10:47:48.068] [info] Loaded model model from file /home/itbellix/Desktop/GitHub/PTbot_official/Code/Python/../../OsimModels/right_arm_GH_full.osim
[2024-04-25 10:52:17.754] [info] Loaded model model from file /home/itbellix/Desktop/GitHub/PTbot_official/Code/Python/../../OsimModels/right_arm_GH_full.osim
[2024-04-25 10:53:25.987] [info] Loaded model model from file /home/itbellix/Desktop/GitHub/PTbot_official/Code/Python/../../OsimModels/right_arm_GH_full.osim
[2024-04-25 11:13:33.349] [info] Loaded model model from file /home/itbellix/Desktop/GitHub/PTbot_official/Code/Python/../../OsimModels/right_arm_GH_full.osim
[2024-04-25 11:14:48.493] [info] Loaded model model from file /home/itbellix/Desktop/GitHub/PTbot_official/Code/Python/../../OsimModels/right_arm_GH_full.osim
[2024-04-25 11:19:21.049] [info] Loaded model model from file /home/itbellix/Desktop/GitHub/PTbot_official/Code/Python/../../OsimModels/right_arm_GH_full.osim
[2024-04-25 11:25:16.804] [info] Loaded model model from file /home/itbellix/Desktop/GitHub/PTbot_official/Code/Python/../../OsimModels/right_arm_GH_full.osim
[2024-04-25 11:40:54.866] [info] Loaded model model from file /home/itbellix/Desktop/GitHub/PTbot_official/Code/Python/../../OsimModels/right_arm_GH_full.osim
[2024-04-25 11:43:24.237] [info] Loaded model model from file /home/itbellix/Desktop/GitHub/PTbot_official/Code/Python/../../OsimModels/right_arm_GH_full.osim
[2024-04-25 11:49:47.491] [info] Loaded model model from file /home/itbellix/Desktop/GitHub/PTbot_official/Code/Python/../../OsimModels/right_arm_GH_full.osim
[2024-04-25 12:14:14.639] [info] Loaded model model from file /home/itbellix/Desktop/GitHub/PTbot_official/Code/Python/../../OsimModels/right_arm_GH_full.osim
[2024-04-25 12:15:16.133] [info] Loaded model model from file /home/itbellix/Desktop/GitHub/PTbot_official/Code/Python/../../OsimModels/right_arm_GH_full.osim
[2024-04-25 12:17:49.288] [info] Loaded model model from file /home/itbellix/Desktop/GitHub/PTbot_official/Code/Python/../../OsimModels/right_arm_GH_full.osim
[2024-04-25 12:25:39.666] [info] Loaded model model from file /home/itbellix/Desktop/GitHub/PTbot_official/Code/Python/../../OsimModels/right_arm_GH_full.osim
[2024-04-25 12:28:47.415] [info] Loaded model model from file /home/itbellix/Desktop/GitHub/PTbot_official/Code/Python/../../OsimModels/right_arm_GH_full.osim
[2024-04-25 14:20:58.916] [info] Loaded model model from file /home/itbellix/Desktop/GitHub/PTbot_official/Code/Python/../../OsimModels/right_arm_GH_full.osim
[2024-04-25 14:25:41.012] [info] Loaded model model from file /home/itbellix/Desktop/GitHub/PTbot_official/Code/Python/../../OsimModels/right_arm_GH_full.osim
[2024-04-25 14:27:13.007] [info] Loaded model model from file /home/itbellix/Desktop/GitHub/PTbot_official/Code/Python/../../OsimModels/right_arm_GH_full.osim
[2024-04-25 14:31:19.124] [info] Loaded model model from file /home/itbellix/Desktop/GitHub/PTbot_official/Code/Python/../../OsimModels/right_arm_GH_full.osim
[2024-04-25 14:34:58.655] [info] Loaded model model from file /home/itbellix/Desktop/GitHub/PTbot_official/Code/Python/../../OsimModels/right_arm_GH_full.osim
[2024-04-25 14:38:40.223] [info] Loaded model model from file /home/itbellix/Desktop/GitHub/PTbot_official/Code/Python/../../OsimModels/right_arm_GH_full.osim
[2024-04-25 14:40:20.020] [info] Loaded model model from file /home/itbellix/Desktop/GitHub/PTbot_official/Code/Python/../../OsimModels/right_arm_GH_full.osim
[2024-04-25 14:43:42.491] [info] Loaded model model from file /home/itbellix/Desktop/GitHub/PTbot_official/Code/Python/../../OsimModels/right_arm_GH_full.osim
[2024-04-25 14:50:28.099] [info] Loaded model model from file /home/itbellix/Desktop/GitHub/PTbot_official/Code/Python/../../OsimModels/right_arm_GH_full.osim
[2024-04-25 14:52:46.913] [info] Loaded model model from file /home/itbellix/Desktop/GitHub/PTbot_official/Code/Python/../../OsimModels/right_arm_GH_full.osim
[2024-04-25 14:54:35.884] [info] Loaded model model from file /home/itbellix/Desktop/GitHub/PTbot_official/Code/Python/../../OsimModels/right_arm_GH_full.osim
[2024-04-25 14:57:17.747] [info] Loaded model model from file /home/itbellix/Desktop/GitHub/PTbot_official/Code/Python/../../OsimModels/right_arm_GH_full.osim
[2024-04-25 14:59:09.781] [info] Loaded model model from file /home/itbellix/Desktop/GitHub/PTbot_official/Code/Python/../../OsimModels/right_arm_GH_full.osim
[2024-04-25 15:07:58.628] [info] Loaded model model from file /home/itbellix/Desktop/GitHub/PTbot_official/Code/Python/../../OsimModels/right_arm_GH_full.osim
[2024-04-25 15:17:51.987] [info] Loaded model model from file /home/itbellix/Desktop/GitHub/PTbot_official/Code/Python/../../OsimModels/right_arm_GH_full.osim
[2024-04-25 15:20:39.941] [info] Loaded model model from file /home/itbellix/Desktop/GitHub/PTbot_official/Code/Python/../../OsimModels/right_arm_GH_full.osim
[2024-04-25 15:24:09.761] [info] Loaded model model from file /home/itbellix/Desktop/GitHub/PTbot_official/Code/Python/../../OsimModels/right_arm_GH_full.osim
[2024-04-25 15:26:36.976] [info] Loaded model model from file /home/itbellix/Desktop/GitHub/PTbot_official/Code/Python/../../OsimModels/right_arm_GH_full.osim
[2024-04-25 15:30:10.652] [info] Loaded model model from file /home/itbellix/Desktop/GitHub/PTbot_official/Code/Python/../../OsimModels/right_arm_GH_full.osim
[2024-04-25 15:32:19.978] [info] Loaded model model from file /home/itbellix/Desktop/GitHub/PTbot_official/Code/Python/../../OsimModels/right_arm_GH_full.osim
[2024-04-25 15:33:22.798] [info] Loaded model model from file /home/itbellix/Desktop/GitHub/PTbot_official/Code/Python/../../OsimModels/right_arm_GH_full.osim
[2024-04-25 15:36:46.194] [info] Loaded model model from file /home/itbellix/Desktop/GitHub/PTbot_official/Code/Python/../../OsimModels/right_arm_GH_full.osim
[2024-04-25 15:39:20.259] [info] Loaded model model from file /home/itbellix/Desktop/GitHub/PTbot_official/Code/Python/../../OsimModels/right_arm_GH_full.osim
[2024-04-25 15:43:06.726] [info] Loaded model model from file /home/itbellix/Desktop/GitHub/PTbot_official/Code/Python/../../OsimModels/right_arm_GH_full.osim
[2024-04-25 15:44:34.069] [info] Loaded model model from file /home/itbellix/Desktop/GitHub/PTbot_official/Code/Python/../../OsimModels/right_arm_GH_full.osim
[2024-04-25 15:47:50.990] [info] Loaded model model from file /home/itbellix/Desktop/GitHub/PTbot_official/Code/Python/../../OsimModels/right_arm_GH_full.osim
[2024-05-02 10:43:43.355] [info] Loaded model model from file /home/itbellix/Desktop/GitHub/PTbot_official/Code/Python/../../OsimModels/right_arm_GH_full.osim
[2024-05-03 10:43:29.194] [info] Loaded model model from file /home/itbellix/Desktop/GitHub/PTbot_official/Code/Python/../../OsimModels/right_arm_GH_full.osim
[2024-05-03 10:46:06.346] [info] Loaded model model from file /home/itbellix/Desktop/GitHub/PTbot_official/Code/Python/../../OsimModels/right_arm_GH_full.osim
[2024-05-03 10:48:46.526] [info] Loaded model model from file /home/itbellix/Desktop/GitHub/PTbot_official/Code/Python/../../OsimModels/right_arm_GH_full.osim
[2024-05-03 10:51:15.942] [info] Loaded model model from file /home/itbellix/Desktop/GitHub/PTbot_official/Code/Python/../../OsimModels/right_arm_GH_full.osim
[2024-05-03 10:51:58.493] [info] Loaded model model from file /home/itbellix/Desktop/GitHub/PTbot_official/Code/Python/../../OsimModels/right_arm_GH_full.osim
[2024-05-03 10:53:52.399] [info] Loaded model model from file /home/itbellix/Desktop/GitHub/PTbot_official/Code/Python/../../OsimModels/right_arm_GH_full.osim
[2024-05-03 10:58:38.306] [info] Loaded model model from file /home/itbellix/Desktop/GitHub/PTbot_official/Code/Python/../../OsimModels/right_arm_GH_full.osim
[2024-05-03 11:02:49.491] [info] Loaded model model from file /home/itbellix/Desktop/GitHub/PTbot_official/Code/Python/../../OsimModels/right_arm_GH_full.osim
[2024-05-03 11:10:20.870] [info] Loaded model model from file /home/itbellix/Desktop/GitHub/PTbot_official/Code/Python/../../OsimModels/right_arm_GH_full.osim
[2024-05-03 11:12:47.328] [info] Loaded model model from file /home/itbellix/Desktop/GitHub/PTbot_official/Code/Python/../../OsimModels/right_arm_GH_full.osim
[2024-05-03 11:37:54.834] [info] Loaded model model from file /home/itbellix/Desktop/GitHub/PTbot_official/Code/Python/../../OsimModels/right_arm_GH_full.osim
[2024-05-03 11:39:00.086] [info] Loaded model model from file /home/itbellix/Desktop/GitHub/PTbot_official/Code/Python/../../OsimModels/right_arm_GH_full.osim
[2024-05-03 11:44:13.999] [info] Loaded model model from file /home/itbellix/Desktop/GitHub/PTbot_official/Code/Python/../../OsimModels/right_arm_GH_full.osim
[2024-05-03 11:52:44.675] [info] Loaded model model from file /home/itbellix/Desktop/GitHub/PTbot_official/Code/Python/../../OsimModels/right_arm_GH_full.osim
[2024-05-03 11:54:39.616] [info] Loaded model model from file /home/itbellix/Desktop/GitHub/PTbot_official/Code/Python/../../OsimModels/right_arm_GH_full.osim
[2024-05-03 11:57:37.080] [info] Loaded model model from file /home/itbellix/Desktop/GitHub/PTbot_official/Code/Python/../../OsimModels/right_arm_GH_full.osim
[2024-05-03 11:59:50.588] [info] Loaded model model from file /home/itbellix/Desktop/GitHub/PTbot_official/Code/Python/../../OsimModels/right_arm_GH_full.osim
[2024-05-03 12:04:54.352] [info] Loaded model model from file /home/itbellix/Desktop/GitHub/PTbot_official/Code/Python/../../OsimModels/right_arm_GH_full.osim
[2024-05-03 12:07:59.977] [info] Loaded model model from file /home/itbellix/Desktop/GitHub/PTbot_official/Code/Python/../../OsimModels/right_arm_GH_full.osim
[2024-05-03 13:53:13.678] [info] Loaded model model from file /home/itbellix/Desktop/GitHub/PTbot_official/Code/Python/../../OsimModels/right_arm_GH_full.osim
[2024-05-03 13:57:14.670] [info] Loaded model model from file /home/itbellix/Desktop/GitHub/PTbot_official/Code/Python/../../OsimModels/right_arm_GH_full.osim
[2024-05-03 14:16:16.106] [info] Loaded model model from file /home/itbellix/Desktop/GitHub/PTbot_official/Code/Python/../../OsimModels/right_arm_GH_full.osim
[2024-05-03 14:57:32.993] [info] Loaded model model from file /home/itbellix/Desktop/GitHub/PTbot_official/Code/Python/../../OsimModels/right_arm_GH_full.osim
[2024-05-03 14:58:31.528] [info] Loaded model model from file /home/itbellix/Desktop/GitHub/PTbot_official/Code/Python/../../OsimModels/right_arm_GH_full.osim
[2024-05-03 16:22:47.559] [info] Loaded model model from file /home/itbellix/Desktop/GitHub/PTbot_official/Code/Python/../../OsimModels/right_arm_GH_full.osim
[2024-05-03 16:29:11.650] [info] Loaded model model from file /home/itbellix/Desktop/GitHub/PTbot_official/Code/Python/../../OsimModels/right_arm_GH_full.osim
[2024-05-03 16:31:19.847] [info] Loaded model model from file /home/itbellix/Desktop/GitHub/PTbot_official/Code/Python/../../OsimModels/right_arm_GH_full.osim
[2024-05-03 16:40:11.760] [info] Loaded model model from file /home/itbellix/Desktop/GitHub/PTbot_official/Code/Python/../../OsimModels/right_arm_GH_full.osim
[2024-05-03 16:42:46.835] [info] Loaded model model from file /home/itbellix/Desktop/GitHub/PTbot_official/Code/Python/../../OsimModels/right_arm_GH_full.osim
[2024-05-03 16:47:15.624] [info] Loaded model model from file /home/itbellix/Desktop/GitHub/PTbot_official/Code/Python/../../OsimModels/right_arm_GH_full.osim
[2024-05-03 16:49:53.077] [info] Loaded model model from file /home/itbellix/Desktop/GitHub/PTbot_official/Code/Python/../../OsimModels/right_arm_GH_full.osim
[2024-05-03 16:55:22.470] [info] Loaded model model from file /home/itbellix/Desktop/GitHub/PTbot_official/Code/Python/../../OsimModels/right_arm_GH_full.osim
[2024-05-03 17:04:08.901] [info] Loaded model model from file /home/itbellix/Desktop/GitHub/PTbot_official/Code/Python/../../OsimModels/right_arm_GH_full.osim
[2024-05-03 17:07:33.808] [info] Loaded model model from file /home/itbellix/Desktop/GitHub/PTbot_official/Code/Python/../../OsimModels/right_arm_GH_full.osim
[2024-05-03 17:12:01.262] [info] Loaded model model from file /home/itbellix/Desktop/GitHub/PTbot_official/Code/Python/../../OsimModels/right_arm_GH_full.osim
[2024-05-03 17:34:01.369] [info] Loaded model model from file /home/itbellix/Desktop/GitHub/PTbot_official/Code/Python/../../OsimModels/right_arm_GH_full.osim
[2024-05-03 17:35:44.976] [info] Loaded model model from file /home/itbellix/Desktop/GitHub/PTbot_official/Code/Python/../../OsimModels/right_arm_GH_full.osim
[2024-05-03 17:36:26.727] [info] Loaded model model from file /home/itbellix/Desktop/GitHub/PTbot_official/Code/Python/../../OsimModels/right_arm_GH_full.osim
[2024-05-03 18:27:21.764] [info] Loaded model model from file /home/itbellix/Desktop/GitHub/PTbot_official/Code/Python/../../OsimModels/right_arm_GH_full.osim
[2024-05-03 18:31:17.853] [info] Loaded model model from file /home/itbellix/Desktop/GitHub/PTbot_official/Code/Python/../../OsimModels/right_arm_GH_full.osim
[2024-05-03 18:34:07.928] [info] Loaded model model from file /home/itbellix/Desktop/GitHub/PTbot_official/Code/Python/../../OsimModels/right_arm_GH_full.osim
[2024-05-03 18:36:44.934] [info] Loaded model model from file /home/itbellix/Desktop/GitHub/PTbot_official/Code/Python/../../OsimModels/right_arm_GH_full.osim
[2024-05-03 18:39:17.916] [info] Loaded model model from file /home/itbellix/Desktop/GitHub/PTbot_official/Code/Python/../../OsimModels/right_arm_GH_full.osim
[2024-05-03 18:41:50.921] [info] Loaded model model from file /home/itbellix/Desktop/GitHub/PTbot_official/Code/Python/../../OsimModels/right_arm_GH_full.osim
[2024-05-03 18:44:28.323] [info] Loaded model model from file /home/itbellix/Desktop/GitHub/PTbot_official/Code/Python/../../OsimModels/right_arm_GH_full.osim
[2024-05-03 18:46:52.248] [info] Loaded model model from file /home/itbellix/Desktop/GitHub/PTbot_official/Code/Python/../../OsimModels/right_arm_GH_full.osim
[2024-05-03 18:49:53.564] [info] Loaded model model from file /home/itbellix/Desktop/GitHub/PTbot_official/Code/Python/../../OsimModels/right_arm_GH_full.osim
[2024-05-03 18:52:17.238] [info] Loaded model model from file /home/itbellix/Desktop/GitHub/PTbot_official/Code/Python/../../OsimModels/right_arm_GH_full.osim
[2024-05-14 15:13:29.437] [info] Loaded model model from file /home/itbellix/Desktop/GitHub/PTbot_official/Code/Python/../../OsimModels/right_arm_GH_full.osim
[2024-05-14 15:17:18.837] [info] Loaded model model from file /home/itbellix/Desktop/GitHub/PTbot_official/Code/Python/../../OsimModels/right_arm_GH_full.osim
[2024-05-14 15:20:16.039] [info] Loaded model model from file /home/itbellix/Desktop/GitHub/PTbot_official/Code/Python/../../OsimModels/right_arm_GH_full.osim
[2024-05-14 15:22:05.480] [info] Loaded model model from file /home/itbellix/Desktop/GitHub/PTbot_official/Code/Python/../../OsimModels/right_arm_GH_full.osim
[2024-05-14 15:24:24.150] [info] Loaded model model from file /home/itbellix/Desktop/GitHub/PTbot_official/Code/Python/../../OsimModels/right_arm_GH_full.osim
[2024-05-14 15:26:36.954] [info] Loaded model model from file /home/itbellix/Desktop/GitHub/PTbot_official/Code/Python/../../OsimModels/right_arm_GH_full.osim
[2024-05-14 15:29:20.138] [info] Loaded model model from file /home/itbellix/Desktop/GitHub/PTbot_official/Code/Python/../../OsimModels/right_arm_GH_full.osim
[2024-05-14 15:31:06.265] [info] Loaded model model from file /home/itbellix/Desktop/GitHub/PTbot_official/Code/Python/../../OsimModels/right_arm_GH_full.osim
[2024-05-14 15:33:18.359] [info] Loaded model model from file /home/itbellix/Desktop/GitHub/PTbot_official/Code/Python/../../OsimModels/right_arm_GH_full.osim
[2024-05-14 15:35:38.797] [info] Loaded model model from file /home/itbellix/Desktop/GitHub/PTbot_official/Code/Python/../../OsimModels/right_arm_GH_full.osim
[2024-05-14 15:38:33.891] [info] Loaded model model from file /home/itbellix/Desktop/GitHub/PTbot_official/Code/Python/../../OsimModels/right_arm_GH_full.osim
[2024-05-14 15:41:40.573] [info] Loaded model model from file /home/itbellix/Desktop/GitHub/PTbot_official/Code/Python/../../OsimModels/right_arm_GH_full.osim
[2024-05-14 15:44:09.009] [info] Loaded model model from file /home/itbellix/Desktop/GitHub/PTbot_official/Code/Python/../../OsimModels/right_arm_GH_full.osim
[2024-05-14 15:46:12.254] [info] Loaded model model from file /home/itbellix/Desktop/GitHub/PTbot_official/Code/Python/../../OsimModels/right_arm_GH_full.osim
[2024-05-14 15:47:25.327] [info] Loaded model model from file /home/itbellix/Desktop/GitHub/PTbot_official/Code/Python/../../OsimModels/right_arm_GH_full.osim
[2024-05-14 15:50:46.129] [info] Loaded model model from file /home/itbellix/Desktop/GitHub/PTbot_official/Code/Python/../../OsimModels/right_arm_GH_full.osim
[2024-05-14 15:51:40.589] [info] Loaded model model from file /home/itbellix/Desktop/GitHub/PTbot_official/Code/Python/../../OsimModels/right_arm_GH_full.osim
[2024-05-14 15:53:55.312] [info] Loaded model model from file /home/itbellix/Desktop/GitHub/PTbot_official/Code/Python/../../OsimModels/right_arm_GH_full.osim
[2024-05-14 15:55:46.710] [info] Loaded model model from file /home/itbellix/Desktop/GitHub/PTbot_official/Code/Python/../../OsimModels/right_arm_GH_full.osim
[2024-05-14 16:31:38.046] [info] Loaded model model from file /home/itbellix/Desktop/GitHub/PTbot_official/Code/Python/../../OsimModels/right_arm_GH_full.osim
[2024-05-14 16:32:46.530] [info] Loaded model model from file /home/itbellix/Desktop/GitHub/PTbot_official/Code/Python/../../OsimModels/right_arm_GH_full.osim
[2024-05-14 16:33:01.459] [info] Loaded model model from file /home/itbellix/Desktop/GitHub/PTbot_official/Code/Python/../../OsimModels/right_arm_GH_full.osim
[2024-05-14 16:34:20.521] [info] Loaded model model from file /home/itbellix/Desktop/GitHub/PTbot_official/Code/Python/../../OsimModels/right_arm_GH_full.osim
[2024-05-14 16:36:26.171] [info] Loaded model model from file /home/itbellix/Desktop/GitHub/PTbot_official/Code/Python/../../OsimModels/right_arm_GH_full.osim
[2024-05-14 16:45:40.240] [info] Loaded model model from file /home/itbellix/Desktop/GitHub/PTbot_official/Code/Python/../../OsimModels/right_arm_GH_full.osim
[2024-05-14 16:47:55.309] [info] Loaded model model from file /home/itbellix/Desktop/GitHub/PTbot_official/Code/Python/../../OsimModels/right_arm_GH_full.osim
[2024-05-14 16:50:13.939] [info] Loaded model model from file /home/itbellix/Desktop/GitHub/PTbot_official/Code/Python/../../OsimModels/right_arm_GH_full.osim
[2024-05-14 17:00:26.119] [info] Loaded model model from file /home/itbellix/Desktop/GitHub/PTbot_official/Code/Python/../../OsimModels/right_arm_GH_full.osim
[2024-05-14 17:02:30.748] [info] Loaded model model from file /home/itbellix/Desktop/GitHub/PTbot_official/Code/Python/../../OsimModels/right_arm_GH_full.osim
[2024-05-14 17:04:32.975] [info] Loaded model model from file /home/itbellix/Desktop/GitHub/PTbot_official/Code/Python/../../OsimModels/right_arm_GH_full.osim
[2024-05-14 17:11:29.295] [info] Loaded model model from file /home/itbellix/Desktop/GitHub/PTbot_official/Code/Python/../../OsimModels/right_arm_GH_full.osim
[2024-05-14 17:21:37.444] [info] Loaded model model from file /home/itbellix/Desktop/GitHub/PTbot_official/Code/Python/../../OsimModels/right_arm_GH_full.osim
[2024-05-14 17:22:52.674] [info] Loaded model model from file /home/itbellix/Desktop/GitHub/PTbot_official/Code/Python/../../OsimModels/right_arm_GH_full.osim
[2024-05-14 17:25:46.176] [info] Loaded model model from file /home/itbellix/Desktop/GitHub/PTbot_official/Code/Python/../../OsimModels/right_arm_GH_full.osim
