[2023-10-30 16:32:28.528] [info] Updating Model file from 40000 to latest format...
[2023-10-30 16:32:28.529] [info] Loaded model model from file /home/itbellix/Desktop/GitHub/PTbot_official/Code/Python/../../OsimModels/simple_pendulum.osim
[2023-10-30 16:32:46.966] [info] Updating Model file from 40000 to latest format...
[2023-10-30 16:32:46.967] [info] Loaded model model from file /home/itbellix/Desktop/GitHub/PTbot_official/Code/Python/../../OsimModels/simple_pendulum.osim
[2023-10-30 16:34:04.367] [info] Updating Model file from 40000 to latest format...
[2023-10-30 16:34:04.368] [info] Loaded model model from file /home/itbellix/Desktop/GitHub/PTbot_official/Code/Python/../../OsimModels/simple_pendulum.osim
[2023-10-30 16:35:28.300] [info] Updating Model file from 40000 to latest format...
[2023-10-30 16:35:28.300] [info] Loaded model model from file /home/itbellix/Desktop/GitHub/PTbot_official/Code/Python/../../OsimModels/simple_pendulum.osim
[2023-10-30 16:35:54.154] [info] Updating Model file from 40000 to latest format...
[2023-10-30 16:35:54.155] [info] Loaded model model from file /home/itbellix/Desktop/GitHub/PTbot_official/Code/Python/../../OsimModels/simple_pendulum.osim
[2023-10-30 16:42:36.563] [info] Updating Model file from 40000 to latest format...
[2023-10-30 16:42:36.564] [info] Loaded model model from file /home/itbellix/Desktop/GitHub/PTbot_official/Code/Python/../../OsimModels/simple_pendulum.osim
[2023-10-30 16:42:52.996] [info] Updating Model file from 40000 to latest format...
[2023-10-30 16:42:52.997] [info] Loaded model model from file /home/itbellix/Desktop/GitHub/PTbot_official/Code/Python/../../OsimModels/simple_pendulum.osim
[2023-10-30 16:43:47.926] [info] Updating Model file from 40000 to latest format...
[2023-10-30 16:43:47.926] [info] Loaded model model from file /home/itbellix/Desktop/GitHub/PTbot_official/OsimModels/simple_pendulum.osim
[2023-10-30 16:48:45.968] [info] Updating Model file from 40000 to latest format...
[2023-10-30 16:48:45.969] [info] Loaded model model from file /home/itbellix/Desktop/GitHub/PTbot_official/Code/Python/../../OsimModels/simple_pendulum.osim
[2023-10-30 16:49:05.840] [info] Updating Model file from 40000 to latest format...
[2023-10-30 16:49:05.840] [info] Loaded model model from file /home/itbellix/Desktop/GitHub/PTbot_official/Code/Python/../../OsimModels/simple_pendulum.osim
[2023-10-30 16:52:02.833] [info] Updating Model file from 40000 to latest format...
[2023-10-30 16:52:02.834] [info] Loaded model model from file /home/itbellix/Desktop/GitHub/PTbot_official/Code/Python/../../OsimModels/simple_pendulum.osim
[2023-10-30 16:57:28.288] [info] Updating Model file from 40000 to latest format...
[2023-10-30 16:57:28.291] [info] Loaded model model from file /home/itbellix/Desktop/GitHub/PTbot_official/OsimModels/simple_pendulum.osim
[2023-10-30 17:01:58.827] [info] Updating Model file from 40000 to latest format...
[2023-10-30 17:01:58.828] [info] Loaded model model from file /home/itbellix/Desktop/GitHub/PTbot_official/Code/Python/../../OsimModels/simple_pendulum.osim
[2023-10-30 17:02:18.537] [info] Updating Model file from 40000 to latest format...
[2023-10-30 17:02:18.538] [info] Loaded model model from file /home/itbellix/Desktop/GitHub/PTbot_official/Code/Python/../../OsimModels/simple_pendulum.osim
[2023-10-30 17:07:20.060] [info] Updating Model file from 40000 to latest format...
[2023-10-30 17:07:20.061] [info] Loaded model model from file /home/itbellix/Desktop/GitHub/PTbot_official/Code/Python/../../OsimModels/simple_pendulum.osim
[2023-10-30 17:11:12.572] [info] Updating Model file from 40000 to latest format...
[2023-10-30 17:11:12.573] [info] Loaded model model from file /home/itbellix/Desktop/GitHub/PTbot_official/Code/Python/../../OsimModels/simple_pendulum.osim
[2023-10-30 17:12:22.935] [info] Updating Model file from 40000 to latest format...
[2023-10-30 17:12:22.936] [info] Loaded model model from file /home/itbellix/Desktop/GitHub/PTbot_official/Code/Python/../../OsimModels/simple_pendulum.osim
[2023-10-30 17:12:36.905] [info] Updating Model file from 40000 to latest format...
[2023-10-30 17:12:36.905] [info] Loaded model model from file /home/itbellix/Desktop/GitHub/PTbot_official/Code/Python/../../OsimModels/simple_pendulum.osim
[2023-10-30 17:20:09.442] [info] Updating Model file from 40000 to latest format...
[2023-10-30 17:20:09.443] [info] Loaded model model from file /home/itbellix/Desktop/GitHub/PTbot_official/Code/Python/../../OsimModels/simple_pendulum.osim
[2023-10-31 09:03:58.909] [info] Updating Model file from 40000 to latest format...
[2023-10-31 09:03:58.910] [info] Loaded model model from file /home/itbellix/Desktop/GitHub/PTbot_official/Code/Python/../../OsimModels/simple_pendulum.osim
[2023-10-31 09:38:28.023] [info] Updating Model file from 40000 to latest format...
[2023-10-31 09:38:28.024] [info] Loaded model model from file /home/itbellix/Desktop/GitHub/PTbot_official/OsimModels/simple_pendulum.osim
[2023-10-31 12:01:31.330] [info] Updating Model file from 40000 to latest format...
[2023-10-31 12:01:31.331] [info] Loaded model model from file /home/itbellix/Desktop/GitHub/PTbot_official/Code/Python/../../OsimModels/simple_pendulum.osim
[2023-10-31 12:10:55.184] [info] Updating Model file from 40000 to latest format...
[2023-10-31 12:10:55.185] [info] Loaded model model from file /home/itbellix/Desktop/GitHub/PTbot_official/Code/Python/../../OsimModels/simple_pendulum.osim
[2023-10-31 12:15:15.202] [info] Updating Model file from 40000 to latest format...
[2023-10-31 12:15:15.202] [info] Loaded model model from file /home/itbellix/Desktop/GitHub/PTbot_official/Code/Python/../../OsimModels/simple_pendulum.osim
[2023-10-31 14:07:59.132] [info] Updating Model file from 40000 to latest format...
[2023-10-31 14:07:59.132] [info] Loaded model model from file /home/itbellix/Desktop/GitHub/PTbot_official/Code/Python/../../OsimModels/simple_pendulum.osim
[2023-10-31 14:19:18.023] [info] Updating Model file from 40000 to latest format...
[2023-10-31 14:19:18.024] [info] Loaded model model from file /home/itbellix/Desktop/GitHub/PTbot_official/Code/Python/../../OsimModels/simple_pendulum.osim
[2023-10-31 14:25:45.262] [info] Updating Model file from 40000 to latest format...
[2023-10-31 14:25:45.263] [info] Loaded model model from file /home/itbellix/Desktop/GitHub/PTbot_official/Code/Python/../../OsimModels/simple_pendulum.osim
[2023-10-31 14:26:30.354] [info] Updating Model file from 40000 to latest format...
[2023-10-31 14:26:30.354] [info] Loaded model model from file /home/itbellix/Desktop/GitHub/PTbot_official/Code/Python/../../OsimModels/simple_pendulum.osim
[2023-10-31 14:29:33.633] [info] Updating Model file from 40000 to latest format...
[2023-10-31 14:29:33.634] [info] Loaded model model from file /home/itbellix/Desktop/GitHub/PTbot_official/Code/Python/../../OsimModels/simple_pendulum.osim
[2023-10-31 14:29:45.448] [info] Updating Model file from 40000 to latest format...
[2023-10-31 14:29:45.449] [info] Loaded model model from file /home/itbellix/Desktop/GitHub/PTbot_official/Code/Python/../../OsimModels/simple_pendulum.osim
[2023-10-31 14:31:02.077] [info] Updating Model file from 40000 to latest format...
[2023-10-31 14:31:02.078] [info] Loaded model model from file /home/itbellix/Desktop/GitHub/PTbot_official/Code/Python/../../OsimModels/simple_pendulum.osim
[2023-10-31 14:38:13.081] [info] Updating Model file from 40000 to latest format...
[2023-10-31 14:38:13.082] [info] Loaded model model from file /home/itbellix/Desktop/GitHub/PTbot_official/Code/Python/../../OsimModels/simple_pendulum.osim
[2023-10-31 14:38:52.239] [info] Updating Model file from 40000 to latest format...
[2023-10-31 14:38:52.241] [info] Loaded model model from file /home/itbellix/Desktop/GitHub/PTbot_official/Code/Python/../../OsimModels/simple_pendulum.osim
[2023-10-31 14:39:20.428] [info] Updating Model file from 40000 to latest format...
[2023-10-31 14:39:20.429] [info] Loaded model model from file /home/itbellix/Desktop/GitHub/PTbot_official/Code/Python/../../OsimModels/simple_pendulum.osim
[2023-10-31 14:41:26.546] [info] Updating Model file from 40000 to latest format...
[2023-10-31 14:41:26.547] [info] Loaded model model from file /home/itbellix/Desktop/GitHub/PTbot_official/Code/Python/../../OsimModels/simple_pendulum.osim
[2023-10-31 14:43:53.846] [info] Updating Model file from 40000 to latest format...
[2023-10-31 14:43:53.847] [info] Loaded model model from file /home/itbellix/Desktop/GitHub/PTbot_official/Code/Python/../../OsimModels/simple_pendulum.osim
[2023-10-31 14:46:41.098] [info] Updating Model file from 40000 to latest format...
[2023-10-31 14:46:41.099] [info] Loaded model model from file /home/itbellix/Desktop/GitHub/PTbot_official/Code/Python/../../OsimModels/simple_pendulum.osim
[2023-10-31 14:51:12.457] [info] Updating Model file from 40000 to latest format...
[2023-10-31 14:51:12.457] [info] Loaded model model from file /home/itbellix/Desktop/GitHub/PTbot_official/Code/Python/../../OsimModels/simple_pendulum.osim
[2023-10-31 15:10:17.648] [info] Updating Model file from 40000 to latest format...
[2023-10-31 15:10:17.649] [info] Loaded model model from file /home/itbellix/Desktop/GitHub/PTbot_official/Code/Python/../../OsimModels/simple_pendulum.osim
[2023-10-31 16:48:37.742] [info] Updating Model file from 40000 to latest format...
[2023-10-31 16:48:37.744] [info] Loaded model model from file /home/itbellix/Desktop/GitHub/PTbot_official/OsimModels/simple_pendulum.osim
[2023-10-31 16:48:43.103] [info] Updating Model file from 40000 to latest format...
[2023-10-31 16:48:43.104] [info] Loaded model model from file /home/itbellix/Desktop/GitHub/PTbot_official/OsimModels/simple_pendulum.osim
[2023-10-31 16:49:48.994] [info] Updating Model file from 40000 to latest format...
[2023-10-31 16:49:48.995] [info] Loaded model model from file /home/itbellix/Desktop/GitHub/PTbot_official/OsimModels/simple_pendulum.osim
[2023-10-31 17:24:06.056] [info] Updating Model file from 40000 to latest format...
[2023-10-31 17:24:06.057] [info] Loaded model model from file /home/itbellix/Desktop/GitHub/PTbot_official/OsimModels/simple_pendulum.osim
[2023-10-31 17:25:29.093] [info] Updating Model file from 40000 to latest format...
[2023-10-31 17:25:29.094] [info] Loaded model model from file /home/itbellix/Desktop/GitHub/PTbot_official/OsimModels/simple_pendulum.osim
[2023-10-31 17:31:18.630] [info] Updating Model file from 40000 to latest format...
[2023-10-31 17:31:18.631] [info] Loaded model model from file /home/itbellix/Desktop/GitHub/PTbot_official/OsimModels/simple_pendulum.osim
[2023-10-31 17:35:16.365] [info] Updating Model file from 40000 to latest format...
[2023-10-31 17:35:16.366] [info] Loaded model model from file /home/itbellix/Desktop/GitHub/PTbot_official/OsimModels/simple_pendulum.osim
[2023-11-01 10:59:03.043] [info] Updating Model file from 40000 to latest format...
[2023-11-01 10:59:03.044] [info] Loaded model model from file /home/itbellix/Desktop/GitHub/PTbot_official/OsimModels/simple_pendulum.osim
[2023-11-02 10:41:40.698] [info] Updating Model file from 40000 to latest format...
[2023-11-02 10:41:40.700] [info] Loaded model model from file /home/itbellix/Desktop/GitHub/PTbot_official/Code/Python/../../OsimModels/right_arm_GH.osim
[2023-11-02 10:56:47.675] [info] Updating Model file from 40000 to latest format...
[2023-11-02 10:56:47.676] [info] Loaded model model from file /home/itbellix/Desktop/GitHub/PTbot_official/Code/Python/../../OsimModels/right_arm_GH.osim
[2023-11-02 11:06:14.563] [info] Updating Model file from 40000 to latest format...
[2023-11-02 11:06:14.564] [info] Loaded model model from file /home/itbellix/Desktop/GitHub/PTbot_official/Code/Python/../../OsimModels/right_arm_GH.osim
[2023-11-02 11:10:32.591] [info] Updating Model file from 40000 to latest format...
[2023-11-02 11:10:32.592] [info] Loaded model model from file /home/itbellix/Desktop/GitHub/PTbot_official/Code/Python/../../OsimModels/right_arm_GH.osim
[2023-11-02 11:13:02.202] [info] Updating Model file from 40000 to latest format...
[2023-11-02 11:13:02.204] [info] Loaded model model from file /home/itbellix/Desktop/GitHub/PTbot_official/Code/Python/../../OsimModels/right_arm_GH.osim
[2023-11-02 11:14:44.918] [info] Updating Model file from 40000 to latest format...
[2023-11-02 11:14:44.919] [info] Loaded model model from file /home/itbellix/Desktop/GitHub/PTbot_official/Code/Python/../../OsimModels/right_arm_GH.osim
[2023-11-02 11:21:00.968] [info] Updating Model file from 40000 to latest format...
[2023-11-02 11:21:00.969] [info] Loaded model model from file /home/itbellix/Desktop/GitHub/PTbot_official/Code/Python/../../OsimModels/right_arm_GH.osim
[2023-11-02 11:28:14.090] [info] Updating Model file from 40000 to latest format...
[2023-11-02 11:28:14.091] [info] Loaded model model from file /home/itbellix/Desktop/GitHub/PTbot_official/Code/Python/../../OsimModels/right_arm_GH.osim
[2023-11-02 11:33:41.951] [info] Updating Model file from 40000 to latest format...
[2023-11-02 11:33:41.953] [info] Loaded model model from file /home/itbellix/Desktop/GitHub/PTbot_official/Code/Python/../../OsimModels/right_arm_GH.osim
[2023-11-02 11:34:54.510] [info] Updating Model file from 40000 to latest format...
[2023-11-02 11:34:54.511] [info] Loaded model model from file /home/itbellix/Desktop/GitHub/PTbot_official/Code/Python/../../OsimModels/right_arm_GH.osim
[2023-11-02 11:36:39.692] [info] Updating Model file from 40000 to latest format...
[2023-11-02 11:36:39.693] [info] Loaded model model from file /home/itbellix/Desktop/GitHub/PTbot_official/Code/Python/../../OsimModels/right_arm_GH.osim
[2023-11-02 11:37:17.845] [info] Updating Model file from 40000 to latest format...
[2023-11-02 11:37:17.846] [info] Loaded model model from file /home/itbellix/Desktop/GitHub/PTbot_official/Code/Python/../../OsimModels/right_arm_GH.osim
[2023-11-02 11:39:15.381] [info] Updating Model file from 40000 to latest format...
[2023-11-02 11:39:15.382] [info] Loaded model model from file /home/itbellix/Desktop/GitHub/PTbot_official/Code/Python/../../OsimModels/right_arm_GH.osim
[2023-11-02 11:39:46.182] [info] Updating Model file from 40000 to latest format...
[2023-11-02 11:39:46.183] [info] Loaded model model from file /home/itbellix/Desktop/GitHub/PTbot_official/Code/Python/../../OsimModels/right_arm_GH.osim
[2023-11-02 11:40:27.395] [info] Updating Model file from 40000 to latest format...
[2023-11-02 11:40:27.396] [info] Loaded model model from file /home/itbellix/Desktop/GitHub/PTbot_official/Code/Python/../../OsimModels/right_arm_GH.osim
[2023-11-02 11:42:22.248] [info] Updating Model file from 40000 to latest format...
[2023-11-02 11:42:22.249] [info] Loaded model model from file /home/itbellix/Desktop/GitHub/PTbot_official/Code/Python/../../OsimModels/right_arm_GH.osim
[2023-11-02 11:44:39.254] [info] Updating Model file from 40000 to latest format...
[2023-11-02 11:44:39.255] [info] Loaded model model from file /home/itbellix/Desktop/GitHub/PTbot_official/Code/Python/../../OsimModels/right_arm_GH.osim
[2023-11-02 12:08:02.112] [info] Updating Model file from 40000 to latest format...
[2023-11-02 12:08:02.113] [info] Loaded model model from file /home/itbellix/Desktop/GitHub/PTbot_official/Code/Python/../../OsimModels/right_arm_GH.osim
[2023-11-02 12:22:14.364] [info] Updating Model file from 40000 to latest format...
[2023-11-02 12:22:14.365] [info] Loaded model model from file /home/itbellix/Desktop/GitHub/PTbot_official/Code/Python/../../OsimModels/right_arm_GH.osim
[2023-11-02 12:24:48.999] [info] Updating Model file from 40000 to latest format...
[2023-11-02 12:24:49.000] [info] Loaded model model from file /home/itbellix/Desktop/GitHub/PTbot_official/Code/Python/../../OsimModels/right_arm_GH.osim
[2023-11-02 12:25:32.248] [info] Updating Model file from 40000 to latest format...
[2023-11-02 12:25:32.249] [info] Loaded model model from file /home/itbellix/Desktop/GitHub/PTbot_official/Code/Python/../../OsimModels/right_arm_GH.osim
[2023-11-02 12:34:02.255] [info] Updating Model file from 40000 to latest format...
[2023-11-02 12:34:02.257] [info] Loaded model model from file /home/itbellix/Desktop/GitHub/PTbot_official/Code/Python/../../OsimModels/right_arm_GH.osim
[2023-11-02 12:34:25.304] [info] Updating Model file from 40000 to latest format...
[2023-11-02 12:34:25.305] [info] Loaded model model from file /home/itbellix/Desktop/GitHub/PTbot_official/Code/Python/../../OsimModels/right_arm_GH.osim
[2023-11-02 12:36:00.208] [info] Updating Model file from 40000 to latest format...
[2023-11-02 12:36:00.209] [info] Loaded model model from file /home/itbellix/Desktop/GitHub/PTbot_official/Code/Python/../../OsimModels/right_arm_GH.osim
[2023-11-02 12:42:05.266] [info] Updating Model file from 40000 to latest format...
[2023-11-02 12:42:05.267] [info] Loaded model model from file /home/itbellix/Desktop/GitHub/PTbot_official/Code/Python/../../OsimModels/right_arm_GH.osim
[2023-11-02 12:42:21.233] [info] Updating Model file from 40000 to latest format...
[2023-11-02 12:42:21.234] [info] Loaded model model from file /home/itbellix/Desktop/GitHub/PTbot_official/Code/Python/../../OsimModels/right_arm_GH.osim
[2023-11-02 15:08:55.498] [info] Updating Model file from 40000 to latest format...
[2023-11-02 15:08:55.501] [info] Loaded model model from file /home/itbellix/Desktop/GitHub/PTbot_official/Code/Python/../../OsimModels/right_arm_GH.osim
[2023-11-02 15:17:17.744] [info] Updating Model file from 40000 to latest format...
[2023-11-02 15:17:17.745] [info] Loaded model model from file /home/itbellix/Desktop/GitHub/PTbot_official/Code/Python/../../OsimModels/right_arm_GH.osim
[2023-11-02 15:26:48.176] [info] Updating Model file from 40000 to latest format...
[2023-11-02 15:26:48.178] [info] Loaded model model from file /home/itbellix/Desktop/GitHub/PTbot_official/Code/Python/../../OsimModels/right_arm_GH.osim
[2023-11-02 15:44:33.505] [info] Updating Model file from 40000 to latest format...
[2023-11-02 15:44:33.506] [info] Loaded model model from file /home/itbellix/Desktop/GitHub/PTbot_official/Code/Python/../../OsimModels/right_arm_GH.osim
[2023-11-02 15:54:18.635] [info] Updating Model file from 40000 to latest format...
[2023-11-02 15:54:18.636] [info] Loaded model model from file /home/itbellix/Desktop/GitHub/PTbot_official/Code/Python/../../OsimModels/right_arm_GH.osim
[2023-11-02 16:44:32.312] [info] Updating Model file from 40000 to latest format...
[2023-11-02 16:44:32.314] [info] Loaded model model from file /home/itbellix/Desktop/GitHub/PTbot_official/Code/Python/../../OsimModels/right_arm_GH.osim
[2023-11-02 16:46:25.357] [info] Updating Model file from 40000 to latest format...
[2023-11-02 16:46:25.358] [info] Loaded model model from file /home/itbellix/Desktop/GitHub/PTbot_official/Code/Python/../../OsimModels/right_arm_GH.osim
[2023-11-02 16:59:55.851] [info] Updating Model file from 40000 to latest format...
[2023-11-02 16:59:55.852] [info] Loaded model model from file /home/itbellix/Desktop/GitHub/PTbot_official/Code/Python/../../OsimModels/right_arm_GH.osim
[2023-11-02 17:10:26.343] [info] Updating Model file from 40000 to latest format...
[2023-11-02 17:10:26.344] [info] Loaded model model from file /home/itbellix/Desktop/GitHub/PTbot_official/Code/Python/../../OsimModels/right_arm_GH.osim
[2023-11-02 17:17:25.624] [info] Updating Model file from 40000 to latest format...
[2023-11-02 17:17:25.625] [info] Loaded model model from file /home/itbellix/Desktop/GitHub/PTbot_official/Code/Python/../../OsimModels/right_arm_GH.osim
[2023-11-02 17:17:45.597] [info] Updating Model file from 40000 to latest format...
[2023-11-02 17:17:45.598] [info] Loaded model model from file /home/itbellix/Desktop/GitHub/PTbot_official/Code/Python/../../OsimModels/right_arm_GH.osim
[2023-11-02 17:30:27.930] [info] Updating Model file from 40000 to latest format...
[2023-11-02 17:30:27.931] [info] Loaded model model from file /home/itbellix/Desktop/GitHub/PTbot_official/Code/Python/../../OsimModels/right_arm_GH.osim
[2023-11-02 17:31:57.733] [info] Updating Model file from 40000 to latest format...
[2023-11-02 17:31:57.734] [info] Loaded model model from file /home/itbellix/Desktop/GitHub/PTbot_official/Code/Python/../../OsimModels/right_arm_GH.osim
[2023-11-02 17:33:35.877] [info] Updating Model file from 40000 to latest format...
[2023-11-02 17:33:35.878] [info] Loaded model model from file /home/itbellix/Desktop/GitHub/PTbot_official/Code/Python/../../OsimModels/right_arm_GH.osim
[2023-11-02 17:33:55.134] [info] Updating Model file from 40000 to latest format...
[2023-11-02 17:33:55.135] [info] Loaded model model from file /home/itbellix/Desktop/GitHub/PTbot_official/Code/Python/../../OsimModels/right_arm_GH.osim
[2023-11-02 17:34:36.142] [info] Updating Model file from 40000 to latest format...
[2023-11-02 17:34:36.143] [info] Loaded model model from file /home/itbellix/Desktop/GitHub/PTbot_official/Code/Python/../../OsimModels/right_arm_GH.osim
[2023-11-02 17:36:30.683] [info] Updating Model file from 40000 to latest format...
[2023-11-02 17:36:30.684] [info] Loaded model model from file /home/itbellix/Desktop/GitHub/PTbot_official/Code/Python/../../OsimModels/right_arm_GH.osim
[2023-11-02 17:36:55.876] [info] Updating Model file from 40000 to latest format...
[2023-11-02 17:36:55.878] [info] Loaded model model from file /home/itbellix/Desktop/GitHub/PTbot_official/Code/Python/../../OsimModels/right_arm_GH.osim
[2023-11-02 17:38:21.478] [info] Updating Model file from 40000 to latest format...
[2023-11-02 17:38:21.479] [info] Loaded model model from file /home/itbellix/Desktop/GitHub/PTbot_official/Code/Python/../../OsimModels/right_arm_GH.osim
[2023-11-02 17:46:02.390] [info] Updating Model file from 40000 to latest format...
[2023-11-02 17:46:02.391] [info] Loaded model model from file /home/itbellix/Desktop/GitHub/PTbot_official/Code/Python/../../OsimModels/right_arm_GH.osim
[2023-11-02 17:47:41.958] [info] Updating Model file from 40000 to latest format...
[2023-11-02 17:47:41.960] [info] Loaded model model from file /home/itbellix/Desktop/GitHub/PTbot_official/Code/Python/../../OsimModels/right_arm_GH.osim
[2023-11-02 17:48:32.116] [info] Updating Model file from 40000 to latest format...
[2023-11-02 17:48:32.117] [info] Loaded model model from file /home/itbellix/Desktop/GitHub/PTbot_official/Code/Python/../../OsimModels/right_arm_GH.osim
[2023-11-03 10:41:43.803] [info] Updating Model file from 40000 to latest format...
[2023-11-03 10:41:43.804] [info] Loaded model model from file /home/itbellix/Desktop/GitHub/PTbot_official/Code/Python/../../OsimModels/right_arm_GH.osim
[2023-11-03 10:45:02.608] [info] Updating Model file from 40000 to latest format...
[2023-11-03 10:45:02.609] [info] Loaded model model from file /home/itbellix/Desktop/GitHub/PTbot_official/Code/Python/../../OsimModels/right_arm_GH.osim
[2023-11-03 10:45:25.064] [info] Updating Model file from 40000 to latest format...
[2023-11-03 10:45:25.065] [info] Loaded model model from file /home/itbellix/Desktop/GitHub/PTbot_official/Code/Python/../../OsimModels/right_arm_GH.osim
[2023-11-03 10:46:30.658] [info] Updating Model file from 40000 to latest format...
[2023-11-03 10:46:30.659] [info] Loaded model model from file /home/itbellix/Desktop/GitHub/PTbot_official/Code/Python/../../OsimModels/right_arm_GH.osim
[2023-11-03 10:48:43.180] [info] Updating Model file from 40000 to latest format...
[2023-11-03 10:48:43.182] [info] Loaded model model from file /home/itbellix/Desktop/GitHub/PTbot_official/Code/Python/../../OsimModels/right_arm_GH.osim
[2023-11-03 10:52:58.549] [info] Updating Model file from 40000 to latest format...
[2023-11-03 10:52:58.550] [info] Loaded model model from file /home/itbellix/Desktop/GitHub/PTbot_official/Code/Python/../../OsimModels/right_arm_GH.osim
[2023-11-03 11:04:57.127] [info] Updating Model file from 40000 to latest format...
[2023-11-03 11:04:57.128] [info] Loaded model model from file /home/itbellix/Desktop/GitHub/PTbot_official/Code/Python/../../OsimModels/right_arm_GH.osim
[2023-11-03 11:06:27.290] [info] Updating Model file from 40000 to latest format...
[2023-11-03 11:06:27.291] [info] Loaded model model from file /home/itbellix/Desktop/GitHub/PTbot_official/Code/Python/../../OsimModels/right_arm_GH.osim
[2023-11-03 11:07:11.029] [info] Updating Model file from 40000 to latest format...
[2023-11-03 11:07:11.031] [info] Loaded model model from file /home/itbellix/Desktop/GitHub/PTbot_official/Code/Python/../../OsimModels/right_arm_GH.osim
[2023-11-03 11:07:34.139] [info] Updating Model file from 40000 to latest format...
[2023-11-03 11:07:34.141] [info] Loaded model model from file /home/itbellix/Desktop/GitHub/PTbot_official/Code/Python/../../OsimModels/right_arm_GH.osim
[2023-11-03 11:07:59.647] [info] Updating Model file from 40000 to latest format...
[2023-11-03 11:07:59.648] [info] Loaded model model from file /home/itbellix/Desktop/GitHub/PTbot_official/Code/Python/../../OsimModels/right_arm_GH.osim
[2023-11-03 11:09:17.416] [info] Updating Model file from 40000 to latest format...
[2023-11-03 11:09:17.417] [info] Loaded model model from file /home/itbellix/Desktop/GitHub/PTbot_official/Code/Python/../../OsimModels/right_arm_GH.osim
[2023-11-03 11:20:20.078] [info] Updating Model file from 40000 to latest format...
[2023-11-03 11:20:20.079] [info] Loaded model model from file /home/itbellix/Desktop/GitHub/PTbot_official/Code/Python/../../OsimModels/right_arm_GH.osim
[2023-11-03 11:21:22.889] [info] Updating Model file from 40000 to latest format...
[2023-11-03 11:21:22.890] [info] Loaded model model from file /home/itbellix/Desktop/GitHub/PTbot_official/Code/Python/../../OsimModels/right_arm_GH.osim
[2023-11-03 11:21:29.036] [info] Updating Model file from 40000 to latest format...
[2023-11-03 11:21:29.038] [info] Loaded model model from file /home/itbellix/Desktop/GitHub/PTbot_official/Code/Python/../../OsimModels/right_arm_GH.osim
[2023-11-03 11:34:59.650] [info] Updating Model file from 40000 to latest format...
[2023-11-03 11:34:59.651] [info] Loaded model model from file /home/itbellix/Desktop/GitHub/PTbot_official/Code/Python/../../OsimModels/simple_pendulum.osim
[2023-11-03 11:35:19.167] [info] Updating Model file from 40000 to latest format...
[2023-11-03 11:35:19.168] [info] Loaded model model from file /home/itbellix/Desktop/GitHub/PTbot_official/Code/Python/../../OsimModels/simple_pendulum.osim
[2023-11-03 11:36:31.333] [info] Updating Model file from 40000 to latest format...
[2023-11-03 11:36:31.333] [info] Loaded model model from file /home/itbellix/Desktop/GitHub/PTbot_official/Code/Python/../../OsimModels/simple_pendulum.osim
[2023-11-03 11:37:29.678] [info] Updating Model file from 40000 to latest format...
[2023-11-03 11:37:29.679] [info] Loaded model model from file /home/itbellix/Desktop/GitHub/PTbot_official/Code/Python/../../OsimModels/simple_pendulum.osim
[2023-11-03 11:39:50.359] [info] Updating Model file from 40000 to latest format...
[2023-11-03 11:39:50.360] [info] Loaded model model from file /home/itbellix/Desktop/GitHub/PTbot_official/Code/Python/../../OsimModels/simple_pendulum.osim
[2023-11-03 11:42:08.303] [info] Updating Model file from 40000 to latest format...
[2023-11-03 11:42:08.304] [info] Loaded model model from file /home/itbellix/Desktop/GitHub/PTbot_official/Code/Python/../../OsimModels/simple_pendulum.osim
[2023-11-03 11:42:21.827] [info] Updating Model file from 40000 to latest format...
[2023-11-03 11:42:21.828] [info] Loaded model model from file /home/itbellix/Desktop/GitHub/PTbot_official/Code/Python/../../OsimModels/simple_pendulum.osim
[2023-11-03 11:43:35.186] [info] Updating Model file from 40000 to latest format...
[2023-11-03 11:43:35.186] [info] Loaded model model from file /home/itbellix/Desktop/GitHub/PTbot_official/Code/Python/../../OsimModels/simple_pendulum.osim
[2023-11-03 11:44:43.408] [info] Updating Model file from 40000 to latest format...
[2023-11-03 11:44:43.409] [info] Loaded model model from file /home/itbellix/Desktop/GitHub/PTbot_official/Code/Python/../../OsimModels/simple_pendulum.osim
[2023-11-03 11:52:10.668] [info] Updating Model file from 40000 to latest format...
[2023-11-03 11:52:10.668] [info] Loaded model model from file /home/itbellix/Desktop/GitHub/PTbot_official/Code/Python/../../OsimModels/simple_pendulum.osim
[2023-11-03 11:53:34.214] [info] Updating Model file from 40000 to latest format...
[2023-11-03 11:53:34.215] [info] Loaded model model from file /home/itbellix/Desktop/GitHub/PTbot_official/Code/Python/../../OsimModels/simple_pendulum.osim
[2023-11-03 11:54:08.384] [info] Updating Model file from 40000 to latest format...
[2023-11-03 11:54:08.385] [info] Loaded model model from file /home/itbellix/Desktop/GitHub/PTbot_official/Code/Python/../../OsimModels/simple_pendulum.osim
[2023-11-03 11:55:39.418] [info] Updating Model file from 40000 to latest format...
[2023-11-03 11:55:39.419] [info] Loaded model model from file /home/itbellix/Desktop/GitHub/PTbot_official/Code/Python/../../OsimModels/simple_pendulum.osim
[2023-11-03 12:13:49.600] [info] Updating Model file from 40000 to latest format...
[2023-11-03 12:13:49.601] [info] Loaded model model from file /home/itbellix/Desktop/GitHub/PTbot_official/Code/Python/../../OsimModels/simple_pendulum.osim
[2023-11-03 12:14:14.714] [info] Updating Model file from 40000 to latest format...
[2023-11-03 12:14:14.715] [info] Loaded model model from file /home/itbellix/Desktop/GitHub/PTbot_official/Code/Python/../../OsimModels/simple_pendulum.osim
[2023-11-03 12:15:48.013] [info] Updating Model file from 40000 to latest format...
[2023-11-03 12:15:48.014] [info] Loaded model model from file /home/itbellix/Desktop/GitHub/PTbot_official/Code/Python/../../OsimModels/simple_pendulum.osim
[2023-11-03 12:16:10.050] [info] Updating Model file from 40000 to latest format...
[2023-11-03 12:16:10.050] [info] Loaded model model from file /home/itbellix/Desktop/GitHub/PTbot_official/Code/Python/../../OsimModels/simple_pendulum.osim
[2023-11-03 12:19:40.783] [info] Updating Model file from 40000 to latest format...
[2023-11-03 12:19:40.784] [info] Loaded model model from file /home/itbellix/Desktop/GitHub/PTbot_official/Code/Python/../../OsimModels/simple_pendulum.osim
[2023-11-03 12:20:11.125] [info] Updating Model file from 40000 to latest format...
[2023-11-03 12:20:11.126] [info] Loaded model model from file /home/itbellix/Desktop/GitHub/PTbot_official/Code/Python/../../OsimModels/simple_pendulum.osim
[2023-11-03 12:20:51.378] [info] Updating Model file from 40000 to latest format...
[2023-11-03 12:20:51.379] [info] Loaded model model from file /home/itbellix/Desktop/GitHub/PTbot_official/Code/Python/../../OsimModels/simple_pendulum.osim
[2023-11-03 12:22:16.992] [info] Updating Model file from 40000 to latest format...
[2023-11-03 12:22:16.993] [info] Loaded model model from file /home/itbellix/Desktop/GitHub/PTbot_official/Code/Python/../../OsimModels/simple_pendulum.osim
[2023-11-03 12:24:30.985] [info] Updating Model file from 40000 to latest format...
[2023-11-03 12:24:30.985] [info] Loaded model model from file /home/itbellix/Desktop/GitHub/PTbot_official/Code/Python/../../OsimModels/simple_pendulum.osim
[2023-11-03 14:43:41.402] [info] Updating Model file from 40000 to latest format...
[2023-11-03 14:43:41.403] [info] Loaded model model from file /home/itbellix/Desktop/GitHub/PTbot_official/Code/Python/../../OsimModels/simple_pendulum.osim
[2023-11-03 14:47:27.821] [info] Updating Model file from 40000 to latest format...
[2023-11-03 14:47:27.822] [info] Loaded model model from file /home/itbellix/Desktop/GitHub/PTbot_official/Code/Python/../../OsimModels/simple_pendulum.osim
[2023-11-03 14:48:29.299] [info] Updating Model file from 40000 to latest format...
[2023-11-03 14:48:29.299] [info] Loaded model model from file /home/itbellix/Desktop/GitHub/PTbot_official/Code/Python/../../OsimModels/simple_pendulum.osim
[2023-11-03 14:49:30.569] [info] Updating Model file from 40000 to latest format...
[2023-11-03 14:49:30.569] [info] Loaded model model from file /home/itbellix/Desktop/GitHub/PTbot_official/Code/Python/../../OsimModels/simple_pendulum.osim
[2023-11-03 15:28:22.163] [info] Updating Model file from 40000 to latest format...
[2023-11-03 15:28:22.164] [info] Loaded model model from file /home/itbellix/Desktop/GitHub/PTbot_official/Code/Python/../../OsimModels/right_arm_GH.osim
[2023-11-03 16:15:14.065] [info] Updating Model file from 40000 to latest format...
[2023-11-03 16:15:14.066] [info] Loaded model model from file /home/itbellix/Desktop/GitHub/PTbot_official/Code/Python/../../OsimModels/simple_pendulum.osim
[2023-11-03 16:17:53.798] [info] Updating Model file from 40000 to latest format...
[2023-11-03 16:17:53.799] [info] Loaded model model from file /home/itbellix/Desktop/GitHub/PTbot_official/Code/Python/../../OsimModels/simple_pendulum.osim
[2023-11-03 16:19:11.019] [info] Updating Model file from 40000 to latest format...
[2023-11-03 16:19:11.020] [info] Loaded model model from file /home/itbellix/Desktop/GitHub/PTbot_official/Code/Python/../../OsimModels/simple_pendulum.osim
[2023-11-03 16:19:38.791] [info] Updating Model file from 40000 to latest format...
[2023-11-03 16:19:38.792] [info] Loaded model model from file /home/itbellix/Desktop/GitHub/PTbot_official/Code/Python/../../OsimModels/simple_pendulum.osim
[2023-11-03 16:20:52.632] [info] Updating Model file from 40000 to latest format...
[2023-11-03 16:20:52.632] [info] Loaded model model from file /home/itbellix/Desktop/GitHub/PTbot_official/Code/Python/../../OsimModels/simple_pendulum.osim
[2023-11-03 16:49:55.797] [info] Updating Model file from 40000 to latest format...
[2023-11-03 16:49:55.798] [info] Loaded model model from file /home/itbellix/Desktop/GitHub/PTbot_official/Code/Python/../../OsimModels/right_arm_GH.osim
[2023-11-03 17:03:35.708] [info] Updating Model file from 40000 to latest format...
[2023-11-03 17:03:35.709] [info] Loaded model model from file /home/itbellix/Desktop/GitHub/PTbot_official/Code/Python/../../OsimModels/right_arm_GH.osim
[2023-11-10 14:10:11.423] [info] Updating Model file from 40000 to latest format...
[2023-11-10 14:10:11.425] [info] Loaded model model from file /home/itbellix/Desktop/GitHub/PTbot_official/Code/Python/../../OsimModels/right_arm_GH.osim
[2023-11-13 12:37:38.330] [info] Updating Model file from 40000 to latest format...
[2023-11-13 12:37:38.332] [info] Loaded model model from file /home/itbellix/Desktop/GitHub/PTbot_official/Code/Python/../../OsimModels/right_arm_GH.osim
[2023-11-13 12:38:11.934] [info] Updating Model file from 40000 to latest format...
[2023-11-13 12:38:11.935] [info] Loaded model model from file /home/itbellix/Desktop/GitHub/PTbot_official/Code/Python/../../OsimModels/right_arm_GH.osim
[2023-11-13 12:39:40.654] [info] Updating Model file from 40000 to latest format...
[2023-11-13 12:39:40.655] [info] Loaded model model from file /home/itbellix/Desktop/GitHub/PTbot_official/Code/Python/../../OsimModels/right_arm_GH.osim
[2023-11-13 12:46:00.098] [info] Updating Model file from 40000 to latest format...
[2023-11-13 12:46:00.099] [info] Loaded model model from file /home/itbellix/Desktop/GitHub/PTbot_official/Code/Python/../../OsimModels/right_arm_GH.osim
[2023-11-13 12:46:32.071] [info] Updating Model file from 40000 to latest format...
[2023-11-13 12:46:32.072] [info] Loaded model model from file /home/itbellix/Desktop/GitHub/PTbot_official/Code/Python/../../OsimModels/right_arm_GH.osim
[2023-11-13 12:47:06.899] [info] Updating Model file from 40000 to latest format...
[2023-11-13 12:47:06.900] [info] Loaded model model from file /home/itbellix/Desktop/GitHub/PTbot_official/Code/Python/../../OsimModels/right_arm_GH.osim
[2023-11-13 12:55:16.095] [info] Updating Model file from 40000 to latest format...
[2023-11-13 12:55:16.096] [info] Loaded model model from file /home/itbellix/Desktop/GitHub/PTbot_official/Code/Python/../../OsimModels/right_arm_GH.osim
[2023-11-13 12:56:52.772] [info] Updating Model file from 40000 to latest format...
[2023-11-13 12:56:52.773] [info] Loaded model model from file /home/itbellix/Desktop/GitHub/PTbot_official/Code/Python/../../OsimModels/right_arm_GH.osim
[2023-11-13 12:59:26.956] [info] Updating Model file from 40000 to latest format...
[2023-11-13 12:59:26.957] [info] Loaded model model from file /home/itbellix/Desktop/GitHub/PTbot_official/Code/Python/../../OsimModels/right_arm_GH.osim
[2023-11-13 13:03:09.980] [info] Updating Model file from 40000 to latest format...
[2023-11-13 13:03:09.981] [info] Loaded model model from file /home/itbellix/Desktop/GitHub/PTbot_official/Code/Python/../../OsimModels/right_arm_GH.osim
[2023-11-13 15:16:22.660] [info] Updating Model file from 40000 to latest format...
[2023-11-13 15:16:22.661] [info] Loaded model model from file /home/itbellix/Desktop/GitHub/PTbot_official/Code/Python/../../OsimModels/right_arm_GH.osim
[2023-11-13 15:17:26.240] [info] Updating Model file from 40000 to latest format...
[2023-11-13 15:17:26.241] [info] Loaded model model from file /home/itbellix/Desktop/GitHub/PTbot_official/Code/Python/../../OsimModels/right_arm_GH.osim
[2023-11-13 15:24:47.371] [info] Updating Model file from 40000 to latest format...
[2023-11-13 15:24:47.372] [info] Loaded model model from file /home/itbellix/Desktop/GitHub/PTbot_official/Code/Python/../../OsimModels/right_arm_GH.osim
[2023-11-13 15:25:05.665] [info] Updating Model file from 40000 to latest format...
[2023-11-13 15:25:05.666] [info] Loaded model model from file /home/itbellix/Desktop/GitHub/PTbot_official/Code/Python/../../OsimModels/right_arm_GH.osim
[2023-11-13 15:25:29.674] [info] Updating Model file from 40000 to latest format...
[2023-11-13 15:25:29.677] [info] Loaded model model from file /home/itbellix/Desktop/GitHub/PTbot_official/Code/Python/../../OsimModels/right_arm_GH.osim
[2023-11-13 15:27:07.207] [info] Updating Model file from 40000 to latest format...
[2023-11-13 15:27:07.208] [info] Loaded model model from file /home/itbellix/Desktop/GitHub/PTbot_official/Code/Python/../../OsimModels/right_arm_GH.osim
[2023-11-13 15:27:38.234] [info] Updating Model file from 40000 to latest format...
[2023-11-13 15:27:38.236] [info] Loaded model model from file /home/itbellix/Desktop/GitHub/PTbot_official/Code/Python/../../OsimModels/right_arm_GH.osim
[2023-11-13 16:03:40.277] [info] Updating Model file from 40000 to latest format...
[2023-11-13 16:03:40.280] [info] Loaded model model from file /home/itbellix/Desktop/GitHub/PTbot_official/Code/Python/../../OsimModels/right_arm_GH.osim
[2023-11-13 16:07:19.256] [info] Updating Model file from 40000 to latest format...
[2023-11-13 16:07:19.257] [info] Loaded model model from file /home/itbellix/Desktop/GitHub/PTbot_official/Code/Python/../../OsimModels/right_arm_GH.osim
[2023-11-13 16:11:31.056] [info] Updating Model file from 40000 to latest format...
[2023-11-13 16:11:31.057] [info] Loaded model model from file /home/itbellix/Desktop/GitHub/PTbot_official/Code/Python/../../OsimModels/right_arm_GH.osim
[2023-11-13 16:28:49.362] [info] Updating Model file from 40000 to latest format...
[2023-11-13 16:28:49.363] [info] Loaded model model from file /home/itbellix/Desktop/GitHub/PTbot_official/Code/Python/../../OsimModels/right_arm_GH.osim
[2023-11-13 16:37:08.950] [info] Updating Model file from 40000 to latest format...
[2023-11-13 16:37:08.951] [info] Loaded model model from file /home/itbellix/Desktop/GitHub/PTbot_official/Code/Python/../../OsimModels/right_arm_GH.osim
[2023-11-13 16:38:15.894] [info] Updating Model file from 40000 to latest format...
[2023-11-13 16:38:15.895] [info] Loaded model model from file /home/itbellix/Desktop/GitHub/PTbot_official/Code/Python/../../OsimModels/right_arm_GH.osim
[2023-11-13 16:39:28.828] [info] Updating Model file from 40000 to latest format...
[2023-11-13 16:39:28.829] [info] Loaded model model from file /home/itbellix/Desktop/GitHub/PTbot_official/Code/Python/../../OsimModels/right_arm_GH.osim
[2023-11-13 16:39:41.509] [info] Updating Model file from 40000 to latest format...
[2023-11-13 16:39:41.511] [info] Loaded model model from file /home/itbellix/Desktop/GitHub/PTbot_official/Code/Python/../../OsimModels/right_arm_GH.osim
[2023-11-13 16:42:02.340] [info] Updating Model file from 40000 to latest format...
[2023-11-13 16:42:02.341] [info] Loaded model model from file /home/itbellix/Desktop/GitHub/PTbot_official/Code/Python/../../OsimModels/right_arm_GH.osim
[2023-11-13 17:20:00.562] [info] Updating Model file from 40000 to latest format...
[2023-11-13 17:20:00.565] [info] Loaded model model from file /home/itbellix/Desktop/GitHub/PTbot_official/Code/Python/../../OsimModels/right_arm_GH.osim
[2023-11-13 17:21:07.599] [info] Updating Model file from 40000 to latest format...
[2023-11-13 17:21:07.600] [info] Loaded model model from file /home/itbellix/Desktop/GitHub/PTbot_official/Code/Python/../../OsimModels/right_arm_GH.osim
[2023-11-13 17:22:38.192] [info] Updating Model file from 40000 to latest format...
[2023-11-13 17:22:38.193] [info] Loaded model model from file /home/itbellix/Desktop/GitHub/PTbot_official/Code/Python/../../OsimModels/right_arm_GH.osim
[2023-11-13 17:27:43.924] [info] Updating Model file from 40000 to latest format...
[2023-11-13 17:27:43.925] [info] Loaded model model from file /home/itbellix/Desktop/GitHub/PTbot_official/Code/Python/../../OsimModels/right_arm_GH.osim
[2023-11-13 17:29:03.197] [info] Updating Model file from 40000 to latest format...
[2023-11-13 17:29:03.198] [info] Loaded model model from file /home/itbellix/Desktop/GitHub/PTbot_official/Code/Python/../../OsimModels/right_arm_GH.osim
[2023-11-13 17:29:28.272] [info] Updating Model file from 40000 to latest format...
[2023-11-13 17:29:28.273] [info] Loaded model model from file /home/itbellix/Desktop/GitHub/PTbot_official/Code/Python/../../OsimModels/right_arm_GH.osim
[2023-11-13 17:29:45.169] [info] Updating Model file from 40000 to latest format...
[2023-11-13 17:29:45.171] [info] Loaded model model from file /home/itbellix/Desktop/GitHub/PTbot_official/Code/Python/../../OsimModels/right_arm_GH.osim
[2023-11-13 17:34:22.765] [info] Updating Model file from 40000 to latest format...
[2023-11-13 17:34:22.766] [info] Loaded model model from file /home/itbellix/Desktop/GitHub/PTbot_official/Code/Python/../../OsimModels/right_arm_GH.osim
[2023-11-13 17:35:27.364] [info] Updating Model file from 40000 to latest format...
[2023-11-13 17:35:27.366] [info] Loaded model model from file /home/itbellix/Desktop/GitHub/PTbot_official/Code/Python/../../OsimModels/right_arm_GH.osim
[2023-11-13 17:37:45.687] [info] Updating Model file from 40000 to latest format...
[2023-11-13 17:37:45.689] [info] Loaded model model from file /home/itbellix/Desktop/GitHub/PTbot_official/Code/Python/../../OsimModels/right_arm_GH.osim
[2023-11-13 17:38:03.936] [info] Updating Model file from 40000 to latest format...
[2023-11-13 17:38:03.937] [info] Loaded model model from file /home/itbellix/Desktop/GitHub/PTbot_official/Code/Python/../../OsimModels/right_arm_GH.osim
[2023-11-13 17:38:27.086] [info] Updating Model file from 40000 to latest format...
[2023-11-13 17:38:27.087] [info] Loaded model model from file /home/itbellix/Desktop/GitHub/PTbot_official/Code/Python/../../OsimModels/right_arm_GH.osim
[2023-11-13 17:39:02.621] [info] Updating Model file from 40000 to latest format...
[2023-11-13 17:39:02.622] [info] Loaded model model from file /home/itbellix/Desktop/GitHub/PTbot_official/Code/Python/../../OsimModels/right_arm_GH.osim
[2023-11-13 17:40:29.423] [info] Updating Model file from 40000 to latest format...
[2023-11-13 17:40:29.424] [info] Loaded model model from file /home/itbellix/Desktop/GitHub/PTbot_official/Code/Python/../../OsimModels/right_arm_GH.osim
[2023-11-14 10:27:01.262] [info] Updating Model file from 40000 to latest format...
[2023-11-14 10:27:01.264] [info] Loaded model model from file /home/itbellix/Desktop/GitHub/PTbot_official/Code/Python/../../OsimModels/right_arm_GH.osim
[2023-11-14 11:31:39.139] [info] Updating Model file from 40000 to latest format...
[2023-11-14 11:31:39.140] [info] Loaded model model from file /home/itbellix/Desktop/GitHub/PTbot_official/Code/Python/../../OsimModels/right_arm_GH.osim
[2023-11-14 11:37:39.356] [info] Updating Model file from 40000 to latest format...
[2023-11-14 11:37:39.358] [info] Loaded model model from file /home/itbellix/Desktop/GitHub/PTbot_official/Code/Python/../../OsimModels/right_arm_GH.osim
[2023-11-14 11:50:42.456] [info] Updating Model file from 40000 to latest format...
[2023-11-14 11:50:42.457] [info] Loaded model model from file /home/itbellix/Desktop/GitHub/PTbot_official/Code/Python/../../OsimModels/right_arm_GH.osim
[2023-11-14 11:51:12.182] [info] Updating Model file from 40000 to latest format...
[2023-11-14 11:51:12.183] [info] Loaded model model from file /home/itbellix/Desktop/GitHub/PTbot_official/Code/Python/../../OsimModels/right_arm_GH.osim
[2023-11-15 12:08:46.743] [info] Updating Model file from 40000 to latest format...
[2023-11-15 12:08:46.744] [info] Loaded model model from file /home/itbellix/Desktop/GitHub/PTbot_official/Code/Python/../../OsimModels/right_arm_GH.osim
[2023-11-15 12:09:01.703] [info] Updating Model file from 40000 to latest format...
[2023-11-15 12:09:01.704] [info] Loaded model model from file /home/itbellix/Desktop/GitHub/PTbot_official/Code/Python/../../OsimModels/right_arm_GH.osim
[2023-11-15 12:16:35.651] [info] Updating Model file from 40000 to latest format...
[2023-11-15 12:16:35.652] [info] Loaded model model from file /home/itbellix/Desktop/GitHub/PTbot_official/Code/Python/../../OsimModels/right_arm_GH.osim
[2023-11-22 15:49:34.701] [info] Updating Model file from 40000 to latest format...
[2023-11-22 15:49:34.703] [info] Loaded model model from file /home/itbellix/Desktop/GitHub/PTbot_official/Code/Python/../../OsimModels/right_arm_GH.osim
[2023-11-22 15:49:50.556] [info] Updating Model file from 40000 to latest format...
[2023-11-22 15:49:50.558] [info] Loaded model model from file /home/itbellix/Desktop/GitHub/PTbot_official/Code/Python/../../OsimModels/right_arm_GH.osim
[2023-12-20 11:34:28.286] [info] Updating Model file from 40000 to latest format...
[2023-12-20 11:34:28.293] [info] Loaded model ThoracoscapularShoulderModel-scaled from file /home/itbellix/Desktop/GitHub/PTbot_official/Code/Python/../../OsimModels/TSM_arm_locked.osim
[2023-12-20 11:34:41.208] [info] Updating Model file from 40000 to latest format...
[2023-12-20 11:34:41.213] [info] Loaded model ThoracoscapularShoulderModel-scaled from file /home/itbellix/Desktop/GitHub/PTbot_official/Code/Python/../../OsimModels/TSM_arm_locked.osim
[2023-12-20 11:46:09.994] [info] Updating Model file from 40000 to latest format...
[2023-12-20 11:46:10.003] [info] Loaded model ThoracoscapularShoulderModel-scaled from file /home/itbellix/Desktop/GitHub/PTbot_official/Code/Python/../../OsimModels/TSM_arm_locked.osim
[2023-12-20 12:13:27.868] [info] Updating Model file from 40000 to latest format...
[2023-12-20 12:13:27.872] [info] Loaded model ThoracoscapularShoulderModel-scaled from file /home/itbellix/Desktop/GitHub/PTbot_official/Code/Python/../../OsimModels/TSM_arm_locked.osim
[2023-12-20 12:14:26.619] [info] Updating Model file from 40000 to latest format...
[2023-12-20 12:14:26.623] [info] Loaded model ThoracoscapularShoulderModel-scaled from file /home/itbellix/Desktop/GitHub/PTbot_official/Code/Python/../../OsimModels/TSM_arm_locked.osim
[2023-12-20 12:14:35.810] [info] Updating Model file from 40000 to latest format...
[2023-12-20 12:14:35.814] [info] Loaded model ThoracoscapularShoulderModel-scaled from file /home/itbellix/Desktop/GitHub/PTbot_official/Code/Python/../../OsimModels/TSM_arm_locked.osim
[2023-12-20 12:18:55.335] [info] Updating Model file from 40000 to latest format...
[2023-12-20 12:18:55.338] [info] Loaded model ThoracoscapularShoulderModel-scaled from file /home/itbellix/Desktop/GitHub/PTbot_official/Code/Python/../../OsimModels/TSM_arm_locked.osim
[2023-12-20 12:36:06.319] [info] Updating Model file from 40000 to latest format...
[2023-12-20 12:36:06.323] [info] Loaded model ThoracoscapularShoulderModel-scaled from file /home/itbellix/Desktop/GitHub/PTbot_official/Code/Python/../../OsimModels/TSM_arm_locked.osim
[2023-12-20 14:23:53.820] [info] Updating Model file from 40000 to latest format...
[2023-12-20 14:23:53.824] [info] Loaded model ThoracoscapularShoulderModel-scaled from file /home/itbellix/Desktop/GitHub/PTbot_official/Code/Python/../../OsimModels/TSM_arm_locked.osim
[2024-01-08 14:14:39.348] [info] Updating Model file from 40000 to latest format...
[2024-01-08 14:14:39.352] [info] Loaded model ThoracoscapularShoulderModel-scaled from file /home/itbellix/Desktop/GitHub/PTbot_official/Code/Python/../../OsimModels/TSM_arm_locked.osim
[2024-01-08 14:42:21.192] [info] Updating Model file from 40000 to latest format...
[2024-01-08 14:42:21.195] [info] Loaded model ThoracoscapularShoulderModel-scaled from file /home/itbellix/Desktop/GitHub/PTbot_official/Code/Python/../../OsimModels/TSM_arm_locked.osim
[2024-01-08 14:44:51.364] [info] Updating Model file from 40000 to latest format...
[2024-01-08 14:44:51.368] [info] Loaded model ThoracoscapularShoulderModel-scaled from file /home/itbellix/Desktop/GitHub/PTbot_official/Code/Python/../../OsimModels/TSM_arm_locked.osim
[2024-01-08 14:45:16.162] [info] Updating Model file from 40000 to latest format...
[2024-01-08 14:45:16.166] [info] Loaded model ThoracoscapularShoulderModel-scaled from file /home/itbellix/Desktop/GitHub/PTbot_official/Code/Python/../../OsimModels/TSM_arm_locked.osim
[2024-01-08 15:12:57.757] [info] Updating Model file from 40000 to latest format...
[2024-01-08 15:12:57.761] [info] Loaded model ThoracoscapularShoulderModel-scaled from file /home/itbellix/Desktop/GitHub/PTbot_official/Code/Python/../../OsimModels/TSM_arm_locked.osim
[2024-01-08 15:20:05.856] [info] Updating Model file from 40000 to latest format...
[2024-01-08 15:20:05.860] [info] Loaded model ThoracoscapularShoulderModel-scaled from file /home/itbellix/Desktop/GitHub/PTbot_official/Code/Python/../../OsimModels/TSM_arm_locked.osim
[2024-01-08 15:25:36.980] [info] Updating Model file from 40000 to latest format...
[2024-01-08 15:25:36.984] [info] Loaded model ThoracoscapularShoulderModel-scaled from file /home/itbellix/Desktop/GitHub/PTbot_official/Code/Python/../../OsimModels/TSM_arm_locked.osim
[2024-01-08 15:33:03.940] [info] Updating Model file from 40000 to latest format...
[2024-01-08 15:33:03.944] [info] Loaded model ThoracoscapularShoulderModel-scaled from file /home/itbellix/Desktop/GitHub/PTbot_official/Code/Python/../../OsimModels/TSM_arm_locked.osim
[2024-01-08 15:37:02.882] [info] Updating Model file from 40000 to latest format...
[2024-01-08 15:37:02.886] [info] Loaded model ThoracoscapularShoulderModel-scaled from file /home/itbellix/Desktop/GitHub/PTbot_official/Code/Python/../../OsimModels/TSM_arm_locked.osim
[2024-01-12 10:30:56.162] [info] Updating Model file from 40000 to latest format...
[2024-01-12 10:30:56.166] [info] Loaded model ThoracoscapularShoulderModel-scaled from file /home/itbellix/Desktop/GitHub/PTbot_official/Code/Python/../../OsimModels/TSM_arm_locked.osim
[2024-01-12 10:30:56.169] [info] Loaded model model from file /home/itbellix/Desktop/GitHub/PTbot_official/Code/Python/../../OsimModels/right_arm_GH_noForearm.osim
[2024-01-12 10:35:28.929] [info] Updating Model file from 40000 to latest format...
[2024-01-12 10:35:28.933] [info] Loaded model ThoracoscapularShoulderModel-scaled from file /home/itbellix/Desktop/GitHub/PTbot_official/Code/Python/../../OsimModels/TSM_arm_locked.osim
[2024-01-12 10:35:28.935] [info] Loaded model model from file /home/itbellix/Desktop/GitHub/PTbot_official/Code/Python/../../OsimModels/right_arm_GH_noForearm.osim
[2024-01-12 10:45:18.415] [info] Updating Model file from 40000 to latest format...
[2024-01-12 10:45:18.419] [info] Loaded model ThoracoscapularShoulderModel-scaled from file /home/itbellix/Desktop/GitHub/PTbot_official/Code/Python/../../OsimModels/TSM_arm_locked.osim
[2024-01-12 10:45:18.421] [info] Loaded model model from file /home/itbellix/Desktop/GitHub/PTbot_official/Code/Python/../../OsimModels/right_arm_GH_noForearm.osim
[2024-01-12 10:49:46.306] [info] Updating Model file from 40000 to latest format...
[2024-01-12 10:49:46.310] [info] Loaded model ThoracoscapularShoulderModel-scaled from file /home/itbellix/Desktop/GitHub/PTbot_official/Code/Python/../../OsimModels/TSM_arm_locked.osim
[2024-01-12 10:49:46.312] [info] Loaded model model from file /home/itbellix/Desktop/GitHub/PTbot_official/Code/Python/../../OsimModels/right_arm_GH_noForearm.osim
[2024-01-12 11:07:05.855] [info] Updating Model file from 40000 to latest format...
[2024-01-12 11:07:05.860] [info] Loaded model ThoracoscapularShoulderModel-scaled from file /home/itbellix/Desktop/GitHub/PTbot_official/Code/Python/../../OsimModels/TSM_arm_locked.osim
[2024-01-12 11:07:05.862] [info] Loaded model model from file /home/itbellix/Desktop/GitHub/PTbot_official/Code/Python/../../OsimModels/right_arm_GH_noForearm.osim
[2024-01-12 11:07:05.872] [info] Updating Model file from 40000 to latest format...
[2024-01-12 11:07:05.877] [info] Loaded model ThoracoscapularShoulderModel-scaled from file /home/itbellix/Desktop/GitHub/PTbot_official/Code/Python/../../OsimModels/TSM_arm_locked.osim
[2024-01-12 11:07:05.883] [info] Adding reserve actuators with an optimal force of 1.0...
[2024-01-12 11:07:05.891] [info] Added 3 reserve actuator(s), for each of the following coordinates:
[2024-01-12 11:07:05.891] [info]   /jointset/scapulothoracic/scapula_winging
[2024-01-12 11:07:05.891] [info]   /jointset/GlenoHumeral/plane_elv
[2024-01-12 11:07:05.891] [info]   /jointset/GlenoHumeral/shoulder_elv
[2024-01-12 11:07:05.902] [info] Loaded model Model_simplified_with_full_inertia from file /home/itbellix/Desktop/GitHub/PTbot_official/Code/Python/../../right_arm_GH_noForearm_full.osim
[2024-01-12 11:07:05.904] [info] Adding reserve actuators with an optimal force of 1.0...
[2024-01-12 11:07:05.907] [info] Added 1 reserve actuator(s), for each of the following coordinates:
[2024-01-12 11:07:05.907] [info]   /jointset/GlenoHumeral/axial_rot
[2024-01-12 11:07:05.911] [warning] Coordinate.setValue:  coordinate ground_thorax_rot_x is locked. Unable to change its value.
[2024-01-12 11:07:05.911] [warning] Coordinate.setValue:  coordinate plane_elv is locked. Unable to change its value.
[2024-01-12 11:07:34.063] [info] Updating Model file from 40000 to latest format...
[2024-01-12 11:07:34.066] [info] Loaded model ThoracoscapularShoulderModel-scaled from file /home/itbellix/Desktop/GitHub/PTbot_official/Code/Python/../../OsimModels/TSM_arm_locked.osim
[2024-01-12 11:07:34.068] [info] Loaded model model from file /home/itbellix/Desktop/GitHub/PTbot_official/Code/Python/../../OsimModels/right_arm_GH_noForearm.osim
[2024-01-12 11:07:34.079] [info] Updating Model file from 40000 to latest format...
[2024-01-12 11:07:34.082] [info] Loaded model ThoracoscapularShoulderModel-scaled from file /home/itbellix/Desktop/GitHub/PTbot_official/Code/Python/../../OsimModels/TSM_arm_locked.osim
[2024-01-12 11:07:34.088] [info] Adding reserve actuators with an optimal force of 1.0...
[2024-01-12 11:07:34.096] [info] Added 3 reserve actuator(s), for each of the following coordinates:
[2024-01-12 11:07:34.096] [info]   /jointset/scapulothoracic/scapula_winging
[2024-01-12 11:07:34.096] [info]   /jointset/GlenoHumeral/plane_elv
[2024-01-12 11:07:34.096] [info]   /jointset/GlenoHumeral/shoulder_elv
[2024-01-12 11:07:34.105] [info] Loaded model Model_simplified_with_full_inertia from file /home/itbellix/Desktop/GitHub/PTbot_official/Code/Python/../../right_arm_GH_noForearm_full.osim
[2024-01-12 11:07:34.108] [info] Adding reserve actuators with an optimal force of 1.0...
[2024-01-12 11:07:34.110] [info] Added 1 reserve actuator(s), for each of the following coordinates:
[2024-01-12 11:07:34.110] [info]   /jointset/GlenoHumeral/axial_rot
[2024-01-12 11:07:42.751] [info] Updating Model file from 40000 to latest format...
[2024-01-12 11:07:42.755] [info] Loaded model ThoracoscapularShoulderModel-scaled from file /home/itbellix/Desktop/GitHub/PTbot_official/Code/Python/../../OsimModels/TSM_arm_locked.osim
[2024-01-12 11:07:42.757] [info] Loaded model model from file /home/itbellix/Desktop/GitHub/PTbot_official/Code/Python/../../OsimModels/right_arm_GH_noForearm.osim
[2024-01-12 11:07:48.135] [info] Updating Model file from 40000 to latest format...
[2024-01-12 11:07:48.141] [info] Loaded model ThoracoscapularShoulderModel-scaled from file /home/itbellix/Desktop/GitHub/PTbot_official/Code/Python/../../OsimModels/TSM_arm_locked.osim
[2024-01-12 11:07:48.152] [info] Adding reserve actuators with an optimal force of 1.0...
[2024-01-12 11:07:48.162] [info] Added 3 reserve actuator(s), for each of the following coordinates:
[2024-01-12 11:07:48.162] [info]   /jointset/scapulothoracic/scapula_winging
[2024-01-12 11:07:48.162] [info]   /jointset/GlenoHumeral/plane_elv
[2024-01-12 11:07:48.162] [info]   /jointset/GlenoHumeral/shoulder_elv
[2024-01-12 11:09:10.974] [info] Updating Model file from 40000 to latest format...
[2024-01-12 11:09:10.978] [info] Loaded model ThoracoscapularShoulderModel-scaled from file /home/itbellix/Desktop/GitHub/PTbot_official/Code/Python/../../OsimModels/TSM_arm_locked.osim
[2024-01-12 11:09:10.980] [info] Loaded model model from file /home/itbellix/Desktop/GitHub/PTbot_official/Code/Python/../../OsimModels/right_arm_GH_noForearm.osim
[2024-01-12 11:09:14.484] [info] Updating Model file from 40000 to latest format...
[2024-01-12 11:09:14.493] [info] Loaded model ThoracoscapularShoulderModel-scaled from file /home/itbellix/Desktop/GitHub/PTbot_official/Code/Python/../../OsimModels/TSM_arm_locked.osim
[2024-01-12 11:09:14.500] [info] Adding reserve actuators with an optimal force of 1.0...
[2024-01-12 11:09:14.511] [info] Added 3 reserve actuator(s), for each of the following coordinates:
[2024-01-12 11:09:14.511] [info]   /jointset/GlenoHumeral/plane_elv
[2024-01-12 11:09:14.511] [info]   /jointset/GlenoHumeral/shoulder_elv
[2024-01-12 11:09:14.511] [info]   /jointset/GlenoHumeral/axial_rot
[2024-01-12 11:09:38.164] [info] Loaded model Model_simplified_with_full_inertia from file /home/itbellix/Desktop/GitHub/PTbot_official/Code/Python/../../right_arm_GH_noForearm_full.osim
[2024-01-12 11:09:38.168] [info] Adding reserve actuators with an optimal force of 1.0...
[2024-01-12 11:09:38.172] [info] Added 1 reserve actuator(s), for each of the following coordinates:
[2024-01-12 11:09:38.172] [info]   /jointset/GlenoHumeral/axial_rot
[2024-01-12 11:21:10.044] [info] Updating Model file from 40000 to latest format...
[2024-01-12 11:21:10.048] [info] Loaded model ThoracoscapularShoulderModel-scaled from file /home/itbellix/Desktop/GitHub/PTbot_official/Code/Python/../../OsimModels/TSM_arm_locked.osim
[2024-01-12 11:21:10.050] [info] Loaded model model from file /home/itbellix/Desktop/GitHub/PTbot_official/Code/Python/../../OsimModels/right_arm_GH_noForearm.osim
[2024-01-12 11:21:12.503] [info] Updating Model file from 40000 to latest format...
[2024-01-12 11:21:12.512] [info] Loaded model ThoracoscapularShoulderModel-scaled from file /home/itbellix/Desktop/GitHub/PTbot_official/Code/Python/../../OsimModels/TSM_arm_locked.osim
[2024-01-12 11:21:12.519] [info] Adding reserve actuators with an optimal force of 1.0...
[2024-01-12 11:21:12.526] [info] Added 3 reserve actuator(s), for each of the following coordinates:
[2024-01-12 11:21:12.526] [info]   /jointset/GlenoHumeral/plane_elv
[2024-01-12 11:21:12.526] [info]   /jointset/GlenoHumeral/shoulder_elv
[2024-01-12 11:21:12.526] [info]   /jointset/GlenoHumeral/axial_rot
[2024-01-12 11:21:12.536] [info] Loaded model Model_simplified_with_full_inertia from file /home/itbellix/Desktop/GitHub/PTbot_official/Code/Python/../../right_arm_GH_noForearm_full.osim
[2024-01-12 11:21:12.538] [info] Adding reserve actuators with an optimal force of 1.0...
[2024-01-12 11:21:12.540] [info] Added 1 reserve actuator(s), for each of the following coordinates:
[2024-01-12 11:21:12.540] [info]   /jointset/GlenoHumeral/axial_rot
[2024-01-12 11:21:27.355] [info] Updating Model file from 40000 to latest format...
[2024-01-12 11:21:27.359] [info] Loaded model ThoracoscapularShoulderModel-scaled from file /home/itbellix/Desktop/GitHub/PTbot_official/Code/Python/../../OsimModels/TSM_arm_locked.osim
[2024-01-12 11:21:27.361] [info] Loaded model model from file /home/itbellix/Desktop/GitHub/PTbot_official/Code/Python/../../OsimModels/right_arm_GH_noForearm.osim
[2024-01-12 11:21:27.371] [info] Updating Model file from 40000 to latest format...
[2024-01-12 11:21:27.375] [info] Loaded model ThoracoscapularShoulderModel-scaled from file /home/itbellix/Desktop/GitHub/PTbot_official/Code/Python/../../OsimModels/TSM_arm_locked.osim
[2024-01-12 11:21:27.382] [info] Adding reserve actuators with an optimal force of 1.0...
[2024-01-12 11:21:27.388] [info] Added 3 reserve actuator(s), for each of the following coordinates:
[2024-01-12 11:21:27.388] [info]   /jointset/GlenoHumeral/plane_elv
[2024-01-12 11:21:27.388] [info]   /jointset/GlenoHumeral/shoulder_elv
[2024-01-12 11:21:27.388] [info]   /jointset/GlenoHumeral/axial_rot
[2024-01-12 11:21:27.400] [info] Loaded model Model_simplified_with_full_inertia from file /home/itbellix/Desktop/GitHub/PTbot_official/Code/Python/../../right_arm_GH_noForearm_full.osim
[2024-01-12 11:21:27.402] [info] Adding reserve actuators with an optimal force of 1.0...
[2024-01-12 11:21:27.404] [info] Added 1 reserve actuator(s), for each of the following coordinates:
[2024-01-12 11:21:27.404] [info]   /jointset/GlenoHumeral/axial_rot
[2024-01-12 11:28:01.295] [info] Updating Model file from 40000 to latest format...
[2024-01-12 11:28:01.299] [info] Loaded model ThoracoscapularShoulderModel-scaled from file /home/itbellix/Desktop/GitHub/PTbot_official/Code/Python/../../OsimModels/TSM_arm_locked.osim
[2024-01-12 11:28:01.300] [info] Loaded model model from file /home/itbellix/Desktop/GitHub/PTbot_official/Code/Python/../../OsimModels/right_arm_GH_noForearm.osim
[2024-01-12 11:28:01.312] [info] Updating Model file from 40000 to latest format...
[2024-01-12 11:28:01.316] [info] Loaded model ThoracoscapularShoulderModel-scaled from file /home/itbellix/Desktop/GitHub/PTbot_official/Code/Python/../../OsimModels/TSM_arm_locked.osim
[2024-01-12 11:28:01.323] [info] Adding reserve actuators with an optimal force of 1.0...
[2024-01-12 11:28:01.330] [info] Added 3 reserve actuator(s), for each of the following coordinates:
[2024-01-12 11:28:01.330] [info]   /jointset/GlenoHumeral/plane_elv
[2024-01-12 11:28:01.330] [info]   /jointset/GlenoHumeral/shoulder_elv
[2024-01-12 11:28:01.330] [info]   /jointset/GlenoHumeral/axial_rot
[2024-01-12 11:28:01.339] [info] Loaded model Model_simplified_with_full_inertia from file /home/itbellix/Desktop/GitHub/PTbot_official/Code/Python/../../right_arm_GH_noForearm_full.osim
[2024-01-12 11:28:01.342] [info] Adding reserve actuators with an optimal force of 1.0...
[2024-01-12 11:28:01.344] [info] Added 1 reserve actuator(s), for each of the following coordinates:
[2024-01-12 11:28:01.344] [info]   /jointset/GlenoHumeral/axial_rot
[2024-01-12 11:28:10.146] [info] Updating Model file from 40000 to latest format...
[2024-01-12 11:28:10.149] [info] Loaded model ThoracoscapularShoulderModel-scaled from file /home/itbellix/Desktop/GitHub/PTbot_official/Code/Python/../../OsimModels/TSM_arm_locked.osim
[2024-01-12 11:28:10.152] [info] Loaded model model from file /home/itbellix/Desktop/GitHub/PTbot_official/Code/Python/../../OsimModels/right_arm_GH_noForearm.osim
[2024-01-12 11:28:10.165] [info] Updating Model file from 40000 to latest format...
[2024-01-12 11:28:10.169] [info] Loaded model ThoracoscapularShoulderModel-scaled from file /home/itbellix/Desktop/GitHub/PTbot_official/Code/Python/../../OsimModels/TSM_arm_locked.osim
[2024-01-12 11:28:10.175] [info] Adding reserve actuators with an optimal force of 1.0...
[2024-01-12 11:28:10.182] [info] Added 3 reserve actuator(s), for each of the following coordinates:
[2024-01-12 11:28:10.182] [info]   /jointset/GlenoHumeral/plane_elv
[2024-01-12 11:28:10.182] [info]   /jointset/GlenoHumeral/shoulder_elv
[2024-01-12 11:28:10.182] [info]   /jointset/GlenoHumeral/axial_rot
[2024-01-12 11:28:10.193] [info] Loaded model Model_simplified_with_full_inertia from file /home/itbellix/Desktop/GitHub/PTbot_official/Code/Python/../../right_arm_GH_noForearm_full.osim
[2024-01-12 11:28:10.195] [info] Adding reserve actuators with an optimal force of 1.0...
[2024-01-12 11:28:10.198] [info] Added 1 reserve actuator(s), for each of the following coordinates:
[2024-01-12 11:28:10.198] [info]   /jointset/GlenoHumeral/axial_rot
[2024-01-12 11:28:32.433] [info] Updating Model file from 40000 to latest format...
[2024-01-12 11:28:32.437] [info] Loaded model ThoracoscapularShoulderModel-scaled from file /home/itbellix/Desktop/GitHub/PTbot_official/Code/Python/../../OsimModels/TSM_arm_locked.osim
[2024-01-12 11:28:32.440] [info] Loaded model model from file /home/itbellix/Desktop/GitHub/PTbot_official/Code/Python/../../OsimModels/right_arm_GH_noForearm.osim
[2024-01-12 11:28:32.449] [info] Updating Model file from 40000 to latest format...
[2024-01-12 11:28:32.453] [info] Loaded model ThoracoscapularShoulderModel-scaled from file /home/itbellix/Desktop/GitHub/PTbot_official/Code/Python/../../OsimModels/TSM_arm_locked.osim
[2024-01-12 11:28:32.460] [info] Adding reserve actuators with an optimal force of 1.0...
[2024-01-12 11:28:32.467] [info] Added 3 reserve actuator(s), for each of the following coordinates:
[2024-01-12 11:28:32.467] [info]   /jointset/GlenoHumeral/plane_elv
[2024-01-12 11:28:32.467] [info]   /jointset/GlenoHumeral/shoulder_elv
[2024-01-12 11:28:32.467] [info]   /jointset/GlenoHumeral/axial_rot
[2024-01-12 11:28:32.477] [info] Loaded model Model_simplified_with_full_inertia from file /home/itbellix/Desktop/GitHub/PTbot_official/Code/Python/../../right_arm_GH_noForearm_full.osim
[2024-01-12 11:28:32.479] [info] Adding reserve actuators with an optimal force of 1.0...
[2024-01-12 11:28:32.481] [info] Added 1 reserve actuator(s), for each of the following coordinates:
[2024-01-12 11:28:32.481] [info]   /jointset/GlenoHumeral/axial_rot
[2024-01-12 11:29:55.077] [info] Updating Model file from 40000 to latest format...
[2024-01-12 11:29:55.081] [info] Loaded model ThoracoscapularShoulderModel-scaled from file /home/itbellix/Desktop/GitHub/PTbot_official/Code/Python/../../OsimModels/TSM_arm_locked.osim
[2024-01-12 11:29:55.083] [info] Loaded model model from file /home/itbellix/Desktop/GitHub/PTbot_official/Code/Python/../../OsimModels/right_arm_GH_noForearm.osim
[2024-01-12 11:29:55.093] [info] Updating Model file from 40000 to latest format...
[2024-01-12 11:29:55.097] [info] Loaded model ThoracoscapularShoulderModel-scaled from file /home/itbellix/Desktop/GitHub/PTbot_official/Code/Python/../../OsimModels/TSM_arm_locked.osim
[2024-01-12 11:29:55.102] [info] Adding reserve actuators with an optimal force of 1.0...
[2024-01-12 11:29:55.112] [info] Added 3 reserve actuator(s), for each of the following coordinates:
[2024-01-12 11:29:55.112] [info]   /jointset/GlenoHumeral/plane_elv
[2024-01-12 11:29:55.112] [info]   /jointset/GlenoHumeral/shoulder_elv
[2024-01-12 11:29:55.112] [info]   /jointset/GlenoHumeral/axial_rot
[2024-01-12 11:29:55.122] [info] Loaded model Model_simplified_with_full_inertia from file /home/itbellix/Desktop/GitHub/PTbot_official/Code/Python/../../right_arm_GH_noForearm_full.osim
[2024-01-12 11:29:55.125] [info] Adding reserve actuators with an optimal force of 1.0...
[2024-01-12 11:29:55.127] [info] Added 1 reserve actuator(s), for each of the following coordinates:
[2024-01-12 11:29:55.127] [info]   /jointset/GlenoHumeral/axial_rot
[2024-01-12 11:31:43.099] [info] Updating Model file from 40000 to latest format...
[2024-01-12 11:31:43.103] [info] Loaded model ThoracoscapularShoulderModel-scaled from file /home/itbellix/Desktop/GitHub/PTbot_official/Code/Python/../../OsimModels/TSM_arm_locked.osim
[2024-01-12 11:31:43.106] [info] Loaded model model from file /home/itbellix/Desktop/GitHub/PTbot_official/Code/Python/../../OsimModels/right_arm_GH_noForearm.osim
[2024-01-12 11:31:43.116] [info] Updating Model file from 40000 to latest format...
[2024-01-12 11:31:43.119] [info] Loaded model ThoracoscapularShoulderModel-scaled from file /home/itbellix/Desktop/GitHub/PTbot_official/Code/Python/../../OsimModels/TSM_arm_locked.osim
[2024-01-12 11:31:43.126] [info] Adding reserve actuators with an optimal force of 1.0...
[2024-01-12 11:31:43.133] [info] Added 3 reserve actuator(s), for each of the following coordinates:
[2024-01-12 11:31:43.133] [info]   /jointset/GlenoHumeral/plane_elv
[2024-01-12 11:31:43.133] [info]   /jointset/GlenoHumeral/shoulder_elv
[2024-01-12 11:31:43.133] [info]   /jointset/GlenoHumeral/axial_rot
[2024-01-12 11:31:43.142] [info] Loaded model Model_simplified_with_full_inertia from file /home/itbellix/Desktop/GitHub/PTbot_official/Code/Python/../../right_arm_GH_noForearm_full.osim
[2024-01-12 11:31:43.145] [info] Adding reserve actuators with an optimal force of 1.0...
[2024-01-12 11:31:43.147] [info] Added 1 reserve actuator(s), for each of the following coordinates:
[2024-01-12 11:31:43.147] [info]   /jointset/GlenoHumeral/axial_rot
[2024-01-12 12:03:01.284] [info] Updating Model file from 40000 to latest format...
[2024-01-12 12:03:01.288] [info] Loaded model ThoracoscapularShoulderModel-scaled from file /home/itbellix/Desktop/GitHub/PTbot_official/Code/Python/../../OsimModels/TSM_arm_locked.osim
[2024-01-12 12:03:01.290] [info] Loaded model model from file /home/itbellix/Desktop/GitHub/PTbot_official/Code/Python/../../OsimModels/right_arm_GH_noForearm.osim
[2024-01-12 12:03:01.300] [info] Updating Model file from 40000 to latest format...
[2024-01-12 12:03:01.305] [info] Loaded model ThoracoscapularShoulderModel-scaled from file /home/itbellix/Desktop/GitHub/PTbot_official/Code/Python/../../OsimModels/TSM_arm_locked.osim
[2024-01-12 12:03:01.311] [info] Adding reserve actuators with an optimal force of 1.0...
[2024-01-12 12:03:01.319] [info] Added 3 reserve actuator(s), for each of the following coordinates:
[2024-01-12 12:03:01.319] [info]   /jointset/GlenoHumeral/plane_elv
[2024-01-12 12:03:01.319] [info]   /jointset/GlenoHumeral/shoulder_elv
[2024-01-12 12:03:01.319] [info]   /jointset/GlenoHumeral/axial_rot
[2024-01-12 12:03:01.330] [info] Loaded model Model_simplified_with_full_inertia from file /home/itbellix/Desktop/GitHub/PTbot_official/Code/Python/../../right_arm_GH_noForearm_full.osim
[2024-01-12 12:03:01.332] [info] Adding reserve actuators with an optimal force of 1.0...
[2024-01-12 12:03:01.336] [info] Added 1 reserve actuator(s), for each of the following coordinates:
[2024-01-12 12:03:01.336] [info]   /jointset/GlenoHumeral/axial_rot
[2024-01-12 12:04:01.105] [info] Updating Model file from 40000 to latest format...
[2024-01-12 12:04:01.109] [info] Loaded model ThoracoscapularShoulderModel-scaled from file /home/itbellix/Desktop/GitHub/PTbot_official/Code/Python/../../OsimModels/TSM_arm_locked.osim
[2024-01-12 12:04:01.111] [info] Loaded model model from file /home/itbellix/Desktop/GitHub/PTbot_official/Code/Python/../../OsimModels/right_arm_GH_noForearm.osim
[2024-01-12 12:04:01.121] [info] Updating Model file from 40000 to latest format...
[2024-01-12 12:04:01.125] [info] Loaded model ThoracoscapularShoulderModel-scaled from file /home/itbellix/Desktop/GitHub/PTbot_official/Code/Python/../../OsimModels/TSM_arm_locked.osim
[2024-01-12 12:04:01.131] [info] Adding reserve actuators with an optimal force of 1.0...
[2024-01-12 12:04:01.139] [info] Added 3 reserve actuator(s), for each of the following coordinates:
[2024-01-12 12:04:01.139] [info]   /jointset/GlenoHumeral/plane_elv
[2024-01-12 12:04:01.139] [info]   /jointset/GlenoHumeral/shoulder_elv
[2024-01-12 12:04:01.139] [info]   /jointset/GlenoHumeral/axial_rot
[2024-01-12 12:04:01.149] [info] Loaded model Model_simplified_with_full_inertia from file /home/itbellix/Desktop/GitHub/PTbot_official/Code/Python/../../right_arm_GH_noForearm_full.osim
[2024-01-12 12:04:01.152] [info] Adding reserve actuators with an optimal force of 1.0...
[2024-01-12 12:04:01.154] [info] Added 1 reserve actuator(s), for each of the following coordinates:
[2024-01-12 12:04:01.154] [info]   /jointset/GlenoHumeral/axial_rot
[2024-01-12 13:11:23.862] [info] Updating Model file from 40000 to latest format...
[2024-01-12 13:11:23.866] [info] Loaded model ThoracoscapularShoulderModel-scaled from file /home/itbellix/Desktop/GitHub/PTbot_official/Code/Python/../../OsimModels/TSM_arm_locked.osim
[2024-01-12 13:11:23.868] [info] Loaded model model from file /home/itbellix/Desktop/GitHub/PTbot_official/Code/Python/../../OsimModels/right_arm_GH_noForearm.osim
[2024-01-12 13:11:23.877] [info] Updating Model file from 40000 to latest format...
[2024-01-12 13:11:23.881] [info] Loaded model ThoracoscapularShoulderModel-scaled from file /home/itbellix/Desktop/GitHub/PTbot_official/Code/Python/../../OsimModels/TSM_arm_locked.osim
[2024-01-12 13:11:23.890] [info] Adding reserve actuators with an optimal force of 1.0...
[2024-01-12 13:11:23.897] [info] Added 3 reserve actuator(s), for each of the following coordinates:
[2024-01-12 13:11:23.897] [info]   /jointset/GlenoHumeral/plane_elv
[2024-01-12 13:11:23.897] [info]   /jointset/GlenoHumeral/shoulder_elv
[2024-01-12 13:11:23.897] [info]   /jointset/GlenoHumeral/axial_rot
[2024-01-12 13:11:23.909] [info] Loaded model Model_simplified_with_full_inertia from file /home/itbellix/Desktop/GitHub/PTbot_official/Code/Python/../../right_arm_GH_noForearm_full.osim
[2024-01-12 13:11:23.911] [info] Adding reserve actuators with an optimal force of 1.0...
[2024-01-12 13:11:23.913] [info] Added 1 reserve actuator(s), for each of the following coordinates:
[2024-01-12 13:11:23.913] [info]   /jointset/GlenoHumeral/axial_rot
[2024-01-12 13:19:30.318] [info] Updating Model file from 40000 to latest format...
[2024-01-12 13:19:30.321] [info] Loaded model ThoracoscapularShoulderModel-scaled from file /home/itbellix/Desktop/GitHub/PTbot_official/Code/Python/../../OsimModels/TSM_arm_locked.osim
[2024-01-12 13:19:30.323] [info] Loaded model model from file /home/itbellix/Desktop/GitHub/PTbot_official/Code/Python/../../OsimModels/right_arm_GH_noForearm.osim
[2024-01-12 14:20:43.742] [info] Updating Model file from 40000 to latest format...
[2024-01-12 14:20:43.746] [info] Loaded model ThoracoscapularShoulderModel-scaled from file /home/itbellix/Desktop/GitHub/PTbot_official/Code/Python/../../OsimModels/TSM_arm_locked.osim
[2024-01-12 14:20:43.748] [info] Loaded model model from file /home/itbellix/Desktop/GitHub/PTbot_official/Code/Python/../../OsimModels/right_arm_GH_noForearm.osim
[2024-01-12 14:36:38.802] [info] Updating Model file from 40000 to latest format...
[2024-01-12 14:36:38.805] [info] Loaded model ThoracoscapularShoulderModel-scaled from file /home/itbellix/Desktop/GitHub/PTbot_official/Code/Python/../../OsimModels/TSM_arm_locked.osim
[2024-01-12 14:36:38.807] [info] Loaded model model from file /home/itbellix/Desktop/GitHub/PTbot_official/Code/Python/../../OsimModels/right_arm_GH_noForearm.osim
[2024-01-12 14:37:47.052] [info] Updating Model file from 40000 to latest format...
[2024-01-12 14:37:47.057] [info] Loaded model ThoracoscapularShoulderModel-scaled from file /home/itbellix/Desktop/GitHub/PTbot_official/Code/Python/../../OsimModels/TSM_arm_locked.osim
[2024-01-12 14:37:47.060] [info] Loaded model model from file /home/itbellix/Desktop/GitHub/PTbot_official/Code/Python/../../OsimModels/right_arm_GH_noForearm.osim
[2024-03-06 14:30:25.564] [info] Updating Model file from 40000 to latest format...
[2024-03-06 14:30:25.578] [info] Loaded model ThoracoscapularShoulderModel-scaled from file /home/itbellix/Desktop/GitHub/PTbot_official/Code/Python/../../OsimModels/TSM_arm_locked.osim
[2024-03-06 14:30:25.585] [info] Updating Model file from 40000 to latest format...
[2024-03-06 14:30:25.599] [info] Loaded model ThoracoscapularShoulderModel-scaled from file /home/itbellix/Desktop/GitHub/PTbot_official/Code/Python/../../OsimModels/TSM_arm_locked.osim
[2024-03-06 14:33:29.109] [info] Updating Model file from 40000 to latest format...
[2024-03-06 14:33:29.121] [info] Loaded model ThoracoscapularShoulderModel-scaled from file /home/itbellix/Desktop/GitHub/PTbot_official/Code/Python/../../OsimModels/TSM_arm_locked.osim
[2024-03-06 14:33:29.129] [info] Updating Model file from 40000 to latest format...
[2024-03-06 14:33:29.141] [info] Loaded model ThoracoscapularShoulderModel-scaled from file /home/itbellix/Desktop/GitHub/PTbot_official/Code/Python/../../OsimModels/TSM_arm_locked.osim
[2024-03-06 14:37:01.105] [info] Updating Model file from 40000 to latest format...
[2024-03-06 14:37:01.113] [info] Loaded model ThoracoscapularShoulderModel-scaled from file /home/itbellix/Desktop/GitHub/PTbot_official/Code/Python/../../OsimModels/TSM_arm_locked.osim
[2024-03-06 14:37:01.117] [info] Updating Model file from 40000 to latest format...
[2024-03-06 14:37:01.124] [info] Loaded model ThoracoscapularShoulderModel-scaled from file /home/itbellix/Desktop/GitHub/PTbot_official/Code/Python/../../OsimModels/TSM_arm_locked.osim
[2024-03-06 14:37:21.998] [info] Updating Model file from 40000 to latest format...
[2024-03-06 14:37:22.010] [info] Loaded model ThoracoscapularShoulderModel-scaled from file /home/itbellix/Desktop/GitHub/PTbot_official/Code/Python/../../OsimModels/TSM_arm_locked.osim
[2024-03-06 14:37:22.017] [info] Updating Model file from 40000 to latest format...
[2024-03-06 14:37:22.031] [info] Loaded model ThoracoscapularShoulderModel-scaled from file /home/itbellix/Desktop/GitHub/PTbot_official/Code/Python/../../OsimModels/TSM_arm_locked.osim
[2024-03-06 14:42:28.166] [info] Updating Model file from 40000 to latest format...
[2024-03-06 14:42:28.179] [info] Loaded model ThoracoscapularShoulderModel-scaled from file /home/itbellix/Desktop/GitHub/PTbot_official/Code/Python/../../OsimModels/TSM_arm_locked.osim
[2024-03-06 14:42:28.186] [info] Updating Model file from 40000 to latest format...
[2024-03-06 14:42:28.199] [info] Loaded model ThoracoscapularShoulderModel-scaled from file /home/itbellix/Desktop/GitHub/PTbot_official/Code/Python/../../OsimModels/TSM_arm_locked.osim
[2024-03-06 14:47:26.533] [info] Updating Model file from 40000 to latest format...
[2024-03-06 14:47:26.547] [info] Loaded model ThoracoscapularShoulderModel-scaled from file /home/itbellix/Desktop/GitHub/PTbot_official/Code/Python/../../OsimModels/TSM_arm_locked.osim
[2024-03-06 14:47:26.553] [info] Updating Model file from 40000 to latest format...
[2024-03-06 14:47:26.566] [info] Loaded model ThoracoscapularShoulderModel-scaled from file /home/itbellix/Desktop/GitHub/PTbot_official/Code/Python/../../OsimModels/TSM_arm_locked.osim
[2024-03-06 14:54:33.712] [info] Updating Model file from 40000 to latest format...
[2024-03-06 14:54:33.725] [info] Loaded model ThoracoscapularShoulderModel-scaled from file /home/itbellix/Desktop/GitHub/PTbot_official/Code/Python/../../OsimModels/TSM_arm_locked.osim
[2024-03-06 14:54:33.732] [info] Updating Model file from 40000 to latest format...
[2024-03-06 14:54:33.745] [info] Loaded model ThoracoscapularShoulderModel-scaled from file /home/itbellix/Desktop/GitHub/PTbot_official/Code/Python/../../OsimModels/TSM_arm_locked.osim
[2024-03-06 16:46:22.424] [info] Updating Model file from 40000 to latest format...
[2024-03-06 16:46:22.436] [info] Loaded model ThoracoscapularShoulderModel-scaled from file /home/itbellix/Desktop/GitHub/PTbot_official/Code/Python/../../OsimModels/TSM_arm_locked.osim
[2024-03-06 16:46:22.442] [info] Updating Model file from 40000 to latest format...
[2024-03-06 16:46:22.455] [info] Loaded model ThoracoscapularShoulderModel-scaled from file /home/itbellix/Desktop/GitHub/PTbot_official/Code/Python/../../OsimModels/TSM_arm_locked.osim
[2024-03-06 16:54:54.684] [info] Updating Model file from 40000 to latest format...
[2024-03-06 16:54:54.696] [info] Loaded model ThoracoscapularShoulderModel-scaled from file /home/itbellix/Desktop/GitHub/PTbot_official/Code/Python/../../OsimModels/TSM_arm_locked.osim
[2024-03-06 16:54:54.703] [info] Updating Model file from 40000 to latest format...
[2024-03-06 16:54:54.716] [info] Loaded model ThoracoscapularShoulderModel-scaled from file /home/itbellix/Desktop/GitHub/PTbot_official/Code/Python/../../OsimModels/TSM_arm_locked.osim
[2024-05-02 18:37:11.671] [info] Updating Model file from 40000 to latest format...
[2024-05-02 18:37:11.679] [info] Loaded model personalized_arm_model from file /home/itbellix/Desktop/GitHub/PTbot_official/Code/Python/../../OsimModels/right_arm_GH_full_scaled.osim
[2024-05-02 18:43:16.730] [info] Updating Model file from 40000 to latest format...
[2024-05-02 18:43:16.736] [info] Loaded model personalized_arm_model from file /home/itbellix/Desktop/GitHub/PTbot_official/Code/Python/../../OsimModels/right_arm_GH_full_scaled.osim
[2024-05-02 18:45:31.184] [info] Updating Model file from 40000 to latest format...
[2024-05-02 18:45:31.189] [info] Loaded model personalized_arm_model from file /home/itbellix/Desktop/GitHub/PTbot_official/Code/Python/../../OsimModels/right_arm_GH_full_scaled.osim
[2024-05-15 13:50:36.853] [info] Updating Model file from 40000 to latest format...
[2024-05-15 13:50:36.858] [info] Loaded model model-scaled-preserve-mass from file /home/itbellix/Desktop/GitHub/PTbot_official/Code/Python/../../OsimModels/right_arm_GH_full_scaled_preservingMass.osim
[2024-05-15 13:52:16.870] [info] Updating Model file from 40000 to latest format...
[2024-05-15 13:52:16.875] [info] Loaded model model-scaled-preserve-mass from file /home/itbellix/Desktop/GitHub/PTbot_official/Code/Python/../../OsimModels/right_arm_GH_full_scaled_preservingMass.osim
[2024-05-15 13:53:25.870] [info] Updating Model file from 40000 to latest format...
[2024-05-15 13:53:25.875] [info] Loaded model model-scaled-preserve-mass from file /home/itbellix/Desktop/GitHub/PTbot_official/Code/Python/../../OsimModels/right_arm_GH_full_scaled_preservingMass.osim
[2024-05-15 13:54:08.008] [info] Updating Model file from 40000 to latest format...
[2024-05-15 13:54:08.014] [info] Loaded model model-scaled-preserve-mass from file /home/itbellix/Desktop/GitHub/PTbot_official/Code/Python/../../OsimModels/right_arm_GH_full_scaled_preservingMass.osim
[2024-05-15 13:54:35.768] [info] Updating Model file from 40000 to latest format...
[2024-05-15 13:54:35.773] [info] Loaded model model-scaled-preserve-mass from file /home/itbellix/Desktop/GitHub/PTbot_official/Code/Python/../../OsimModels/right_arm_GH_full_scaled_preservingMass.osim
[2024-05-15 13:55:19.521] [info] Updating Model file from 40000 to latest format...
[2024-05-15 13:55:19.526] [info] Loaded model model-scaled-preserve-mass from file /home/itbellix/Desktop/GitHub/PTbot_official/Code/Python/../../OsimModels/right_arm_GH_full_scaled_preservingMass.osim
[2024-05-15 13:59:08.771] [info] Updating Model file from 40000 to latest format...
[2024-05-15 13:59:08.778] [info] Loaded model model-scaled-preserve-mass from file /home/itbellix/Desktop/GitHub/PTbot_official/Code/Python/../../OsimModels/right_arm_GH_full_scaled_preservingMass.osim
[2024-05-15 13:59:46.736] [info] Updating Model file from 40000 to latest format...
[2024-05-15 13:59:46.741] [info] Loaded model model-scaled-preserve-mass from file /home/itbellix/Desktop/GitHub/PTbot_official/Code/Python/../../OsimModels/right_arm_GH_full_scaled_preservingMass.osim
[2024-06-06 16:38:22.592] [info] Updating Model file from 40000 to latest format...
[2024-06-06 16:38:22.599] [info] Loaded model model-scaled-preserve-mass from file /home/itbellix/Desktop/GitHub/PTbot_official/Code/Python/../../OsimModels/right_arm_GH_full_scaled_preservingMass.osim
[2024-06-11 09:32:21.304] [info] Updating Model file from 40000 to latest format...
[2024-06-11 09:32:21.314] [info] Loaded model model-scaled-preserve-mass from file /home/itbellix/Desktop/GitHub/PTbot_official/Code/Python/../../OsimModels/right_arm_GH_full_scaled_preservingMass.osim
[2024-06-11 09:32:59.201] [info] Updating Model file from 40000 to latest format...
[2024-06-11 09:32:59.213] [info] Loaded model model-scaled-preserve-mass from file /home/itbellix/Desktop/GitHub/PTbot_official/Code/Python/../../OsimModels/right_arm_GH_full_scaled_preservingMass.osim
[2024-06-11 09:37:36.684] [info] Updating Model file from 40000 to latest format...
[2024-06-11 09:37:36.695] [info] Loaded model model-scaled-preserve-mass from file /home/itbellix/Desktop/GitHub/PTbot_official/Code/Python/../../OsimModels/right_arm_GH_full_scaled_preservingMass.osim
[2024-06-11 09:43:07.723] [info] Updating Model file from 40000 to latest format...
[2024-06-11 09:43:07.733] [info] Loaded model model-scaled-preserve-mass from file /home/itbellix/Desktop/GitHub/PTbot_official/Code/Python/../../OsimModels/right_arm_GH_full_scaled_preservingMass.osim
[2024-06-11 09:46:29.516] [info] Updating Model file from 40000 to latest format...
[2024-06-11 09:46:29.524] [info] Loaded model model-scaled-preserve-mass from file /home/itbellix/Desktop/GitHub/PTbot_official/Code/Python/../../OsimModels/right_arm_GH_full_scaled_preservingMass.osim
[2024-06-11 09:52:43.744] [info] Updating Model file from 40000 to latest format...
[2024-06-11 09:52:43.752] [info] Loaded model model-scaled-preserve-mass from file /home/itbellix/Desktop/GitHub/PTbot_official/Code/Python/../../OsimModels/right_arm_GH_full_scaled_preservingMass.osim
[2024-06-11 09:57:02.176] [info] Updating Model file from 40000 to latest format...
[2024-06-11 09:57:02.184] [info] Loaded model model-scaled-preserve-mass from file /home/itbellix/Desktop/GitHub/PTbot_official/Code/Python/../../OsimModels/right_arm_GH_full_scaled_preservingMass.osim
[2024-06-11 10:01:29.048] [info] Updating Model file from 40000 to latest format...
[2024-06-11 10:01:29.059] [info] Loaded model model-scaled-preserve-mass from file /home/itbellix/Desktop/GitHub/PTbot_official/Code/Python/../../OsimModels/right_arm_GH_full_scaled_preservingMass.osim
[2024-06-11 10:04:51.060] [info] Updating Model file from 40000 to latest format...
[2024-06-11 10:04:51.066] [info] Loaded model model-scaled-preserve-mass from file /home/itbellix/Desktop/GitHub/PTbot_official/Code/Python/../../OsimModels/right_arm_GH_full_scaled_preservingMass.osim
[2024-06-11 10:07:51.028] [info] Updating Model file from 40000 to latest format...
[2024-06-11 10:07:51.038] [info] Loaded model model-scaled-preserve-mass from file /home/itbellix/Desktop/GitHub/PTbot_official/Code/Python/../../OsimModels/right_arm_GH_full_scaled_preservingMass.osim
[2024-06-11 10:15:08.253] [info] Updating Model file from 40000 to latest format...
[2024-06-11 10:15:08.263] [info] Loaded model model-scaled-preserve-mass from file /home/itbellix/Desktop/GitHub/PTbot_official/Code/Python/../../OsimModels/right_arm_GH_full_scaled_preservingMass.osim
[2024-06-11 10:18:52.047] [info] Updating Model file from 40000 to latest format...
[2024-06-11 10:18:52.054] [info] Loaded model model-scaled-preserve-mass from file /home/itbellix/Desktop/GitHub/PTbot_official/Code/Python/../../OsimModels/right_arm_GH_full_scaled_preservingMass.osim
[2024-06-11 10:21:04.764] [info] Updating Model file from 40000 to latest format...
[2024-06-11 10:21:04.773] [info] Loaded model model-scaled-preserve-mass from file /home/itbellix/Desktop/GitHub/PTbot_official/Code/Python/../../OsimModels/right_arm_GH_full_scaled_preservingMass.osim
[2024-06-11 10:23:37.212] [info] Updating Model file from 40000 to latest format...
[2024-06-11 10:23:37.222] [info] Loaded model model-scaled-preserve-mass from file /home/itbellix/Desktop/GitHub/PTbot_official/Code/Python/../../OsimModels/right_arm_GH_full_scaled_preservingMass.osim
[2024-06-11 10:25:26.614] [info] Updating Model file from 40000 to latest format...
[2024-06-11 10:25:26.624] [info] Loaded model model-scaled-preserve-mass from file /home/itbellix/Desktop/GitHub/PTbot_official/Code/Python/../../OsimModels/right_arm_GH_full_scaled_preservingMass.osim
[2024-06-11 10:28:01.699] [info] Updating Model file from 40000 to latest format...
[2024-06-11 10:28:01.707] [info] Loaded model model-scaled-preserve-mass from file /home/itbellix/Desktop/GitHub/PTbot_official/Code/Python/../../OsimModels/right_arm_GH_full_scaled_preservingMass.osim
[2024-06-11 10:30:31.551] [info] Updating Model file from 40000 to latest format...
[2024-06-11 10:30:31.561] [info] Loaded model model-scaled-preserve-mass from file /home/itbellix/Desktop/GitHub/PTbot_official/Code/Python/../../OsimModels/right_arm_GH_full_scaled_preservingMass.osim
[2024-06-12 13:54:15.341] [info] Updating Model file from 40000 to latest format...
[2024-06-12 13:54:15.348] [info] Loaded model model-scaled-preserve-mass from file /home/itbellix/Desktop/GitHub/PTbot_official/Code/Python/../../OsimModels/right_arm_GH_full_scaled_preservingMass.osim
[2024-06-12 13:55:24.516] [info] Updating Model file from 40000 to latest format...
[2024-06-12 13:55:24.521] [info] Loaded model model-scaled-preserve-mass from file /home/itbellix/Desktop/GitHub/PTbot_official/Code/Python/../../OsimModels/right_arm_GH_full_scaled_preservingMass.osim
[2024-06-13 14:24:02.204] [info] Updating Model file from 40000 to latest format...
[2024-06-13 14:24:02.210] [info] Loaded model model-scaled-preserve-mass from file /home/itbellix/Desktop/GitHub/PTbot_official/Code/Python/../../OsimModels/right_arm_GH_full_scaled_preservingMass.osim
[2024-06-13 14:27:27.034] [info] Updating Model file from 40000 to latest format...
[2024-06-13 14:27:27.040] [info] Loaded model model-scaled-preserve-mass from file /home/itbellix/Desktop/GitHub/PTbot_official/Code/Python/../../OsimModels/right_arm_GH_full_scaled_preservingMass.osim
[2024-06-13 14:30:14.354] [info] Updating Model file from 40000 to latest format...
[2024-06-13 14:30:14.360] [info] Loaded model model-scaled-preserve-mass from file /home/itbellix/Desktop/GitHub/PTbot_official/Code/Python/../../OsimModels/right_arm_GH_full_scaled_preservingMass.osim
[2024-06-13 14:34:15.242] [info] Updating Model file from 40000 to latest format...
[2024-06-13 14:34:15.248] [info] Loaded model model-scaled-preserve-mass from file /home/itbellix/Desktop/GitHub/PTbot_official/Code/Python/../../OsimModels/right_arm_GH_full_scaled_preservingMass.osim
[2024-06-13 14:37:09.382] [info] Updating Model file from 40000 to latest format...
[2024-06-13 14:37:09.389] [info] Loaded model model-scaled-preserve-mass from file /home/itbellix/Desktop/GitHub/PTbot_official/Code/Python/../../OsimModels/right_arm_GH_full_scaled_preservingMass.osim
[2024-06-13 16:56:11.277] [info] Updating Model file from 40000 to latest format...
[2024-06-13 16:56:11.279] [info] Loaded model model-scaled-preserve-mass from file /home/itbellix/Desktop/GitHub/PTbot_official/Code/Python/../../OsimModels/right_arm_GH_full_scaled_preservingMass.osim
[2024-06-13 17:11:28.172] [info] Updating Model file from 40000 to latest format...
[2024-06-13 17:11:28.177] [info] Loaded model model-scaled-preserve-mass from file /home/itbellix/Desktop/GitHub/PTbot_official/Code/Python/../../OsimModels/right_arm_GH_full_scaled_preservingMass.osim
[2024-06-13 17:12:55.883] [info] Updating Model file from 40000 to latest format...
[2024-06-13 17:12:55.889] [info] Loaded model model-scaled-preserve-mass from file /home/itbellix/Desktop/GitHub/PTbot_official/Code/Python/../../OsimModels/right_arm_GH_full_scaled_preservingMass.osim
[2024-06-13 17:16:09.891] [info] Updating Model file from 40000 to latest format...
[2024-06-13 17:16:09.896] [info] Loaded model model-scaled-preserve-mass from file /home/itbellix/Desktop/GitHub/PTbot_official/Code/Python/../../OsimModels/right_arm_GH_full_scaled_preservingMass.osim
[2024-06-13 17:17:50.085] [info] Updating Model file from 40000 to latest format...
[2024-06-13 17:17:50.087] [info] Loaded model model-scaled-preserve-mass from file /home/itbellix/Desktop/GitHub/PTbot_official/Code/Python/../../OsimModels/right_arm_GH_full_scaled_preservingMass.osim
[2024-06-13 17:44:52.270] [info] Updating Model file from 40000 to latest format...
[2024-06-13 17:44:52.275] [info] Loaded model model-scaled-preserve-mass from file /home/itbellix/Desktop/GitHub/PTbot_official/Code/Python/../../OsimModels/right_arm_GH_full_scaled_preservingMass.osim
[2024-06-13 17:45:12.783] [info] Updating Model file from 40000 to latest format...
[2024-06-13 17:45:12.789] [info] Loaded model model-scaled-preserve-mass from file /home/itbellix/Desktop/GitHub/PTbot_official/Code/Python/../../OsimModels/right_arm_GH_full_scaled_preservingMass.osim
[2024-06-13 17:46:33.206] [info] Updating Model file from 40000 to latest format...
[2024-06-13 17:46:33.208] [info] Loaded model model-scaled-preserve-mass from file /home/itbellix/Desktop/GitHub/PTbot_official/Code/Python/../../OsimModels/right_arm_GH_full_scaled_preservingMass.osim
[2024-06-20 09:39:17.286] [info] Updating Model file from 40000 to latest format...
[2024-06-20 09:39:17.291] [info] Loaded model model-scaled-preserve-mass from file /home/itbellix/Desktop/GitHub/PTbot_official/Code/Python/../../OsimModels/right_arm_GH_full_scaled_preservingMass.osim
[2024-06-20 09:40:41.057] [info] Updating Model file from 40000 to latest format...
[2024-06-20 09:40:41.062] [info] Loaded model model-scaled-preserve-mass from file /home/itbellix/Desktop/GitHub/PTbot_official/Code/Python/../../OsimModels/right_arm_GH_full_scaled_preservingMass.osim
[2024-06-20 09:42:22.453] [info] Updating Model file from 40000 to latest format...
[2024-06-20 09:42:22.458] [info] Loaded model model-scaled-preserve-mass from file /home/itbellix/Desktop/GitHub/PTbot_official/Code/Python/../../OsimModels/right_arm_GH_full_scaled_preservingMass.osim
[2024-06-20 09:43:01.621] [info] Updating Model file from 40000 to latest format...
[2024-06-20 09:43:01.626] [info] Loaded model model-scaled-preserve-mass from file /home/itbellix/Desktop/GitHub/PTbot_official/Code/Python/../../OsimModels/right_arm_GH_full_scaled_preservingMass.osim
[2024-06-20 09:45:48.759] [info] Updating Model file from 40000 to latest format...
[2024-06-20 09:45:48.763] [info] Loaded model model-scaled-preserve-mass from file /home/itbellix/Desktop/GitHub/PTbot_official/Code/Python/../../OsimModels/right_arm_GH_full_scaled_preservingMass.osim
[2024-06-20 09:48:04.632] [info] Updating Model file from 40000 to latest format...
[2024-06-20 09:48:04.637] [info] Loaded model model-scaled-preserve-mass from file /home/itbellix/Desktop/GitHub/PTbot_official/Code/Python/../../OsimModels/right_arm_GH_full_scaled_preservingMass.osim
[2024-06-26 13:21:33.352] [info] Updating Model file from 40000 to latest format...
[2024-06-26 13:21:33.359] [info] Loaded model model-scaled-preserve-mass from file /home/itbellix/Desktop/GitHub/PTbot_official/Code/Python/../../OsimModels/right_arm_GH_full_scaled_preservingMass.osim
[2024-07-11 16:04:08.389] [info] Updating Model file from 40000 to latest format...
[2024-07-11 16:04:08.395] [info] Loaded model model-scaled-preserve-mass from file /home/itbellix/Desktop/GitHub/PTbot_official/Code/Python/../../OsimModels/right_arm_GH_full_scaled_preservingMass.osim
[2024-07-11 16:13:54.732] [info] Updating Model file from 40000 to latest format...
[2024-07-11 16:13:54.737] [info] Loaded model model-scaled-preserve-mass from file /home/itbellix/Desktop/GitHub/PTbot_official/Code/Python/../../OsimModels/right_arm_GH_full_scaled_preservingMass.osim
[2024-07-12 12:14:41.634] [info] Updating Model file from 40000 to latest format...
[2024-07-12 12:14:41.639] [info] Loaded model model-scaled-preserve-mass from file /home/itbellix/Desktop/GitHub/PTbot_official/Code/Python/../../OsimModels/right_arm_GH_full_scaled_preservingMass.osim
[2024-07-12 14:27:45.757] [info] Updating Model file from 40000 to latest format...
[2024-07-12 14:27:45.763] [info] Loaded model model-scaled-preserve-mass from file /home/itbellix/Desktop/GitHub/PTbot_official/Code/Python/../../OsimModels/right_arm_GH_full_scaled_preservingMass.osim
[2024-07-12 14:34:47.910] [info] Updating Model file from 40000 to latest format...
[2024-07-12 14:34:47.917] [info] Loaded model model-scaled-preserve-mass from file /home/itbellix/Desktop/GitHub/PTbot_official/Code/Python/../../OsimModels/right_arm_GH_full_scaled_preservingMass.osim
[2024-07-12 14:49:48.511] [info] Updating Model file from 40000 to latest format...
[2024-07-12 14:49:48.515] [info] Loaded model model-scaled-preserve-mass from file /home/itbellix/Desktop/GitHub/PTbot_official/Code/Python/../../OsimModels/right_arm_GH_full_scaled_preservingMass.osim
[2024-08-12 09:17:39.373] [info] Updating Model file from 40000 to latest format...
[2024-08-12 09:17:39.378] [info] Loaded model model-scaled-preserve-mass from file /home/itbellix/Desktop/GitHub/PTbot_official/Code/Python/../../Musculoskeletal Models/right_arm_GH_full_scaled_preservingMass.osim
[2024-08-12 09:19:38.420] [info] Updating Model file from 40000 to latest format...
[2024-08-12 09:19:38.424] [info] Loaded model model-scaled-preserve-mass from file /home/itbellix/Desktop/GitHub/PTbot_official/Code/Python/../../Musculoskeletal Models/right_arm_GH_full_scaled_preservingMass.osim
[2024-08-12 09:24:46.922] [info] Updating Model file from 40000 to latest format...
[2024-08-12 09:24:46.927] [info] Loaded model model-scaled-preserve-mass from file /home/itbellix/Desktop/GitHub/PTbot_official/Code/Python/../../Musculoskeletal Models/right_arm_GH_full_scaled_preservingMass.osim
[2024-08-12 09:26:30.212] [info] Updating Model file from 40000 to latest format...
[2024-08-12 09:26:30.218] [info] Loaded model model-scaled-preserve-mass from file /home/itbellix/Desktop/GitHub/PTbot_official/Code/Python/../../Musculoskeletal Models/right_arm_GH_full_scaled_preservingMass.osim
[2024-08-12 09:28:26.045] [info] Updating Model file from 40000 to latest format...
[2024-08-12 09:28:26.049] [info] Loaded model model-scaled-preserve-mass from file /home/itbellix/Desktop/GitHub/PTbot_official/Code/Python/../../Musculoskeletal Models/right_arm_GH_full_scaled_preservingMass.osim
